c:\users\taz-e\desktop\src_code\source-sdk-2013-template-master\mp\src\game\client\release_mod_sdk\client.pch
c:\users\taz-e\desktop\src_code\source-sdk-2013-template-master\mp\src\game\client\release_mod_sdk\vc120.pdb
c:\users\taz-e\desktop\src_code\source-sdk-2013-template-master\mp\src\game\client\release_mod_sdk\stdafx.obj
c:\users\taz-e\desktop\src_code\source-sdk-2013-template-master\mp\src\game\client\release_mod_sdk\cdll_replay.obj
c:\users\taz-e\desktop\src_code\source-sdk-2013-template-master\mp\src\game\client\release_mod_sdk\achievement_saverestore.obj
c:\users\taz-e\desktop\src_code\source-sdk-2013-template-master\mp\src\game\client\release_mod_sdk\activitylist.obj
c:\users\taz-e\desktop\src_code\source-sdk-2013-template-master\mp\src\game\client\release_mod_sdk\alphamaterialproxy.obj
c:\users\taz-e\desktop\src_code\source-sdk-2013-template-master\mp\src\game\client\release_mod_sdk\ammodef.obj
c:\users\taz-e\desktop\src_code\source-sdk-2013-template-master\mp\src\game\client\release_mod_sdk\animatedentitytextureproxy.obj
c:\users\taz-e\desktop\src_code\source-sdk-2013-template-master\mp\src\game\client\release_mod_sdk\animatedoffsettextureproxy.obj
c:\users\taz-e\desktop\src_code\source-sdk-2013-template-master\mp\src\game\client\release_mod_sdk\animatedtextureproxy.obj
c:\users\taz-e\desktop\src_code\source-sdk-2013-template-master\mp\src\game\client\release_mod_sdk\animatespecifictextureproxy.obj
c:\users\taz-e\desktop\src_code\source-sdk-2013-template-master\mp\src\game\client\release_mod_sdk\base_playeranimstate.obj
c:\users\taz-e\desktop\src_code\source-sdk-2013-template-master\mp\src\game\client\release_mod_sdk\baseclientrendertargets.obj
c:\users\taz-e\desktop\src_code\source-sdk-2013-template-master\mp\src\game\client\release_mod_sdk\basecombatcharacter_shared.obj
c:\users\taz-e\desktop\src_code\source-sdk-2013-template-master\mp\src\game\client\release_mod_sdk\baseentity_shared.obj
c:\users\taz-e\desktop\src_code\source-sdk-2013-template-master\mp\src\game\client\release_mod_sdk\basepresence.obj
c:\users\taz-e\desktop\src_code\source-sdk-2013-template-master\mp\src\game\client\release_mod_sdk\baseviewmodel_shared.obj
c:\users\taz-e\desktop\src_code\source-sdk-2013-template-master\mp\src\game\client\release_mod_sdk\beamdraw.obj
c:\users\taz-e\desktop\src_code\source-sdk-2013-template-master\mp\src\game\client\release_mod_sdk\c_baseanimatingoverlay.obj
c:\users\taz-e\desktop\src_code\source-sdk-2013-template-master\mp\src\game\client\release_mod_sdk\c_baseentity.obj
c:\users\taz-e\desktop\src_code\source-sdk-2013-template-master\mp\src\game\client\release_mod_sdk\c_baseviewmodel.obj
c:\users\taz-e\desktop\src_code\source-sdk-2013-template-master\mp\src\game\client\release_mod_sdk\c_breakableprop.obj
c:\users\taz-e\desktop\src_code\source-sdk-2013-template-master\mp\src\game\client\release_mod_sdk\c_colorcorrection.obj
c:\users\taz-e\desktop\src_code\source-sdk-2013-template-master\mp\src\game\client\release_mod_sdk\c_dynamiclight.obj
c:\users\taz-e\desktop\src_code\source-sdk-2013-template-master\mp\src\game\client\release_mod_sdk\c_entityparticletrail.obj
c:\users\taz-e\desktop\src_code\source-sdk-2013-template-master\mp\src\game\client\release_mod_sdk\c_env_projectedtexture.obj
c:\users\taz-e\desktop\src_code\source-sdk-2013-template-master\mp\src\game\client\release_mod_sdk\c_env_tonemap_controller.obj
c:\users\taz-e\desktop\src_code\source-sdk-2013-template-master\mp\src\game\client\release_mod_sdk\c_fish.obj
c:\users\taz-e\desktop\src_code\source-sdk-2013-template-master\mp\src\game\client\release_mod_sdk\c_func_breakablesurf.obj
c:\users\taz-e\desktop\src_code\source-sdk-2013-template-master\mp\src\game\client\release_mod_sdk\c_func_smokevolume.obj
c:\users\taz-e\desktop\src_code\source-sdk-2013-template-master\mp\src\game\client\release_mod_sdk\c_materialmodifycontrol.obj
c:\users\taz-e\desktop\src_code\source-sdk-2013-template-master\mp\src\game\client\release_mod_sdk\c_pixel_visibility.obj
c:\users\taz-e\desktop\src_code\source-sdk-2013-template-master\mp\src\game\client\release_mod_sdk\c_rumble.obj
c:\users\taz-e\desktop\src_code\source-sdk-2013-template-master\mp\src\game\client\release_mod_sdk\c_shadowcontrol.obj
c:\users\taz-e\desktop\src_code\source-sdk-2013-template-master\mp\src\game\client\release_mod_sdk\c_slideshow_display.obj
c:\users\taz-e\desktop\src_code\source-sdk-2013-template-master\mp\src\game\client\release_mod_sdk\c_spotlight_end.obj
c:\users\taz-e\desktop\src_code\source-sdk-2013-template-master\mp\src\game\client\release_mod_sdk\c_sprite_perfmonitor.obj
c:\users\taz-e\desktop\src_code\source-sdk-2013-template-master\mp\src\game\client\release_mod_sdk\c_sun.obj
c:\users\taz-e\desktop\src_code\source-sdk-2013-template-master\mp\src\game\client\release_mod_sdk\c_team_objectiveresource.obj
c:\users\taz-e\desktop\src_code\source-sdk-2013-template-master\mp\src\game\client\release_mod_sdk\c_vote_controller.obj
c:\users\taz-e\desktop\src_code\source-sdk-2013-template-master\mp\src\game\client\release_mod_sdk\cl_mat_stub.obj
c:\users\taz-e\desktop\src_code\source-sdk-2013-template-master\mp\src\game\client\release_mod_sdk\classmap.obj
c:\users\taz-e\desktop\src_code\source-sdk-2013-template-master\mp\src\game\client\release_mod_sdk\clienteffectprecachesystem.obj
c:\users\taz-e\desktop\src_code\source-sdk-2013-template-master\mp\src\game\client\release_mod_sdk\clientleafsystem.obj
c:\users\taz-e\desktop\src_code\source-sdk-2013-template-master\mp\src\game\client\release_mod_sdk\clientsideeffects.obj
c:\users\taz-e\desktop\src_code\source-sdk-2013-template-master\mp\src\game\client\release_mod_sdk\clientsideeffects_test.obj
c:\users\taz-e\desktop\src_code\source-sdk-2013-template-master\mp\src\game\client\release_mod_sdk\clientsteamcontext.obj
c:\users\taz-e\desktop\src_code\source-sdk-2013-template-master\mp\src\game\client\release_mod_sdk\colorcorrectionmgr.obj
c:\users\taz-e\desktop\src_code\source-sdk-2013-template-master\mp\src\game\client\release_mod_sdk\death_pose.obj
c:\users\taz-e\desktop\src_code\source-sdk-2013-template-master\mp\src\game\client\release_mod_sdk\debugoverlay_shared.obj
c:\users\taz-e\desktop\src_code\source-sdk-2013-template-master\mp\src\game\client\release_mod_sdk\decals.obj
c:\users\taz-e\desktop\src_code\source-sdk-2013-template-master\mp\src\game\client\release_mod_sdk\detailobjectsystem.obj
c:\users\taz-e\desktop\src_code\source-sdk-2013-template-master\mp\src\game\client\release_mod_sdk\env_detail_controller.obj
c:\users\taz-e\desktop\src_code\source-sdk-2013-template-master\mp\src\game\client\release_mod_sdk\flashlighteffect.obj
c:\users\taz-e\desktop\src_code\source-sdk-2013-template-master\mp\src\game\client\release_mod_sdk\fx_blood.obj
c:\users\taz-e\desktop\src_code\source-sdk-2013-template-master\mp\src\game\client\release_mod_sdk\fx_interpvalue.obj
c:\users\taz-e\desktop\src_code\source-sdk-2013-template-master\mp\src\game\client\release_mod_sdk\fx_shelleject.obj
c:\users\taz-e\desktop\src_code\source-sdk-2013-template-master\mp\src\game\client\release_mod_sdk\fx_tracer.obj
c:\users\taz-e\desktop\src_code\source-sdk-2013-template-master\mp\src\game\client\release_mod_sdk\fx_water.obj
c:\users\taz-e\desktop\src_code\source-sdk-2013-template-master\mp\src\game\client\release_mod_sdk\gamestringpool.obj
c:\users\taz-e\desktop\src_code\source-sdk-2013-template-master\mp\src\game\client\release_mod_sdk\glow_outline_effect.obj
c:\users\taz-e\desktop\src_code\source-sdk-2013-template-master\mp\src\game\client\release_mod_sdk\haptic_msgs.obj
c:\users\taz-e\desktop\src_code\source-sdk-2013-template-master\mp\src\game\client\release_mod_sdk\haptic_utils.obj
c:\users\taz-e\desktop\src_code\source-sdk-2013-template-master\mp\src\game\client\release_mod_sdk\hintsystem.obj
c:\users\taz-e\desktop\src_code\source-sdk-2013-template-master\mp\src\game\client\release_mod_sdk\hltvcamera.obj
c:\users\taz-e\desktop\src_code\source-sdk-2013-template-master\mp\src\game\client\release_mod_sdk\hud_basechat.obj
c:\users\taz-e\desktop\src_code\source-sdk-2013-template-master\mp\src\game\client\release_mod_sdk\hud_crosshair.obj
c:\users\taz-e\desktop\src_code\source-sdk-2013-template-master\mp\src\game\client\release_mod_sdk\hud_msg.obj
c:\users\taz-e\desktop\src_code\source-sdk-2013-template-master\mp\src\game\client\release_mod_sdk\hud_pdump.obj
c:\users\taz-e\desktop\src_code\source-sdk-2013-template-master\mp\src\game\client\release_mod_sdk\igamesystem.obj
c:\users\taz-e\desktop\src_code\source-sdk-2013-template-master\mp\src\game\client\release_mod_sdk\in_joystick.obj
c:\users\taz-e\desktop\src_code\source-sdk-2013-template-master\mp\src\game\client\release_mod_sdk\initializer.obj
c:\users\taz-e\desktop\src_code\source-sdk-2013-template-master\mp\src\game\client\release_mod_sdk\interpolatedvar.obj
c:\users\taz-e\desktop\src_code\source-sdk-2013-template-master\mp\src\game\client\release_mod_sdk\isnpcproxy.obj
c:\users\taz-e\desktop\src_code\source-sdk-2013-template-master\mp\src\game\client\release_mod_sdk\lamphaloproxy.obj
c:\users\taz-e\desktop\src_code\source-sdk-2013-template-master\mp\src\game\client\release_mod_sdk\matrixproxy.obj
c:\users\taz-e\desktop\src_code\source-sdk-2013-template-master\mp\src\game\client\release_mod_sdk\menu.obj
c:\users\taz-e\desktop\src_code\source-sdk-2013-template-master\mp\src\game\client\release_mod_sdk\multiplay_gamerules.obj
c:\users\taz-e\desktop\src_code\source-sdk-2013-template-master\mp\src\game\client\release_mod_sdk\particle_parse.obj
c:\users\taz-e\desktop\src_code\source-sdk-2013-template-master\mp\src\game\client\release_mod_sdk\particles_ez.obj
c:\users\taz-e\desktop\src_code\source-sdk-2013-template-master\mp\src\game\client\release_mod_sdk\particles_simple.obj
c:\users\taz-e\desktop\src_code\source-sdk-2013-template-master\mp\src\game\client\release_mod_sdk\particlesystemquery.obj
c:\users\taz-e\desktop\src_code\source-sdk-2013-template-master\mp\src\game\client\release_mod_sdk\physics_saverestore.obj
c:\users\taz-e\desktop\src_code\source-sdk-2013-template-master\mp\src\game\client\release_mod_sdk\playerclass_info_parse.obj
c:\users\taz-e\desktop\src_code\source-sdk-2013-template-master\mp\src\game\client\release_mod_sdk\predictioncopy.obj
c:\users\taz-e\desktop\src_code\source-sdk-2013-template-master\mp\src\game\client\release_mod_sdk\proxyhealth.obj
c:\users\taz-e\desktop\src_code\source-sdk-2013-template-master\mp\src\game\client\release_mod_sdk\proxypupil.obj
c:\users\taz-e\desktop\src_code\source-sdk-2013-template-master\mp\src\game\client\release_mod_sdk\ragdoll.obj
c:\users\taz-e\desktop\src_code\source-sdk-2013-template-master\mp\src\game\client\release_mod_sdk\soundparametersinternal.obj
c:\users\taz-e\desktop\src_code\source-sdk-2013-template-master\mp\src\game\client\release_mod_sdk\splinepatch.obj
c:\users\taz-e\desktop\src_code\source-sdk-2013-template-master\mp\src\game\client\release_mod_sdk\sprite.obj
c:\users\taz-e\desktop\src_code\source-sdk-2013-template-master\mp\src\game\client\release_mod_sdk\studio_shared.obj
c:\users\taz-e\desktop\src_code\source-sdk-2013-template-master\mp\src\game\client\release_mod_sdk\studio_stats.obj
c:\users\taz-e\desktop\src_code\source-sdk-2013-template-master\mp\src\game\client\release_mod_sdk\text_message.obj
c:\users\taz-e\desktop\src_code\source-sdk-2013-template-master\mp\src\game\client\release_mod_sdk\timematerialproxy.obj
c:\users\taz-e\desktop\src_code\source-sdk-2013-template-master\mp\src\game\client\release_mod_sdk\usercmd.obj
c:\users\taz-e\desktop\src_code\source-sdk-2013-template-master\mp\src\game\client\release_mod_sdk\usermessages.obj
c:\users\taz-e\desktop\src_code\source-sdk-2013-template-master\mp\src\game\client\release_mod_sdk\util_shared.obj
c:\users\taz-e\desktop\src_code\source-sdk-2013-template-master\mp\src\game\client\release_mod_sdk\vehicle_viewblend_shared.obj
c:\users\taz-e\desktop\src_code\source-sdk-2013-template-master\mp\src\game\client\release_mod_sdk\vgui_basepanel.obj
c:\users\taz-e\desktop\src_code\source-sdk-2013-template-master\mp\src\game\client\release_mod_sdk\vgui_bitmappanel.obj
c:\users\taz-e\desktop\src_code\source-sdk-2013-template-master\mp\src\game\client\release_mod_sdk\vgui_game_viewport.obj
c:\users\taz-e\desktop\src_code\source-sdk-2013-template-master\mp\src\game\client\release_mod_sdk\vgui_grid.obj
c:\users\taz-e\desktop\src_code\source-sdk-2013-template-master\mp\src\game\client\release_mod_sdk\vgui_messagechars.obj
c:\users\taz-e\desktop\src_code\source-sdk-2013-template-master\mp\src\game\client\release_mod_sdk\vgui_video.obj
c:\users\taz-e\desktop\src_code\source-sdk-2013-template-master\mp\src\game\client\release_mod_sdk\view_effects.obj
c:\users\taz-e\desktop\src_code\source-sdk-2013-template-master\mp\src\game\client\release_mod_sdk\viewrender.obj
c:\users\taz-e\desktop\src_code\source-sdk-2013-template-master\mp\src\game\client\release_mod_sdk\commandmenu.obj
c:\users\taz-e\desktop\src_code\source-sdk-2013-template-master\mp\src\game\client\release_mod_sdk\navprogress.obj
c:\users\taz-e\desktop\src_code\source-sdk-2013-template-master\mp\src\game\client\release_mod_sdk\vguitextwindow.obj
c:\users\taz-e\desktop\src_code\source-sdk-2013-template-master\mp\src\game\client\release_mod_sdk\sdk_spectatorgui.obj
c:\users\taz-e\desktop\src_code\source-sdk-2013-template-master\mp\src\game\client\release_mod_sdk\sdk_textwindow.obj
c:\users\taz-e\desktop\src_code\source-sdk-2013-template-master\mp\src\game\client\release_mod_sdk\sdk_hud_armor.obj
c:\users\taz-e\desktop\src_code\source-sdk-2013-template-master\mp\src\game\client\release_mod_sdk\sdk_hud_damage.obj
c:\users\taz-e\desktop\src_code\source-sdk-2013-template-master\mp\src\game\client\release_mod_sdk\sdk_hud_stamina.obj
c:\users\taz-e\desktop\src_code\source-sdk-2013-template-master\mp\src\game\client\release_mod_sdk\c_sdk_player.obj
c:\users\taz-e\desktop\src_code\source-sdk-2013-template-master\mp\src\game\client\release_mod_sdk\sdk_playerclass_info_parse.obj
c:\users\taz-e\desktop\src_code\source-sdk-2013-template-master\mp\src\game\client\release_mod_sdk\sdk_gamerules.obj
c:\users\taz-e\desktop\src_code\source-sdk-2013-template-master\mp\src\game\client\release_mod_sdk\sdk_weapon_melee.obj
c:\users\taz-e\desktop\src_code\source-sdk-2013-template-master\mp\src\game\client\release_mod_sdk\weapon_pistol.obj
c:\users\taz-e\desktop\src_code\source-sdk-2013-template-master\mp\src\game\client\release_mod_sdk\in_sixense.obj
c:\users\taz-e\desktop\src_code\source-sdk-2013-template-master\mp\src\game\client\release_mod_sdk\in_sixense_gesture_bindings.obj
c:\users\taz-e\desktop\src_code\source-sdk-2013-template-master\mp\src\game\client\release_mod_sdk\sixense_convars.obj
c:\users\taz-e\desktop\src_code\source-sdk-2013-template-master\mp\src\game\client\release_mod_sdk\c_basetempentity.obj
c:\users\taz-e\desktop\src_code\source-sdk-2013-template-master\mp\src\game\client\release_mod_sdk\c_impact_effects.obj
c:\users\taz-e\desktop\src_code\source-sdk-2013-template-master\mp\src\game\client\release_mod_sdk\c_recipientfilter.obj
c:\users\taz-e\desktop\src_code\source-sdk-2013-template-master\mp\src\game\client\release_mod_sdk\c_smoke_trail.obj
c:\users\taz-e\desktop\src_code\source-sdk-2013-template-master\mp\src\game\client\release_mod_sdk\c_te.obj
c:\users\taz-e\desktop\src_code\source-sdk-2013-template-master\mp\src\game\client\release_mod_sdk\c_te_basebeam.obj
c:\users\taz-e\desktop\src_code\source-sdk-2013-template-master\mp\src\game\client\release_mod_sdk\c_te_beamfollow.obj
c:\users\taz-e\desktop\src_code\source-sdk-2013-template-master\mp\src\game\client\release_mod_sdk\c_te_beamringpoint.obj
c:\users\taz-e\desktop\src_code\source-sdk-2013-template-master\mp\src\game\client\release_mod_sdk\c_te_breakmodel.obj
c:\users\taz-e\desktop\src_code\source-sdk-2013-template-master\mp\src\game\client\release_mod_sdk\c_te_clientprojectile.obj
c:\users\taz-e\desktop\src_code\source-sdk-2013-template-master\mp\src\game\client\release_mod_sdk\c_te_energysplash.obj
c:\users\taz-e\desktop\src_code\source-sdk-2013-template-master\mp\src\game\client\release_mod_sdk\c_te_footprint.obj
c:\users\taz-e\desktop\src_code\source-sdk-2013-template-master\mp\src\game\client\release_mod_sdk\c_te_impact.obj
c:\users\taz-e\desktop\src_code\source-sdk-2013-template-master\mp\src\game\client\release_mod_sdk\c_te_legacytempents.obj
c:\users\taz-e\desktop\src_code\source-sdk-2013-template-master\mp\src\game\client\release_mod_sdk\c_testtraceline.obj
c:\users\taz-e\desktop\src_code\source-sdk-2013-template-master\mp\src\game\client\release_mod_sdk\fx_sparks.obj
c:\users\taz-e\desktop\src_code\source-sdk-2013-template-master\mp\src\game\client\release_mod_sdk\achievement_notification_panel.obj
c:\users\taz-e\desktop\src_code\source-sdk-2013-template-master\mp\src\game\client\release_mod_sdk\animation.obj
c:\users\taz-e\desktop\src_code\source-sdk-2013-template-master\mp\src\game\client\release_mod_sdk\baseachievement.obj
c:\users\taz-e\desktop\src_code\source-sdk-2013-template-master\mp\src\game\client\release_mod_sdk\bone_accessor.obj
c:\users\taz-e\desktop\src_code\source-sdk-2013-template-master\mp\src\game\client\release_mod_sdk\bone_merge_cache.obj
c:\users\taz-e\desktop\src_code\source-sdk-2013-template-master\mp\src\game\client\release_mod_sdk\c_baseanimating.obj
c:\users\taz-e\desktop\src_code\source-sdk-2013-template-master\mp\src\game\client\release_mod_sdk\c_colorcorrectionvolume.obj
c:\users\taz-e\desktop\src_code\source-sdk-2013-template-master\mp\src\game\client\release_mod_sdk\c_env_fog_controller.obj
c:\users\taz-e\desktop\src_code\source-sdk-2013-template-master\mp\src\game\client\release_mod_sdk\c_env_particlescript.obj
c:\users\taz-e\desktop\src_code\source-sdk-2013-template-master\mp\src\game\client\release_mod_sdk\c_fire_smoke.obj
c:\users\taz-e\desktop\src_code\source-sdk-2013-template-master\mp\src\game\client\release_mod_sdk\c_func_lod.obj
c:\users\taz-e\desktop\src_code\source-sdk-2013-template-master\mp\src\game\client\release_mod_sdk\c_func_occluder.obj
c:\users\taz-e\desktop\src_code\source-sdk-2013-template-master\mp\src\game\client\release_mod_sdk\c_func_rotating.obj
c:\users\taz-e\desktop\src_code\source-sdk-2013-template-master\mp\src\game\client\release_mod_sdk\c_gib.obj
c:\users\taz-e\desktop\src_code\source-sdk-2013-template-master\mp\src\game\client\release_mod_sdk\c_lightglow.obj
c:\users\taz-e\desktop\src_code\source-sdk-2013-template-master\mp\src\game\client\release_mod_sdk\c_physicsprop.obj
c:\users\taz-e\desktop\src_code\source-sdk-2013-template-master\mp\src\game\client\release_mod_sdk\c_playerresource.obj
c:\users\taz-e\desktop\src_code\source-sdk-2013-template-master\mp\src\game\client\release_mod_sdk\c_point_commentary_node.obj
c:\users\taz-e\desktop\src_code\source-sdk-2013-template-master\mp\src\game\client\release_mod_sdk\c_sprite.obj
c:\users\taz-e\desktop\src_code\source-sdk-2013-template-master\mp\src\game\client\release_mod_sdk\c_team_train_watcher.obj
c:\users\taz-e\desktop\src_code\source-sdk-2013-template-master\mp\src\game\client\release_mod_sdk\c_user_message_register.obj
c:\users\taz-e\desktop\src_code\source-sdk-2013-template-master\mp\src\game\client\release_mod_sdk\c_vguiscreen.obj
c:\users\taz-e\desktop\src_code\source-sdk-2013-template-master\mp\src\game\client\release_mod_sdk\client_virtualreality.obj
c:\users\taz-e\desktop\src_code\source-sdk-2013-template-master\mp\src\game\client\release_mod_sdk\clientshadowmgr.obj
c:\users\taz-e\desktop\src_code\source-sdk-2013-template-master\mp\src\game\client\release_mod_sdk\collisionproperty.obj
c:\users\taz-e\desktop\src_code\source-sdk-2013-template-master\mp\src\game\client\release_mod_sdk\commentary_modelviewer.obj
c:\users\taz-e\desktop\src_code\source-sdk-2013-template-master\mp\src\game\client\release_mod_sdk\fx_quad.obj
c:\users\taz-e\desktop\src_code\source-sdk-2013-template-master\mp\src\game\client\release_mod_sdk\gamemovement.obj
c:\users\taz-e\desktop\src_code\source-sdk-2013-template-master\mp\src\game\client\release_mod_sdk\gametrace_client.obj
c:\users\taz-e\desktop\src_code\source-sdk-2013-template-master\mp\src\game\client\release_mod_sdk\gamevars_shared.obj
c:\users\taz-e\desktop\src_code\source-sdk-2013-template-master\mp\src\game\client\release_mod_sdk\geiger.obj
c:\users\taz-e\desktop\src_code\source-sdk-2013-template-master\mp\src\game\client\release_mod_sdk\hud.obj
c:\users\taz-e\desktop\src_code\source-sdk-2013-template-master\mp\src\game\client\release_mod_sdk\hud_bitmapnumericdisplay.obj
c:\users\taz-e\desktop\src_code\source-sdk-2013-template-master\mp\src\game\client\release_mod_sdk\hud_element_helper.obj
c:\users\taz-e\desktop\src_code\source-sdk-2013-template-master\mp\src\game\client\release_mod_sdk\hud_hintdisplay.obj
c:\users\taz-e\desktop\src_code\source-sdk-2013-template-master\mp\src\game\client\release_mod_sdk\hud_vehicle.obj
c:\users\taz-e\desktop\src_code\source-sdk-2013-template-master\mp\src\game\client\release_mod_sdk\in_camera.obj
c:\users\taz-e\desktop\src_code\source-sdk-2013-template-master\mp\src\game\client\release_mod_sdk\in_main.obj
c:\users\taz-e\desktop\src_code\source-sdk-2013-template-master\mp\src\game\client\release_mod_sdk\movehelper_client.obj
c:\users\taz-e\desktop\src_code\source-sdk-2013-template-master\mp\src\game\client\release_mod_sdk\movevars_shared.obj
c:\users\taz-e\desktop\src_code\source-sdk-2013-template-master\mp\src\game\client\release_mod_sdk\mp_shareddefs.obj
c:\users\taz-e\desktop\src_code\source-sdk-2013-template-master\mp\src\game\client\release_mod_sdk\obstacle_pushaway.obj
c:\users\taz-e\desktop\src_code\source-sdk-2013-template-master\mp\src\game\client\release_mod_sdk\panelmetaclassmgr.obj
c:\users\taz-e\desktop\src_code\source-sdk-2013-template-master\mp\src\game\client\release_mod_sdk\physics.obj
c:\users\taz-e\desktop\src_code\source-sdk-2013-template-master\mp\src\game\client\release_mod_sdk\physpropclientside.obj
c:\users\taz-e\desktop\src_code\source-sdk-2013-template-master\mp\src\game\client\release_mod_sdk\predictableid.obj
c:\users\taz-e\desktop\src_code\source-sdk-2013-template-master\mp\src\game\client\release_mod_sdk\prediction.obj
c:\users\taz-e\desktop\src_code\source-sdk-2013-template-master\mp\src\game\client\release_mod_sdk\saverestore.obj
c:\users\taz-e\desktop\src_code\source-sdk-2013-template-master\mp\src\game\client\release_mod_sdk\spritemodel.obj
c:\users\taz-e\desktop\src_code\source-sdk-2013-template-master\mp\src\game\client\release_mod_sdk\takedamageinfo.obj
c:\users\taz-e\desktop\src_code\source-sdk-2013-template-master\mp\src\game\client\release_mod_sdk\teamplay_gamerules.obj
c:\users\taz-e\desktop\src_code\source-sdk-2013-template-master\mp\src\game\client\release_mod_sdk\teamplay_round_timer.obj
c:\users\taz-e\desktop\src_code\source-sdk-2013-template-master\mp\src\game\client\release_mod_sdk\vgui_avatarimage.obj
c:\users\taz-e\desktop\src_code\source-sdk-2013-template-master\mp\src\game\client\release_mod_sdk\vgui_fpspanel.obj
c:\users\taz-e\desktop\src_code\source-sdk-2013-template-master\mp\src\game\client\release_mod_sdk\vgui_netgraphpanel.obj
c:\users\taz-e\desktop\src_code\source-sdk-2013-template-master\mp\src\game\client\release_mod_sdk\vgui_video_player.obj
c:\users\taz-e\desktop\src_code\source-sdk-2013-template-master\mp\src\game\client\release_mod_sdk\viewangleanim.obj
c:\users\taz-e\desktop\src_code\source-sdk-2013-template-master\mp\src\game\client\release_mod_sdk\viewpostprocess.obj
c:\users\taz-e\desktop\src_code\source-sdk-2013-template-master\mp\src\game\client\release_mod_sdk\weapon_parse.obj
c:\users\taz-e\desktop\src_code\source-sdk-2013-template-master\mp\src\game\client\release_mod_sdk\weapons_resource.obj
c:\users\taz-e\desktop\src_code\source-sdk-2013-template-master\mp\src\game\client\release_mod_sdk\baseviewport.obj
c:\users\taz-e\desktop\src_code\source-sdk-2013-template-master\mp\src\game\client\release_mod_sdk\iconpanel.obj
c:\users\taz-e\desktop\src_code\source-sdk-2013-template-master\mp\src\game\client\release_mod_sdk\spectatorgui.obj
c:\users\taz-e\desktop\src_code\source-sdk-2013-template-master\mp\src\game\client\release_mod_sdk\c_te_firebullets.obj
c:\users\taz-e\desktop\src_code\source-sdk-2013-template-master\mp\src\game\client\release_mod_sdk\sdk_in_main.obj
c:\users\taz-e\desktop\src_code\source-sdk-2013-template-master\mp\src\game\client\release_mod_sdk\sdk_prediction.obj
c:\users\taz-e\desktop\src_code\source-sdk-2013-template-master\mp\src\game\client\release_mod_sdk\sdk_shareddefs.obj
c:\users\taz-e\desktop\src_code\source-sdk-2013-template-master\mp\src\game\client\release_mod_sdk\sdk_usermessages.obj
c:\users\taz-e\desktop\src_code\source-sdk-2013-template-master\mp\src\game\client\release_mod_sdk\sdk_backgroundpanel.obj
c:\users\taz-e\desktop\src_code\source-sdk-2013-template-master\mp\src\game\client\release_mod_sdk\sdk_scoreboard.obj
c:\users\taz-e\desktop\src_code\source-sdk-2013-template-master\mp\src\game\client\release_mod_sdk\sdkviewport.obj
c:\users\taz-e\desktop\src_code\source-sdk-2013-template-master\mp\src\game\client\release_mod_sdk\sdk_hud_health.obj
c:\users\taz-e\desktop\src_code\source-sdk-2013-template-master\mp\src\game\client\release_mod_sdk\sdk_hud_targetid.obj
c:\users\taz-e\desktop\src_code\source-sdk-2013-template-master\mp\src\game\client\release_mod_sdk\sdk_player_shared.obj
c:\users\taz-e\desktop\src_code\source-sdk-2013-template-master\mp\src\game\client\release_mod_sdk\c_particle_fire.obj
c:\users\taz-e\desktop\src_code\source-sdk-2013-template-master\mp\src\game\client\release_mod_sdk\c_prop_vehicle.obj
c:\users\taz-e\desktop\src_code\source-sdk-2013-template-master\mp\src\game\client\release_mod_sdk\c_te_beamentpoint.obj
c:\users\taz-e\desktop\src_code\source-sdk-2013-template-master\mp\src\game\client\release_mod_sdk\c_te_beamlaser.obj
c:\users\taz-e\desktop\src_code\source-sdk-2013-template-master\mp\src\game\client\release_mod_sdk\c_te_beamspline.obj
c:\users\taz-e\desktop\src_code\source-sdk-2013-template-master\mp\src\game\client\release_mod_sdk\c_te_bspdecal.obj
c:\users\taz-e\desktop\src_code\source-sdk-2013-template-master\mp\src\game\client\release_mod_sdk\c_te_decal.obj
c:\users\taz-e\desktop\src_code\source-sdk-2013-template-master\mp\src\game\client\release_mod_sdk\c_te_explosion.obj
c:\users\taz-e\desktop\src_code\source-sdk-2013-template-master\mp\src\game\client\release_mod_sdk\c_te_killplayerattachments.obj
c:\users\taz-e\desktop\src_code\source-sdk-2013-template-master\mp\src\game\client\release_mod_sdk\c_te_muzzleflash.obj
c:\users\taz-e\desktop\src_code\source-sdk-2013-template-master\mp\src\game\client\release_mod_sdk\c_te_projecteddecal.obj
c:\users\taz-e\desktop\src_code\source-sdk-2013-template-master\mp\src\game\client\release_mod_sdk\c_te_smoke.obj
c:\users\taz-e\desktop\src_code\source-sdk-2013-template-master\mp\src\game\client\release_mod_sdk\c_te_sprite.obj
c:\users\taz-e\desktop\src_code\source-sdk-2013-template-master\mp\src\game\client\release_mod_sdk\fx_envelope.obj
c:\users\taz-e\desktop\src_code\source-sdk-2013-template-master\mp\src\game\client\release_mod_sdk\particlesphererenderer.obj
c:\users\taz-e\desktop\src_code\source-sdk-2013-template-master\mp\src\game\client\release_mod_sdk\bonelist.obj
c:\users\taz-e\desktop\src_code\source-sdk-2013-template-master\mp\src\game\client\release_mod_sdk\entity_client_tools.obj
c:\users\taz-e\desktop\src_code\source-sdk-2013-template-master\mp\src\game\client\release_mod_sdk\replaycamera.obj
c:\users\taz-e\desktop\src_code\source-sdk-2013-template-master\mp\src\game\client\release_mod_sdk\achievementmgr.obj
c:\users\taz-e\desktop\src_code\source-sdk-2013-template-master\mp\src\game\client\release_mod_sdk\baseanimatedtextureproxy.obj
c:\users\taz-e\desktop\src_code\source-sdk-2013-template-master\mp\src\game\client\release_mod_sdk\basecombatweapon_shared.obj
c:\users\taz-e\desktop\src_code\source-sdk-2013-template-master\mp\src\game\client\release_mod_sdk\baseparticleentity.obj
c:\users\taz-e\desktop\src_code\source-sdk-2013-template-master\mp\src\game\client\release_mod_sdk\baseprojectile.obj
c:\users\taz-e\desktop\src_code\source-sdk-2013-template-master\mp\src\game\client\release_mod_sdk\beam_shared.obj
c:\users\taz-e\desktop\src_code\source-sdk-2013-template-master\mp\src\game\client\release_mod_sdk\c_basedoor.obj
c:\users\taz-e\desktop\src_code\source-sdk-2013-template-master\mp\src\game\client\release_mod_sdk\c_baseflex.obj
c:\users\taz-e\desktop\src_code\source-sdk-2013-template-master\mp\src\game\client\release_mod_sdk\c_entitydissolve.obj
c:\users\taz-e\desktop\src_code\source-sdk-2013-template-master\mp\src\game\client\release_mod_sdk\c_env_screenoverlay.obj
c:\users\taz-e\desktop\src_code\source-sdk-2013-template-master\mp\src\game\client\release_mod_sdk\c_func_areaportalwindow.obj
c:\users\taz-e\desktop\src_code\source-sdk-2013-template-master\mp\src\game\client\release_mod_sdk\c_func_conveyor.obj
c:\users\taz-e\desktop\src_code\source-sdk-2013-template-master\mp\src\game\client\release_mod_sdk\c_func_monitor.obj
c:\users\taz-e\desktop\src_code\source-sdk-2013-template-master\mp\src\game\client\release_mod_sdk\c_func_reflective_glass.obj
c:\users\taz-e\desktop\src_code\source-sdk-2013-template-master\mp\src\game\client\release_mod_sdk\c_func_tracktrain.obj
c:\users\taz-e\desktop\src_code\source-sdk-2013-template-master\mp\src\game\client\release_mod_sdk\c_info_overlay_accessor.obj
c:\users\taz-e\desktop\src_code\source-sdk-2013-template-master\mp\src\game\client\release_mod_sdk\c_physbox.obj
c:\users\taz-e\desktop\src_code\source-sdk-2013-template-master\mp\src\game\client\release_mod_sdk\c_physmagnet.obj
c:\users\taz-e\desktop\src_code\source-sdk-2013-template-master\mp\src\game\client\release_mod_sdk\c_point_camera.obj
c:\users\taz-e\desktop\src_code\source-sdk-2013-template-master\mp\src\game\client\release_mod_sdk\c_ragdoll_manager.obj
c:\users\taz-e\desktop\src_code\source-sdk-2013-template-master\mp\src\game\client\release_mod_sdk\c_rope.obj
c:\users\taz-e\desktop\src_code\source-sdk-2013-template-master\mp\src\game\client\release_mod_sdk\c_soundscape.obj
c:\users\taz-e\desktop\src_code\source-sdk-2013-template-master\mp\src\game\client\release_mod_sdk\c_team.obj
c:\users\taz-e\desktop\src_code\source-sdk-2013-template-master\mp\src\game\client\release_mod_sdk\c_tesla.obj
c:\users\taz-e\desktop\src_code\source-sdk-2013-template-master\mp\src\game\client\release_mod_sdk\c_vehicle_choreo_generic.obj
c:\users\taz-e\desktop\src_code\source-sdk-2013-template-master\mp\src\game\client\release_mod_sdk\c_waterlodcontrol.obj
c:\users\taz-e\desktop\src_code\source-sdk-2013-template-master\mp\src\game\client\release_mod_sdk\cam_thirdperson.obj
c:\users\taz-e\desktop\src_code\source-sdk-2013-template-master\mp\src\game\client\release_mod_sdk\camomaterialproxy.obj
c:\users\taz-e\desktop\src_code\source-sdk-2013-template-master\mp\src\game\client\release_mod_sdk\cdll_client_int.obj
c:\users\taz-e\desktop\src_code\source-sdk-2013-template-master\mp\src\game\client\release_mod_sdk\dummyproxy.obj
c:\users\taz-e\desktop\src_code\source-sdk-2013-template-master\mp\src\game\client\release_mod_sdk\effect_dispatch_data.obj
c:\users\taz-e\desktop\src_code\source-sdk-2013-template-master\mp\src\game\client\release_mod_sdk\ehandle.obj
c:\users\taz-e\desktop\src_code\source-sdk-2013-template-master\mp\src\game\client\release_mod_sdk\entitylist_base.obj
c:\users\taz-e\desktop\src_code\source-sdk-2013-template-master\mp\src\game\client\release_mod_sdk\entityparticletrail_shared.obj
c:\users\taz-e\desktop\src_code\source-sdk-2013-template-master\mp\src\game\client\release_mod_sdk\eventlist.obj
c:\users\taz-e\desktop\src_code\source-sdk-2013-template-master\mp\src\game\client\release_mod_sdk\func_ladder.obj
c:\users\taz-e\desktop\src_code\source-sdk-2013-template-master\mp\src\game\client\release_mod_sdk\fx_explosion.obj
c:\users\taz-e\desktop\src_code\source-sdk-2013-template-master\mp\src\game\client\release_mod_sdk\fx_trail.obj
c:\users\taz-e\desktop\src_code\source-sdk-2013-template-master\mp\src\game\client\release_mod_sdk\gamerules_register.obj
c:\users\taz-e\desktop\src_code\source-sdk-2013-template-master\mp\src\game\client\release_mod_sdk\gamestats.obj
c:\users\taz-e\desktop\src_code\source-sdk-2013-template-master\mp\src\game\client\release_mod_sdk\hud_animationinfo.obj
c:\users\taz-e\desktop\src_code\source-sdk-2013-template-master\mp\src\game\client\release_mod_sdk\hud_basetimer.obj
c:\users\taz-e\desktop\src_code\source-sdk-2013-template-master\mp\src\game\client\release_mod_sdk\hud_closecaption.obj
c:\users\taz-e\desktop\src_code\source-sdk-2013-template-master\mp\src\game\client\release_mod_sdk\hud_redraw.obj
c:\users\taz-e\desktop\src_code\source-sdk-2013-template-master\mp\src\game\client\release_mod_sdk\hud_weapon.obj
c:\users\taz-e\desktop\src_code\source-sdk-2013-template-master\mp\src\game\client\release_mod_sdk\lampbeamproxy.obj
c:\users\taz-e\desktop\src_code\source-sdk-2013-template-master\mp\src\game\client\release_mod_sdk\mapentities_shared.obj
c:\users\taz-e\desktop\src_code\source-sdk-2013-template-master\mp\src\game\client\release_mod_sdk\mathproxy.obj
c:\users\taz-e\desktop\src_code\source-sdk-2013-template-master\mp\src\game\client\release_mod_sdk\message.obj
c:\users\taz-e\desktop\src_code\source-sdk-2013-template-master\mp\src\game\client\release_mod_sdk\particle_property.obj
c:\users\taz-e\desktop\src_code\source-sdk-2013-template-master\mp\src\game\client\release_mod_sdk\particlemgr.obj
c:\users\taz-e\desktop\src_code\source-sdk-2013-template-master\mp\src\game\client\release_mod_sdk\physics_shared.obj
c:\users\taz-e\desktop\src_code\source-sdk-2013-template-master\mp\src\game\client\release_mod_sdk\playerandobjectenumerator.obj
c:\users\taz-e\desktop\src_code\source-sdk-2013-template-master\mp\src\game\client\release_mod_sdk\playerspawncache.obj
c:\users\taz-e\desktop\src_code\source-sdk-2013-template-master\mp\src\game\client\release_mod_sdk\point_bonusmaps_accessor.obj
c:\users\taz-e\desktop\src_code\source-sdk-2013-template-master\mp\src\game\client\release_mod_sdk\point_posecontroller.obj
c:\users\taz-e\desktop\src_code\source-sdk-2013-template-master\mp\src\game\client\release_mod_sdk\precache_register.obj
c:\users\taz-e\desktop\src_code\source-sdk-2013-template-master\mp\src\game\client\release_mod_sdk\predicted_viewmodel.obj
c:\users\taz-e\desktop\src_code\source-sdk-2013-template-master\mp\src\game\client\release_mod_sdk\proxyentity.obj
c:\users\taz-e\desktop\src_code\source-sdk-2013-template-master\mp\src\game\client\release_mod_sdk\proxyplayer.obj
c:\users\taz-e\desktop\src_code\source-sdk-2013-template-master\mp\src\game\client\release_mod_sdk\ragdoll_shared.obj
c:\users\taz-e\desktop\src_code\source-sdk-2013-template-master\mp\src\game\client\release_mod_sdk\sequence_transitioner.obj
c:\users\taz-e\desktop\src_code\source-sdk-2013-template-master\mp\src\game\client\release_mod_sdk\simple_keys.obj
c:\users\taz-e\desktop\src_code\source-sdk-2013-template-master\mp\src\game\client\release_mod_sdk\singleplay_gamerules.obj
c:\users\taz-e\desktop\src_code\source-sdk-2013-template-master\mp\src\game\client\release_mod_sdk\soundenvelope.obj
c:\users\taz-e\desktop\src_code\source-sdk-2013-template-master\mp\src\game\client\release_mod_sdk\spritetrail.obj
c:\users\taz-e\desktop\src_code\source-sdk-2013-template-master\mp\src\game\client\release_mod_sdk\teamplayroundbased_gamerules.obj
c:\users\taz-e\desktop\src_code\source-sdk-2013-template-master\mp\src\game\client\release_mod_sdk\vgui_bitmapbutton.obj
c:\users\taz-e\desktop\src_code\source-sdk-2013-template-master\mp\src\game\client\release_mod_sdk\vgui_centerstringpanel.obj
c:\users\taz-e\desktop\src_code\source-sdk-2013-template-master\mp\src\game\client\release_mod_sdk\vgui_int.obj
c:\users\taz-e\desktop\src_code\source-sdk-2013-template-master\mp\src\game\client\release_mod_sdk\vgui_schemevisualizer.obj
c:\users\taz-e\desktop\src_code\source-sdk-2013-template-master\mp\src\game\client\release_mod_sdk\view_beams.obj
c:\users\taz-e\desktop\src_code\source-sdk-2013-template-master\mp\src\game\client\release_mod_sdk\viewconeimage.obj
c:\users\taz-e\desktop\src_code\source-sdk-2013-template-master\mp\src\game\client\release_mod_sdk\warp_overlay.obj
c:\users\taz-e\desktop\src_code\source-sdk-2013-template-master\mp\src\game\client\release_mod_sdk\waterlodmaterialproxy.obj
c:\users\taz-e\desktop\src_code\source-sdk-2013-template-master\mp\src\game\client\release_mod_sdk\weapon_selection.obj
c:\users\taz-e\desktop\src_code\source-sdk-2013-template-master\mp\src\game\client\release_mod_sdk\basemodelpanel.obj
c:\users\taz-e\desktop\src_code\source-sdk-2013-template-master\mp\src\game\client\release_mod_sdk\clientscoreboarddialog.obj
c:\users\taz-e\desktop\src_code\source-sdk-2013-template-master\mp\src\game\client\release_mod_sdk\mapoverview.obj
c:\users\taz-e\desktop\src_code\source-sdk-2013-template-master\mp\src\game\client\release_mod_sdk\c_sdk_env_sparkler.obj
c:\users\taz-e\desktop\src_code\source-sdk-2013-template-master\mp\src\game\client\release_mod_sdk\clientmode_sdk.obj
c:\users\taz-e\desktop\src_code\source-sdk-2013-template-master\mp\src\game\client\release_mod_sdk\sdk_teammenu.obj
c:\users\taz-e\desktop\src_code\source-sdk-2013-template-master\mp\src\game\client\release_mod_sdk\sdk_hud_ammo.obj
c:\users\taz-e\desktop\src_code\source-sdk-2013-template-master\mp\src\game\client\release_mod_sdk\sdk_hud_chat.obj
c:\users\taz-e\desktop\src_code\source-sdk-2013-template-master\mp\src\game\client\release_mod_sdk\sdk_hud_weaponselection.obj
c:\users\taz-e\desktop\src_code\source-sdk-2013-template-master\mp\src\game\client\release_mod_sdk\sdk_gamemovement.obj
c:\users\taz-e\desktop\src_code\source-sdk-2013-template-master\mp\src\game\client\release_mod_sdk\c_sdk_team.obj
c:\users\taz-e\desktop\src_code\source-sdk-2013-template-master\mp\src\game\client\release_mod_sdk\sdk_fx_impacts.obj
c:\users\taz-e\desktop\src_code\source-sdk-2013-template-master\mp\src\game\client\release_mod_sdk\sdk_fx_shared.obj
c:\users\taz-e\desktop\src_code\source-sdk-2013-template-master\mp\src\game\client\release_mod_sdk\sdk_fx_weaponfx.obj
c:\users\taz-e\desktop\src_code\source-sdk-2013-template-master\mp\src\game\client\release_mod_sdk\weapon_basesdkgrenade.obj
c:\users\taz-e\desktop\src_code\source-sdk-2013-template-master\mp\src\game\client\release_mod_sdk\weapon_mp5.obj
c:\users\taz-e\desktop\src_code\source-sdk-2013-template-master\mp\src\game\client\release_mod_sdk\weapon_shotgun.obj
c:\users\taz-e\desktop\src_code\source-sdk-2013-template-master\mp\src\game\client\release_mod_sdk\c_movie_explosion.obj
c:\users\taz-e\desktop\src_code\source-sdk-2013-template-master\mp\src\game\client\release_mod_sdk\c_particle_smokegrenade.obj
c:\users\taz-e\desktop\src_code\source-sdk-2013-template-master\mp\src\game\client\release_mod_sdk\c_smokestack.obj
c:\users\taz-e\desktop\src_code\source-sdk-2013-template-master\mp\src\game\client\release_mod_sdk\c_stickybolt.obj
c:\users\taz-e\desktop\src_code\source-sdk-2013-template-master\mp\src\game\client\release_mod_sdk\c_te_beaments.obj
c:\users\taz-e\desktop\src_code\source-sdk-2013-template-master\mp\src\game\client\release_mod_sdk\c_te_beamring.obj
c:\users\taz-e\desktop\src_code\source-sdk-2013-template-master\mp\src\game\client\release_mod_sdk\c_te_bloodstream.obj
c:\users\taz-e\desktop\src_code\source-sdk-2013-template-master\mp\src\game\client\release_mod_sdk\c_te_bubbletrail.obj
c:\users\taz-e\desktop\src_code\source-sdk-2013-template-master\mp\src\game\client\release_mod_sdk\c_te_effect_dispatch.obj
c:\users\taz-e\desktop\src_code\source-sdk-2013-template-master\mp\src\game\client\release_mod_sdk\c_te_glassshatter.obj
c:\users\taz-e\desktop\src_code\source-sdk-2013-template-master\mp\src\game\client\release_mod_sdk\c_te_largefunnel.obj
c:\users\taz-e\desktop\src_code\source-sdk-2013-template-master\mp\src\game\client\release_mod_sdk\c_te_physicsprop.obj
c:\users\taz-e\desktop\src_code\source-sdk-2013-template-master\mp\src\game\client\release_mod_sdk\c_te_showline.obj
c:\users\taz-e\desktop\src_code\source-sdk-2013-template-master\mp\src\game\client\release_mod_sdk\c_te_sparks.obj
c:\users\taz-e\desktop\src_code\source-sdk-2013-template-master\mp\src\game\client\release_mod_sdk\c_te_spritespray.obj
c:\users\taz-e\desktop\src_code\source-sdk-2013-template-master\mp\src\game\client\release_mod_sdk\c_tracer.obj
c:\users\taz-e\desktop\src_code\source-sdk-2013-template-master\mp\src\game\client\release_mod_sdk\fx.obj
c:\users\taz-e\desktop\src_code\source-sdk-2013-template-master\mp\src\game\client\release_mod_sdk\toolframework_client.obj
c:\users\taz-e\desktop\src_code\source-sdk-2013-template-master\mp\src\game\client\release_mod_sdk\mp3player.obj
c:\users\taz-e\desktop\src_code\source-sdk-2013-template-master\mp\src\game\client\release_mod_sdk\basegrenade_shared.obj
c:\users\taz-e\desktop\src_code\source-sdk-2013-template-master\mp\src\game\client\release_mod_sdk\baseplayer_shared.obj
c:\users\taz-e\desktop\src_code\source-sdk-2013-template-master\mp\src\game\client\release_mod_sdk\c_ai_basehumanoid.obj
c:\users\taz-e\desktop\src_code\source-sdk-2013-template-master\mp\src\game\client\release_mod_sdk\c_ai_basenpc.obj
c:\users\taz-e\desktop\src_code\source-sdk-2013-template-master\mp\src\game\client\release_mod_sdk\c_basecombatcharacter.obj
c:\users\taz-e\desktop\src_code\source-sdk-2013-template-master\mp\src\game\client\release_mod_sdk\c_basecombatweapon.obj
c:\users\taz-e\desktop\src_code\source-sdk-2013-template-master\mp\src\game\client\release_mod_sdk\c_baseplayer.obj
c:\users\taz-e\desktop\src_code\source-sdk-2013-template-master\mp\src\game\client\release_mod_sdk\c_func_dust.obj
c:\users\taz-e\desktop\src_code\source-sdk-2013-template-master\mp\src\game\client\release_mod_sdk\c_hairball.obj
c:\users\taz-e\desktop\src_code\source-sdk-2013-template-master\mp\src\game\client\release_mod_sdk\c_particle_system.obj
c:\users\taz-e\desktop\src_code\source-sdk-2013-template-master\mp\src\game\client\release_mod_sdk\c_plasma.obj
c:\users\taz-e\desktop\src_code\source-sdk-2013-template-master\mp\src\game\client\release_mod_sdk\c_props.obj
c:\users\taz-e\desktop\src_code\source-sdk-2013-template-master\mp\src\game\client\release_mod_sdk\c_sceneentity.obj
c:\users\taz-e\desktop\src_code\source-sdk-2013-template-master\mp\src\game\client\release_mod_sdk\c_test_proxytoggle.obj
c:\users\taz-e\desktop\src_code\source-sdk-2013-template-master\mp\src\game\client\release_mod_sdk\c_vehicle_jeep.obj
c:\users\taz-e\desktop\src_code\source-sdk-2013-template-master\mp\src\game\client\release_mod_sdk\c_waterbullet.obj
c:\users\taz-e\desktop\src_code\source-sdk-2013-template-master\mp\src\game\client\release_mod_sdk\c_world.obj
c:\users\taz-e\desktop\src_code\source-sdk-2013-template-master\mp\src\game\client\release_mod_sdk\cdll_bounded_cvars.obj
c:\users\taz-e\desktop\src_code\source-sdk-2013-template-master\mp\src\game\client\release_mod_sdk\cdll_util.obj
c:\users\taz-e\desktop\src_code\source-sdk-2013-template-master\mp\src\game\client\release_mod_sdk\client_factorylist.obj
c:\users\taz-e\desktop\src_code\source-sdk-2013-template-master\mp\src\game\client\release_mod_sdk\client_thinklist.obj
c:\users\taz-e\desktop\src_code\source-sdk-2013-template-master\mp\src\game\client\release_mod_sdk\cliententitylist.obj
c:\users\taz-e\desktop\src_code\source-sdk-2013-template-master\mp\src\game\client\release_mod_sdk\clientmode_shared.obj
c:\users\taz-e\desktop\src_code\source-sdk-2013-template-master\mp\src\game\client\release_mod_sdk\effectsclient.obj
c:\users\taz-e\desktop\src_code\source-sdk-2013-template-master\mp\src\game\client\release_mod_sdk\entityoriginmaterialproxy.obj
c:\users\taz-e\desktop\src_code\source-sdk-2013-template-master\mp\src\game\client\release_mod_sdk\env_wind_shared.obj
c:\users\taz-e\desktop\src_code\source-sdk-2013-template-master\mp\src\game\client\release_mod_sdk\functionproxy.obj
c:\users\taz-e\desktop\src_code\source-sdk-2013-template-master\mp\src\game\client\release_mod_sdk\fx_cube.obj
c:\users\taz-e\desktop\src_code\source-sdk-2013-template-master\mp\src\game\client\release_mod_sdk\fx_fleck.obj
c:\users\taz-e\desktop\src_code\source-sdk-2013-template-master\mp\src\game\client\release_mod_sdk\fx_impact.obj
c:\users\taz-e\desktop\src_code\source-sdk-2013-template-master\mp\src\game\client\release_mod_sdk\fx_staticline.obj
c:\users\taz-e\desktop\src_code\source-sdk-2013-template-master\mp\src\game\client\release_mod_sdk\gamerules.obj
c:\users\taz-e\desktop\src_code\source-sdk-2013-template-master\mp\src\game\client\release_mod_sdk\glow_overlay.obj
c:\users\taz-e\desktop\src_code\source-sdk-2013-template-master\mp\src\game\client\release_mod_sdk\hintmessage.obj
c:\users\taz-e\desktop\src_code\source-sdk-2013-template-master\mp\src\game\client\release_mod_sdk\history_resource.obj
c:\users\taz-e\desktop\src_code\source-sdk-2013-template-master\mp\src\game\client\release_mod_sdk\hud_basedeathnotice.obj
c:\users\taz-e\desktop\src_code\source-sdk-2013-template-master\mp\src\game\client\release_mod_sdk\hud_numericdisplay.obj
c:\users\taz-e\desktop\src_code\source-sdk-2013-template-master\mp\src\game\client\release_mod_sdk\hud_voicestatus.obj
c:\users\taz-e\desktop\src_code\source-sdk-2013-template-master\mp\src\game\client\release_mod_sdk\particle_collision.obj
c:\users\taz-e\desktop\src_code\source-sdk-2013-template-master\mp\src\game\client\release_mod_sdk\particle_litsmokeemitter.obj
c:\users\taz-e\desktop\src_code\source-sdk-2013-template-master\mp\src\game\client\release_mod_sdk\particle_proxies.obj
c:\users\taz-e\desktop\src_code\source-sdk-2013-template-master\mp\src\game\client\release_mod_sdk\particle_simple3d.obj
c:\users\taz-e\desktop\src_code\source-sdk-2013-template-master\mp\src\game\client\release_mod_sdk\particles_attractor.obj
c:\users\taz-e\desktop\src_code\source-sdk-2013-template-master\mp\src\game\client\release_mod_sdk\particles_localspace.obj
c:\users\taz-e\desktop\src_code\source-sdk-2013-template-master\mp\src\game\client\release_mod_sdk\particles_new.obj
c:\users\taz-e\desktop\src_code\source-sdk-2013-template-master\mp\src\game\client\release_mod_sdk\perfvisualbenchmark.obj
c:\users\taz-e\desktop\src_code\source-sdk-2013-template-master\mp\src\game\client\release_mod_sdk\physics_main_client.obj
c:\users\taz-e\desktop\src_code\source-sdk-2013-template-master\mp\src\game\client\release_mod_sdk\physics_main_shared.obj
c:\users\taz-e\desktop\src_code\source-sdk-2013-template-master\mp\src\game\client\release_mod_sdk\props_shared.obj
c:\users\taz-e\desktop\src_code\source-sdk-2013-template-master\mp\src\game\client\release_mod_sdk\recvproxy.obj
c:\users\taz-e\desktop\src_code\source-sdk-2013-template-master\mp\src\game\client\release_mod_sdk\rope_helpers.obj
c:\users\taz-e\desktop\src_code\source-sdk-2013-template-master\mp\src\game\client\release_mod_sdk\sceneentity_shared.obj
c:\users\taz-e\desktop\src_code\source-sdk-2013-template-master\mp\src\game\client\release_mod_sdk\screenspaceeffects.obj
c:\users\taz-e\desktop\src_code\source-sdk-2013-template-master\mp\src\game\client\release_mod_sdk\simtimer.obj
c:\users\taz-e\desktop\src_code\source-sdk-2013-template-master\mp\src\game\client\release_mod_sdk\soundemittersystem.obj
c:\users\taz-e\desktop\src_code\source-sdk-2013-template-master\mp\src\game\client\release_mod_sdk\test_ehandle.obj
c:\users\taz-e\desktop\src_code\source-sdk-2013-template-master\mp\src\game\client\release_mod_sdk\texturescrollmaterialproxy.obj
c:\users\taz-e\desktop\src_code\source-sdk-2013-template-master\mp\src\game\client\release_mod_sdk\toggletextureproxy.obj
c:\users\taz-e\desktop\src_code\source-sdk-2013-template-master\mp\src\game\client\release_mod_sdk\train.obj
c:\users\taz-e\desktop\src_code\source-sdk-2013-template-master\mp\src\game\client\release_mod_sdk\vgui_bitmapimage.obj
c:\users\taz-e\desktop\src_code\source-sdk-2013-template-master\mp\src\game\client\release_mod_sdk\vgui_consolepanel.obj
c:\users\taz-e\desktop\src_code\source-sdk-2013-template-master\mp\src\game\client\release_mod_sdk\vgui_debugoverlaypanel.obj
c:\users\taz-e\desktop\src_code\source-sdk-2013-template-master\mp\src\game\client\release_mod_sdk\vgui_loadingdiscpanel.obj
c:\users\taz-e\desktop\src_code\source-sdk-2013-template-master\mp\src\game\client\release_mod_sdk\vgui_slideshow_display_screen.obj
c:\users\taz-e\desktop\src_code\source-sdk-2013-template-master\mp\src\game\client\release_mod_sdk\view.obj
c:\users\taz-e\desktop\src_code\source-sdk-2013-template-master\mp\src\game\client\release_mod_sdk\view_scene.obj
c:\users\taz-e\desktop\src_code\source-sdk-2013-template-master\mp\src\game\client\release_mod_sdk\viewdebug.obj
c:\users\taz-e\desktop\src_code\source-sdk-2013-template-master\mp\src\game\client\release_mod_sdk\voice_banmgr.obj
c:\users\taz-e\desktop\src_code\source-sdk-2013-template-master\mp\src\game\client\release_mod_sdk\voice_status.obj
c:\users\taz-e\desktop\src_code\source-sdk-2013-template-master\mp\src\game\client\release_mod_sdk\worlddimsproxy.obj
c:\users\taz-e\desktop\src_code\source-sdk-2013-template-master\mp\src\game\client\release_mod_sdk\basemodel_panel.obj
c:\users\taz-e\desktop\src_code\source-sdk-2013-template-master\mp\src\game\client\release_mod_sdk\classmenu.obj
c:\users\taz-e\desktop\src_code\source-sdk-2013-template-master\mp\src\game\client\release_mod_sdk\intromenu.obj
c:\users\taz-e\desktop\src_code\source-sdk-2013-template-master\mp\src\game\client\release_mod_sdk\teammenu.obj
c:\users\taz-e\desktop\src_code\source-sdk-2013-template-master\mp\src\game\client\release_mod_sdk\sdk_classmenu.obj
c:\users\taz-e\desktop\src_code\source-sdk-2013-template-master\mp\src\game\client\release_mod_sdk\vgui_rootpanel_sdk.obj
c:\users\taz-e\desktop\src_code\source-sdk-2013-template-master\mp\src\game\client\release_mod_sdk\hud_sdkdeathnotice.obj
c:\users\taz-e\desktop\src_code\source-sdk-2013-template-master\mp\src\game\client\release_mod_sdk\sdk_hud_message.obj
c:\users\taz-e\desktop\src_code\source-sdk-2013-template-master\mp\src\game\client\release_mod_sdk\multiplayer_animstate.obj
c:\users\taz-e\desktop\src_code\source-sdk-2013-template-master\mp\src\game\client\release_mod_sdk\c_sdk_player_resource.obj
c:\users\taz-e\desktop\src_code\source-sdk-2013-template-master\mp\src\game\client\release_mod_sdk\sdk_playeranimstate.obj
c:\users\taz-e\desktop\src_code\source-sdk-2013-template-master\mp\src\game\client\release_mod_sdk\sdk_basegrenade_projectile.obj
c:\users\taz-e\desktop\src_code\source-sdk-2013-template-master\mp\src\game\client\release_mod_sdk\sdk_fx_tracers.obj
c:\users\taz-e\desktop\src_code\source-sdk-2013-template-master\mp\src\game\client\release_mod_sdk\sdk_weapon_parse.obj
c:\users\taz-e\desktop\src_code\source-sdk-2013-template-master\mp\src\game\client\release_mod_sdk\weapon_crowbar.obj
c:\users\taz-e\desktop\src_code\source-sdk-2013-template-master\mp\src\game\client\release_mod_sdk\weapon_grenade.obj
c:\users\taz-e\desktop\src_code\source-sdk-2013-template-master\mp\src\game\client\release_mod_sdk\weapon_sdkbase.obj
c:\users\taz-e\desktop\src_code\source-sdk-2013-template-master\mp\src\game\client\release_mod_sdk\c_effects.obj
c:\users\taz-e\desktop\src_code\source-sdk-2013-template-master\mp\src\game\client\release_mod_sdk\c_steamjet.obj
c:\users\taz-e\desktop\src_code\source-sdk-2013-template-master\mp\src\game\client\release_mod_sdk\c_te_armorricochet.obj
c:\users\taz-e\desktop\src_code\source-sdk-2013-template-master\mp\src\game\client\release_mod_sdk\c_te_beampoints.obj
c:\users\taz-e\desktop\src_code\source-sdk-2013-template-master\mp\src\game\client\release_mod_sdk\c_te_bloodsprite.obj
c:\users\taz-e\desktop\src_code\source-sdk-2013-template-master\mp\src\game\client\release_mod_sdk\c_te_bubbles.obj
c:\users\taz-e\desktop\src_code\source-sdk-2013-template-master\mp\src\game\client\release_mod_sdk\c_te_dynamiclight.obj
c:\users\taz-e\desktop\src_code\source-sdk-2013-template-master\mp\src\game\client\release_mod_sdk\c_te_fizz.obj
c:\users\taz-e\desktop\src_code\source-sdk-2013-template-master\mp\src\game\client\release_mod_sdk\c_te_glowsprite.obj
c:\users\taz-e\desktop\src_code\source-sdk-2013-template-master\mp\src\game\client\release_mod_sdk\c_te_particlesystem.obj
c:\users\taz-e\desktop\src_code\source-sdk-2013-template-master\mp\src\game\client\release_mod_sdk\c_te_playerdecal.obj
c:\users\taz-e\desktop\src_code\source-sdk-2013-template-master\mp\src\game\client\release_mod_sdk\c_te_worlddecal.obj
c:\users\taz-e\desktop\src_code\source-sdk-2013-template-master\mp\src\game\client\release_mod_sdk\fx_discreetline.obj
c:\users\taz-e\desktop\src_code\source-sdk-2013-template-master\mp\src\game\client\release_mod_sdk\fx_line.obj
c:\users\taz-e\desktop\src_code\source-sdk-2013-template-master\mp\src\game\client\release_mod_sdk\smoke_fog_overlay.obj
c:\users\taz-e\desktop\src_code\source-sdk-2013-template-master\mp\src\game\client\release_mod_sdk\bone_setup.obj
c:\users\taz-e\desktop\src_code\source-sdk-2013-template-master\mp\src\game\client\release_mod_sdk\in_mouse.obj
c:\users\taz-e\desktop\src_code\source-sdk-2013-template-master\mp\src\game\client\release_mod_sdk\rope_physics.obj
c:\users\taz-e\desktop\src_code\source-sdk-2013-template-master\mp\src\game\client\release_mod_sdk\sentence.obj
c:\users\taz-e\desktop\src_code\source-sdk-2013-template-master\mp\src\game\client\release_mod_sdk\stringregistry.obj
c:\users\taz-e\desktop\src_code\source-sdk-2013-template-master\mp\src\game\client\release_mod_sdk\vallocator.obj
c:\users\taz-e\desktop\src_code\source-sdk-2013-template-master\mp\src\game\client\release_mod_sdk\client_class.obj
c:\users\taz-e\desktop\src_code\source-sdk-2013-template-master\mp\src\game\client\release_mod_sdk\dt_utlvector_recv.obj
c:\users\taz-e\desktop\src_code\source-sdk-2013-template-master\mp\src\game\client\release_mod_sdk\interpolatortypes.obj
c:\users\taz-e\desktop\src_code\source-sdk-2013-template-master\mp\src\game\client\release_mod_sdk\jigglebones.obj
c:\users\taz-e\desktop\src_code\source-sdk-2013-template-master\mp\src\game\client\release_mod_sdk\networkvar.obj
c:\users\taz-e\desktop\src_code\source-sdk-2013-template-master\mp\src\game\client\release_mod_sdk\posedebugger.obj
c:\users\taz-e\desktop\src_code\source-sdk-2013-template-master\mp\src\game\client\release_mod_sdk\randoverride.obj
c:\users\taz-e\desktop\src_code\source-sdk-2013-template-master\mp\src\game\client\release_mod_sdk\renamed_recvtable_compat.obj
c:\users\taz-e\desktop\src_code\source-sdk-2013-template-master\mp\src\game\client\release_mod_sdk\rendertexture.obj
c:\users\taz-e\desktop\src_code\source-sdk-2013-template-master\mp\src\game\client\release_mod_sdk\scratchpadutils.obj
c:\users\taz-e\desktop\src_code\source-sdk-2013-template-master\mp\src\game\client\release_mod_sdk\sheetsimulator.obj
c:\users\taz-e\desktop\src_code\source-sdk-2013-template-master\mp\src\game\client\release_mod_sdk\compiledcaptionswap.obj
c:\users\taz-e\desktop\src_code\source-sdk-2013-template-master\mp\src\game\client\release_mod_sdk\dt_recv.obj
c:\users\taz-e\desktop\src_code\source-sdk-2013-template-master\mp\src\game\client\release_mod_sdk\filesystem_helpers.obj
c:\users\taz-e\desktop\src_code\source-sdk-2013-template-master\mp\src\game\client\release_mod_sdk\interval.obj
c:\users\taz-e\desktop\src_code\source-sdk-2013-template-master\mp\src\game\client\release_mod_sdk\language.obj
c:\users\taz-e\desktop\src_code\source-sdk-2013-template-master\mp\src\game\client\release_mod_sdk\memoverride.obj
c:\users\taz-e\desktop\src_code\source-sdk-2013-template-master\mp\src\game\client\release_mod_sdk\mumble.obj
c:\users\taz-e\desktop\src_code\source-sdk-2013-template-master\mp\src\game\client\release_mod_sdk\vgui_controls.obj
c:\users\taz-e\desktop\src_code\source-sdk-2013-template-master\mp\src\game\client\release_mod_sdk\collisionutils.obj
c:\users\taz-e\desktop\src_code\source-sdk-2013-template-master\mp\src\game\client\release_mod_sdk\crtmemdebug.obj
c:\users\taz-e\desktop\src_code\source-sdk-2013-template-master\mp\src\game\client\release_mod_sdk\dt_utlvector_common.obj
c:\users\taz-e\desktop\src_code\source-sdk-2013-template-master\mp\src\game\client\release_mod_sdk\hud_lcd.obj
c:\users\taz-e\desktop\src_code\source-sdk-2013-template-master\mp\src\game\client\release_mod_sdk\scratchpad3d.obj
c:\users\taz-e\desktop\src_code\source-sdk-2013-template-master\mp\src\game\client\release_mod_sdk\simple_physics.obj
c:\users\taz-e\desktop\src_code\source-sdk-2013-template-master\mp\src\game\client\release_mod_sdk\studio.obj
c:\users\taz-e\desktop\src_code\source-sdk-2013-template-master\mp\src\game\client\release_mod_sdk\client.lib
c:\users\taz-e\desktop\src_code\source-sdk-2013-template-master\mp\src\game\client\release_mod_sdk\client.exp
c:\users\taz-e\desktop\src_code\source-sdk-2013-template-master\mp\src\game\client\release_mod_sdk\pointeroverride.obj
c:\users\taz-e\desktop\src_code\source-sdk-2013-template-master\mp\src\game\client\client_scratch.vpc.sentinel
c:\users\taz-e\desktop\src_code\source-sdk-2013-template-master\mp\src\game\client\release_mod_sdk\client.dll
c:\users\taz-e\desktop\src_code\source-sdk-2013-template-master\mp\src\game\client\release_mod_sdk\client.pdb
c:\users\taz-e\desktop\src_code\source-sdk-2013-template-master\mp\src\game\client\.\release_mod_sdk\client.dll
c:\users\taz-e\desktop\src_code\source-sdk-2013-template-master\mp\src\game\client\release_mod_sdk\client (sdk).tlog\cl.command.1.tlog
c:\users\taz-e\desktop\src_code\source-sdk-2013-template-master\mp\src\game\client\release_mod_sdk\client (sdk).tlog\cl.read.1.tlog
c:\users\taz-e\desktop\src_code\source-sdk-2013-template-master\mp\src\game\client\release_mod_sdk\client (sdk).tlog\cl.write.1.tlog
c:\users\taz-e\desktop\src_code\source-sdk-2013-template-master\mp\src\game\client\release_mod_sdk\client (sdk).tlog\client (sdk).write.1u.tlog
c:\users\taz-e\desktop\src_code\source-sdk-2013-template-master\mp\src\game\client\release_mod_sdk\client (sdk).tlog\custombuild.command.1.tlog
c:\users\taz-e\desktop\src_code\source-sdk-2013-template-master\mp\src\game\client\release_mod_sdk\client (sdk).tlog\custombuild.read.1.tlog
c:\users\taz-e\desktop\src_code\source-sdk-2013-template-master\mp\src\game\client\release_mod_sdk\client (sdk).tlog\custombuild.write.1.tlog
c:\users\taz-e\desktop\src_code\source-sdk-2013-template-master\mp\src\game\client\release_mod_sdk\client (sdk).tlog\link.command.1.tlog
c:\users\taz-e\desktop\src_code\source-sdk-2013-template-master\mp\src\game\client\release_mod_sdk\client (sdk).tlog\link.read.1.tlog
c:\users\taz-e\desktop\src_code\source-sdk-2013-template-master\mp\src\game\client\release_mod_sdk\client (sdk).tlog\link.write.1.tlog
