Build started 06/07/2023 13:01:15.
     1>Project "C:\Users\taz-e\Desktop\Src_code\source-sdk-2013-template-master\mp\src\game\server\server_sdk.vcxproj" on node 2 (Build target(s)).
     1>PreBuildEvent:
         if EXIST ..\..\..\game\mod_sdk\bin\.\server.dll for /f "delims=" %%A in ('attrib "..\..\..\game\mod_sdk\bin\.\server.dll"') do set valveTmpIsReadOnly="%%A"
         set valveTmpIsReadOnlyLetter=%valveTmpIsReadOnly:~6,1%
         if "%valveTmpIsReadOnlyLetter%"=="R" del /q "C:\Users\taz-e\Desktop\Src_code\source-sdk-2013-template-master\mp\src\game\server\Debug_mod_sdk\"server.dll
         if exist "..\..\devtools\bin\vpc.exe" "..\..\devtools\bin\vpc.exe" -crc2 "server_sdk.vcxproj"
         if ERRORLEVEL 1 exit /b 1
         
         :VCEnd
       CustomBuild:
         Compiling pointeroverride.asm
          Assembling: C:\Users\taz-e\Desktop\Src_code\source-sdk-2013-template-master\mp\src\public\tier0\pointeroverride.asm
         Microsoft (R) Macro Assembler Version 12.00.40629.0
         Copyright (C) Microsoft Corporation.  All rights reserved.
         
         Running VPC CRC Check - server_scratch.vpc
       ClCompile:
         C:\Program Files (x86)\Microsoft Visual Studio 12.0\VC\bin\CL.exe /c /I..\..\common /I..\..\public /I..\..\public\tier0 /I..\..\public\tier1 /I..\..\game\server\generated_proto_mod_sdk /I"..\..\thirdparty\protobuf-2.3.0\src" /I.\ /I..\..\game\shared /I..\..\utils\common /I..\..\game\shared\econ /I..\..\game\server\NextBot /I.\sdk /I..\..\game\shared\sdk /I..\..\game\shared\Multiplayer /ZI /nologo /W4 /WX /MP /Od /Oy- /D VPC /D RAD_TELEMETRY_DISABLED /D _HAS_ITERATOR_DEBUGGING=0 /D WIN32 /D _WIN32 /D _DEBUG /D DEBUG /D _WINDOWS /D _USRDLL /D _CRT_SECURE_NO_DEPRECATE /D _CRT_NONSTDC_NO_DEPRECATE /D _ALLOW_RUNTIME_LIBRARY_MISMATCH /D _ALLOW_ITERATOR_DEBUG_LEVEL_MISMATCH /D _ALLOW_MSC_VER_MISMATCH /D _USING_V110_SDK71_ /D _WINDLL /D _MBCS /D COMPILER_MSVC32 /D COMPILER_MSVC32 /D COMPILER_MSVC /D _DLL_EXT=.dll /D DLLNAME=server /D BINK_VIDEO /D AVI_VIDEO /D WMV_VIDEO /D DEV_BUILD /D FRAME_POINTER_OMISSION_DISABLED /D GAME_DLL /D VECTOR /D VERSION_SAFE_STEAM_API_INTERFACES /D PROTECTED_THINGS_ENABLE /D sprintf=use_Q_snprintf_instead_of_sprintf /D strncpy=use_Q_strncpy_instead /D _snprintf=use_Q_snprintf_instead /D fopen=dont_use_fopen /D USE_NAV_MESH /D SDK_DLL /D _EXTERNAL_DLL_EXT=.dll /D VPCGAMECAPS=SDK /D "PROJECTDIR=C:\Users\taz-e\Desktop\Src_code\source-sdk-2013-template-master\mp\src\game\server" /D _DLL_EXT=.dll /D SOURCE1=1 /D VPCGAME=sdk /GF /Gm- /MTd /GS /arch:SSE /fp:fast /Zc:wchar_t /Zc:forScope /GR /Yc"cbase.h" /Fp".\Debug_mod_sdk\server.pch" /Fo".\Debug_mod_sdk\/" /Fd".\Debug_mod_sdk\/vc120.pdb" /Gd /TP /wd4316 /analyze- /FC /errorReport:prompt /Zm200 /Gw /Zc:inline stdafx.cpp
         stdafx.cpp
         C:\Program Files (x86)\Microsoft Visual Studio 12.0\VC\bin\CL.exe /c /I..\..\common /I..\..\public /I..\..\public\tier0 /I..\..\public\tier1 /I..\..\game\server\generated_proto_mod_sdk /I"..\..\thirdparty\protobuf-2.3.0\src" /I.\ /I..\..\game\shared /I..\..\utils\common /I..\..\game\shared\econ /I..\..\game\server\NextBot /I.\sdk /I..\..\game\shared\sdk /I..\..\game\shared\Multiplayer /ZI /nologo /W4 /WX /MP /Od /Oy- /D VPC /D RAD_TELEMETRY_DISABLED /D _HAS_ITERATOR_DEBUGGING=0 /D WIN32 /D _WIN32 /D _DEBUG /D DEBUG /D _WINDOWS /D _USRDLL /D _CRT_SECURE_NO_DEPRECATE /D _CRT_NONSTDC_NO_DEPRECATE /D _ALLOW_RUNTIME_LIBRARY_MISMATCH /D _ALLOW_ITERATOR_DEBUG_LEVEL_MISMATCH /D _ALLOW_MSC_VER_MISMATCH /D _USING_V110_SDK71_ /D _WINDLL /D _MBCS /D COMPILER_MSVC32 /D COMPILER_MSVC32 /D COMPILER_MSVC /D _DLL_EXT=.dll /D DLLNAME=server /D BINK_VIDEO /D AVI_VIDEO /D WMV_VIDEO /D DEV_BUILD /D FRAME_POINTER_OMISSION_DISABLED /D GAME_DLL /D VECTOR /D VERSION_SAFE_STEAM_API_INTERFACES /D PROTECTED_THINGS_ENABLE /D sprintf=use_Q_snprintf_instead_of_sprintf /D strncpy=use_Q_strncpy_instead /D _snprintf=use_Q_snprintf_instead /D fopen=dont_use_fopen /D USE_NAV_MESH /D SDK_DLL /D _EXTERNAL_DLL_EXT=.dll /D VPCGAMECAPS=SDK /D "PROJECTDIR=C:\Users\taz-e\Desktop\Src_code\source-sdk-2013-template-master\mp\src\game\server" /D _DLL_EXT=.dll /D SOURCE1=1 /D VPCGAME=sdk /GF /Gm- /MTd /GS /arch:SSE /fp:fast /Zc:wchar_t /Zc:forScope /GR /Yu"cbase.h" /Fp".\Debug_mod_sdk\server.pch" /Fo".\Debug_mod_sdk\/" /Fd".\Debug_mod_sdk\/vc120.pdb" /Gd /TP /wd4316 /analyze- /FC /errorReport:prompt /Zm200 /Gw /Zc:inline gamedll_replay.cpp ..\..\game\shared\achievement_saverestore.cpp ..\..\game\shared\achievementmgr.cpp ..\..\game\shared\activitylist.cpp ai_activity.cpp ai_baseactor.cpp ai_basehumanoid.cpp ai_basenpc.cpp ai_basenpc_flyer.cpp ai_basenpc_flyer_new.cpp ai_basenpc_movement.cpp ai_basenpc_physicsflyer.cpp ai_basenpc_schedule.cpp ai_basenpc_squad.cpp ai_behavior.cpp ai_behavior_assault.cpp ai_behavior_fear.cpp ai_behavior_follow.cpp ai_behavior_lead.cpp ai_behavior_rappel.cpp ai_behavior_standoff.cpp ai_blended_movement.cpp ai_concommands.cpp ai_condition.cpp AI_Criteria.cpp ai_default.cpp ai_dynamiclink.cpp ai_event.cpp ai_goalentity.cpp ai_hint.cpp ai_hull.cpp ai_initutils.cpp AI_Interest_Target.cpp ai_link.cpp ai_localnavigator.cpp ai_looktarget.cpp ai_memory.cpp ai_motor.cpp ai_moveprobe.cpp ai_moveshoot.cpp ai_movesolver.cpp ai_namespaces.cpp ai_navigator.cpp ai_network.cpp ai_networkmanager.cpp ai_node.cpp ai_pathfinder.cpp ai_planesolver.cpp ai_playerally.cpp ai_relationship.cpp AI_ResponseSystem.cpp ai_route.cpp ai_saverestore.cpp ai_schedule.cpp ai_scriptconditions.cpp ai_senses.cpp ai_sentence.cpp ai_speech.cpp ai_speechfilter.cpp ai_squad.cpp ai_squadslot.cpp ai_tacticalservices.cpp ai_task.cpp ai_trackpather.cpp ai_utils.cpp ai_waypoint.cpp ..\..\game\shared\ammodef.cpp ..\..\game\shared\animation.cpp ..\..\game\shared\base_playeranimstate.cpp base_transmit_proxy.cpp ..\..\game\shared\baseachievement.cpp baseanimating.cpp BaseAnimatingOverlay.cpp basecombatcharacter.cpp ..\..\game\shared\basecombatcharacter_shared.cpp basecombatweapon.cpp ..\..\game\shared\basecombatweapon_shared.cpp baseentity.cpp ..\..\game\shared\baseentity_shared.cpp baseflex.cpp basegrenade_concussion.cpp basegrenade_contact.cpp ..\..\game\shared\basegrenade_shared.cpp basegrenade_timed.cpp basemultiplayerplayer.cpp ..\..\game\shared\baseparticleentity.cpp ..\..\game\shared\baseplayer_shared.cpp ..\..\game\shared\baseprojectile.cpp baseviewmodel.cpp ..\..\game\shared\baseviewmodel_shared.cpp ..\..\game\shared\beam_shared.cpp bitstring.cpp bmodels.cpp buttons.cpp cbase.cpp client.cpp ..\..\game\shared\collisionproperty.cpp colorcorrection.cpp colorcorrectionvolume.cpp CommentarySystem.cpp controlentities.cpp cplane.cpp CRagdollMagnet.cpp damagemodifier.cpp ..\..\game\shared\death_pose.cpp ..\..\game\shared\debugoverlay_shared.cpp ..\..\game\shared\decals.cpp doors.cpp dynamiclight.cpp ..\..\game\shared\effect_dispatch_data.cpp effects.cpp EffectsServer.cpp ..\..\game\shared\ehandle.cpp entityblocker.cpp EntityDissolve.cpp EntityFlame.cpp entitylist.cpp ..\..\game\shared\entitylist_base.cpp EntityParticleTrail.cpp ..\..\game\shared\EntityParticleTrail_Shared.cpp env_debughistory.cpp ..\..\game\shared\env_detail_controller.cpp env_effectsscript.cpp env_entity_maker.cpp env_particlescript.cpp env_player_surface_trigger.cpp env_projectedtexture.cpp env_screenoverlay.cpp env_texturetoggle.cpp env_tonemap_controller.cpp ..\..\game\shared\env_wind_shared.cpp env_zoom.cpp EnvBeam.cpp EnvFade.cpp EnvHudHint.cpp EnvLaser.cpp EnvMessage.cpp envmicrophone.cpp EnvShake.cpp EnvSpark.cpp ..\..\game\shared\eventlist.cpp EventLog.cpp explode.cpp filters.cpp fire.cpp fire_smoke.cpp fish.cpp fogcontroller.cpp fourwheelvehiclephysics.cpp func_areaportal.cpp func_areaportalbase.cpp func_areaportalwindow.cpp func_break.cpp func_breakablesurf.cpp func_dust.cpp ..\..\game\shared\func_ladder.cpp func_ladder_endpoint.cpp func_lod.cpp Func_Monitor.cpp func_movelinear.cpp func_occluder.cpp func_reflective_glass.cpp func_smokevolume.cpp game.cpp game_ui.cpp gameinterface.cpp ..\..\game\shared\gamemovement.cpp ..\..\game\shared\gamerules.cpp ..\..\game\shared\gamerules_register.cpp ..\..\game\shared\GameStats.cpp ..\..\game\shared\gamestringpool.cpp gametrace_dll.cpp ..\..\game\shared\gamevars_shared.cpp gameweaponmanager.cpp genericactor.cpp genericmonster.cpp gib.cpp globals.cpp globalstate.cpp grenadethrown.cpp guntarget.cpp h_ai.cpp h_cycler.cpp ..\..\public\haptics\haptic_msgs.cpp ..\..\public\haptics\haptic_utils.cpp hierarchy.cpp ..\..\game\shared\hintmessage.cpp ..\..\game\shared\hintsystem.cpp hltvdirector.cpp ..\..\game\shared\igamesystem.cpp info_camera_link.cpp info_overlay_accessor.cpp intermission.cpp item_world.cpp lightglow.cpp lights.cpp logic_measure_movement.cpp logic_navigation.cpp logicauto.cpp logicentities.cpp logicrelay.cpp mapentities.cpp ..\..\game\shared\mapentities_shared.cpp maprules.cpp MaterialModifyControl.cpp message_entity.cpp modelentities.cpp ..\..\game\shared\ModelSoundsCache.cpp monstermaker.cpp movehelper_server.cpp movement.cpp ..\..\game\shared\movevars_shared.cpp ..\..\game\shared\mp_shareddefs.cpp ..\..\game\shared\multiplay_gamerules.cpp ndebugoverlay.cpp npc_vehicledriver.cpp ..\..\game\shared\obstacle_pushaway.cpp particle_light.cpp ..\..\game\shared\particle_parse.cpp particle_system.cpp ..\..\game\shared\particlesystemquery.cpp pathcorner.cpp pathtrack.cpp phys_controller.cpp physconstraint.cpp physics.cpp physics_bone_follower.cpp physics_cannister.cpp physics_fx.cpp physics_impact_damage.cpp physics_main.cpp ..\..\game\shared\physics_main_shared.cpp physics_npc_solver.cpp physics_prop_ragdoll.cpp ..\..\game\shared\physics_saverestore.cpp ..\..\game\shared\physics_shared.cpp physobj.cpp player.cpp player_command.cpp player_lagcompensation.cpp player_pickup.cpp player_resource.cpp ..\..\game\shared\playerclass_info_parse.cpp playerinfomanager.cpp playerlocaldata.cpp plugin_check.cpp ..\..\game\shared\point_bonusmaps_accessor.cpp point_camera.cpp point_devshot_camera.cpp point_playermoveconstraint.cpp ..\..\game\shared\point_posecontroller.cpp point_spotlight.cpp point_template.cpp pointanglesensor.cpp PointAngularVelocitySensor.cpp pointhurt.cpp pointteleport.cpp ..\..\game\shared\precache_register.cpp ..\..\game\shared\predictableid.cpp ..\..\game\shared\predicted_viewmodel.cpp props.cpp ..\..\game\shared\props_shared.cpp ..\..\game\shared\querycache.cpp ragdoll_manager.cpp ..\..\game\shared\ragdoll_shared.cpp RagdollBoogie.cpp recipientfilter.cpp rope.cpp ..\..\game\shared\rope_helpers.cpp ..\..\game\shared\saverestore.cpp saverestore_gamedll.cpp ..\..\game\shared\SceneCache.cpp sceneentity.cpp ..\..\game\shared\sceneentity_shared.cpp scratchpad_gamedll_helpers.cpp scripted.cpp scriptedtarget.cpp sendproxy.cpp ..\..\game\shared\sequence_Transitioner.cpp ..\..\game\server\serverbenchmark_base.cpp ServerNetworkProperty.cpp shadowcontrol.cpp ..\..\game\shared\simtimer.cpp ..\..\game\shared\singleplay_gamerules.cpp SkyCamera.cpp slideshow_display.cpp sound.cpp ..\..\game\shared\SoundEmitterSystem.cpp soundent.cpp ..\..\game\shared\soundenvelope.cpp ..\..\public\SoundParametersInternal.cpp soundscape.cpp soundscape_system.cpp spotlightend.cpp ..\..\game\shared\Sprite.cpp sprite_perfmonitor.cpp ..\..\game\shared\studio_shared.cpp subs.cpp sun.cpp tactical_mission.cpp ..\..\game\shared\takedamageinfo.cpp tanktrain.cpp team.cpp team_control_point.cpp team_control_point_master.cpp team_control_point_round.cpp team_objectiveresource.cpp team_spawnpoint.cpp team_train_watcher.cpp ..\..\game\shared\teamplay_gamerules.cpp ..\..\game\shared\teamplay_round_timer.cpp ..\..\game\shared\teamplayroundbased_gamerules.cpp TemplateEntities.cpp tempmonster.cpp tesla.cpp ..\..\game\shared\test_ehandle.cpp test_proxytoggle.cpp test_stressentities.cpp testfunctions.cpp testtraceline.cpp textstatsmgr.cpp timedeventmgr.cpp trains.cpp trigger_area_capture.cpp triggers.cpp ..\..\game\shared\usercmd.cpp util.cpp ..\..\game\shared\util_shared.cpp variant_t.cpp vehicle_base.cpp vehicle_baseserver.cpp ..\..\game\shared\vehicle_viewblend_shared.cpp vguiscreen.cpp ..\..\game\shared\voice_gamemgr.cpp ..\..\game\server\vote_controller.cpp waterbullet.cpp WaterLODControl.cpp wcedit.cpp ..\..\game\shared\weapon_parse.cpp ..\..\game\shared\weapon_proficiency.cpp weight_button.cpp world.cpp nav_area.cpp nav_colors.cpp nav_edit.cpp nav_entities.cpp nav_file.cpp nav_generate.cpp nav_ladder.cpp nav_merge.cpp nav_mesh.cpp nav_mesh_factory.cpp nav_node.cpp nav_simplify.cpp sdk\sdk_brushentity.cpp sdk\sdk_client.cpp sdk\sdk_env_message.cpp sdk\sdk_env_sparkler.cpp sdk\sdk_eventlog.cpp sdk\sdk_gameinterface.cpp ..\..\game\shared\sdk\sdk_gamemovement.cpp sdk\sdk_logicalentity.cpp sdk\sdk_modelentity.cpp ..\..\game\shared\sdk\sdk_player_shared.cpp ..\..\game\shared\sdk\sdk_playerclass_info_parse.cpp ..\..\game\shared\sdk\sdk_shareddefs.cpp ..\..\game\shared\sdk\sdk_usermessages.cpp sdk\sdk_vehicle_jeep.cpp sdk\te_firebullets.cpp ..\..\game\shared\Multiplayer\multiplayer_animstate.cpp sdk\bot_main.cpp sdk\sdk_player.cpp sdk\sdk_player_resource.cpp ..\..\game\shared\sdk\sdk_playeranimstate.cpp sdk\sdk_playermove.cpp ..\..\game\shared\sdk\sdk_gamerules.cpp sdk\sdk_team.cpp ..\..\game\shared\sdk\sdk_basegrenade_projectile.cpp ..\..\game\shared\sdk\sdk_fx_shared.cpp ..\..\game\shared\sdk\sdk_weapon_melee.cpp ..\..\game\shared\sdk\sdk_weapon_parse.cpp ..\..\game\shared\sdk\weapon_basesdkgrenade.cpp ..\..\game\shared\sdk\weapon_crowbar.cpp ..\..\game\shared\sdk\weapon_grenade.cpp ..\..\game\shared\sdk\weapon_mp5.cpp ..\..\game\shared\sdk\weapon_pistol.cpp ..\..\game\shared\sdk\weapon_sdkbase.cpp ..\..\game\shared\sdk\weapon_shotgun.cpp basetempentity.cpp event_tempentity_tester.cpp movie_explosion.cpp particle_fire.cpp particle_smokegrenade.cpp plasma.cpp smoke_trail.cpp smokestack.cpp ..\..\game\shared\SpriteTrail.cpp steamjet.cpp te.cpp te_armorricochet.cpp te_basebeam.cpp te_beamentpoint.cpp te_beaments.cpp te_beamfollow.cpp te_beamlaser.cpp te_beampoints.cpp te_beamring.cpp te_beamringpoint.cpp te_beamspline.cpp te_bloodsprite.cpp te_bloodstream.cpp te_breakmodel.cpp te_bspdecal.cpp te_bubbles.cpp te_bubbletrail.cpp te_clientprojectile.cpp te_decal.cpp te_dynamiclight.cpp te_effect_dispatch.cpp te_energysplash.cpp te_explosion.cpp te_fizz.cpp te_footprintdecal.cpp te_glassshatter.cpp te_glowsprite.cpp te_impact.cpp te_killplayerattachments.cpp te_largefunnel.cpp te_muzzleflash.cpp te_particlesystem.cpp te_physicsprop.cpp te_playerdecal.cpp te_projecteddecal.cpp te_showline.cpp te_smoke.cpp te_sparks.cpp te_sprite.cpp te_spritespray.cpp te_worlddecal.cpp ..\..\game\shared\usermessages.cpp entity_tools_server.cpp toolframework_server.cpp
         gamedll_replay.cpp
         achievement_saverestore.cpp
         achievementmgr.cpp
         activitylist.cpp
         ai_activity.cpp
         ai_baseactor.cpp
         ai_basehumanoid.cpp
         ai_basenpc.cpp
         ai_basenpc_flyer.cpp
         ai_basenpc_flyer_new.cpp
         ai_basenpc_movement.cpp
         ai_basenpc_physicsflyer.cpp
         ai_basenpc_schedule.cpp
         ai_basenpc_squad.cpp
         ai_behavior.cpp
         ai_behavior_assault.cpp
         ai_behavior_fear.cpp
         ai_behavior_follow.cpp
         ai_behavior_lead.cpp
         ai_behavior_rappel.cpp
         ai_behavior_standoff.cpp
         ai_blended_movement.cpp
         ai_concommands.cpp
         ai_condition.cpp
         AI_Criteria.cpp
         ai_default.cpp
         ai_dynamiclink.cpp
         ai_event.cpp
         ai_goalentity.cpp
         ai_hint.cpp
         ai_hull.cpp
         ai_initutils.cpp
         AI_Interest_Target.cpp
         ai_link.cpp
         ai_localnavigator.cpp
         ai_looktarget.cpp
         ai_memory.cpp
         ai_motor.cpp
         ai_moveprobe.cpp
         ai_moveshoot.cpp
         ai_movesolver.cpp
         ai_namespaces.cpp
         ai_navigator.cpp
         ai_network.cpp
         ai_networkmanager.cpp
         ai_node.cpp
         ai_pathfinder.cpp
         ai_planesolver.cpp
         ai_playerally.cpp
         ai_relationship.cpp
         AI_ResponseSystem.cpp
         ai_route.cpp
         ai_saverestore.cpp
         ai_schedule.cpp
         ai_scriptconditions.cpp
         ai_senses.cpp
         ai_sentence.cpp
         ai_speech.cpp
         ai_speechfilter.cpp
         ai_squad.cpp
         ai_squadslot.cpp
         ai_tacticalservices.cpp
         ai_task.cpp
         ai_trackpather.cpp
         ai_utils.cpp
         ai_waypoint.cpp
         ammodef.cpp
         animation.cpp
         base_playeranimstate.cpp
         base_transmit_proxy.cpp
         baseachievement.cpp
         baseanimating.cpp
         BaseAnimatingOverlay.cpp
         basecombatcharacter.cpp
         basecombatcharacter_shared.cpp
         basecombatweapon.cpp
         basecombatweapon_shared.cpp
         baseentity.cpp
         baseentity_shared.cpp
         baseflex.cpp
         basegrenade_concussion.cpp
         basegrenade_contact.cpp
         basegrenade_shared.cpp
         basegrenade_timed.cpp
         basemultiplayerplayer.cpp
         baseparticleentity.cpp
         baseplayer_shared.cpp
         baseprojectile.cpp
         baseviewmodel.cpp
         baseviewmodel_shared.cpp
         beam_shared.cpp
         bitstring.cpp
         bmodels.cpp
         buttons.cpp
         cbase.cpp
         client.cpp
         collisionproperty.cpp
         colorcorrection.cpp
         colorcorrectionvolume.cpp
         CommentarySystem.cpp
         controlentities.cpp
         cplane.cpp
         CRagdollMagnet.cpp
         damagemodifier.cpp
         death_pose.cpp
         debugoverlay_shared.cpp
         decals.cpp
         doors.cpp
         dynamiclight.cpp
         effect_dispatch_data.cpp
         effects.cpp
         EffectsServer.cpp
         ehandle.cpp
         entityblocker.cpp
         EntityDissolve.cpp
         EntityFlame.cpp
         entitylist.cpp
         entitylist_base.cpp
         EntityParticleTrail.cpp
         EntityParticleTrail_Shared.cpp
         env_debughistory.cpp
         env_detail_controller.cpp
         env_effectsscript.cpp
         env_entity_maker.cpp
         env_particlescript.cpp
         env_player_surface_trigger.cpp
         env_projectedtexture.cpp
         env_screenoverlay.cpp
         env_texturetoggle.cpp
         env_tonemap_controller.cpp
         env_wind_shared.cpp
         env_zoom.cpp
         EnvBeam.cpp
         EnvFade.cpp
         EnvHudHint.cpp
         EnvLaser.cpp
         EnvMessage.cpp
         envmicrophone.cpp
         EnvShake.cpp
         EnvSpark.cpp
         eventlist.cpp
         EventLog.cpp
         explode.cpp
         filters.cpp
         fire.cpp
         fire_smoke.cpp
         fish.cpp
         fogcontroller.cpp
         fourwheelvehiclephysics.cpp
         func_areaportal.cpp
         func_areaportalbase.cpp
         func_areaportalwindow.cpp
         func_break.cpp
         func_breakablesurf.cpp
         func_dust.cpp
         func_ladder.cpp
         func_ladder_endpoint.cpp
         func_lod.cpp
         Func_Monitor.cpp
         func_movelinear.cpp
         func_occluder.cpp
         func_reflective_glass.cpp
         func_smokevolume.cpp
         game.cpp
         game_ui.cpp
         gameinterface.cpp
         gamemovement.cpp
         gamerules.cpp
         gamerules_register.cpp
         GameStats.cpp
         gamestringpool.cpp
         gametrace_dll.cpp
         gamevars_shared.cpp
         gameweaponmanager.cpp
         genericactor.cpp
         genericmonster.cpp
         gib.cpp
         globals.cpp
         globalstate.cpp
         grenadethrown.cpp
         guntarget.cpp
         h_ai.cpp
         h_cycler.cpp
         haptic_msgs.cpp
         haptic_utils.cpp
         hierarchy.cpp
         hintmessage.cpp
         hintsystem.cpp
         hltvdirector.cpp
         igamesystem.cpp
         info_camera_link.cpp
         info_overlay_accessor.cpp
         intermission.cpp
         item_world.cpp
         lightglow.cpp
         lights.cpp
         logic_measure_movement.cpp
         logic_navigation.cpp
         logicauto.cpp
         logicentities.cpp
         logicrelay.cpp
         mapentities.cpp
         mapentities_shared.cpp
         maprules.cpp
         MaterialModifyControl.cpp
         message_entity.cpp
         modelentities.cpp
         ModelSoundsCache.cpp
         monstermaker.cpp
         movehelper_server.cpp
         movement.cpp
         movevars_shared.cpp
         mp_shareddefs.cpp
         multiplay_gamerules.cpp
         ndebugoverlay.cpp
         npc_vehicledriver.cpp
         obstacle_pushaway.cpp
         particle_light.cpp
         particle_parse.cpp
         particle_system.cpp
         particlesystemquery.cpp
         pathcorner.cpp
         pathtrack.cpp
         phys_controller.cpp
         physconstraint.cpp
         physics.cpp
         physics_bone_follower.cpp
         physics_cannister.cpp
         physics_fx.cpp
         physics_impact_damage.cpp
         physics_main.cpp
         physics_main_shared.cpp
         physics_npc_solver.cpp
         physics_prop_ragdoll.cpp
         physics_saverestore.cpp
         physics_shared.cpp
         physobj.cpp
         player.cpp
         player_command.cpp
         player_lagcompensation.cpp
         player_pickup.cpp
         player_resource.cpp
         playerclass_info_parse.cpp
         playerinfomanager.cpp
         playerlocaldata.cpp
         plugin_check.cpp
         point_bonusmaps_accessor.cpp
         point_camera.cpp
         point_devshot_camera.cpp
         point_playermoveconstraint.cpp
         point_posecontroller.cpp
         point_spotlight.cpp
         point_template.cpp
         pointanglesensor.cpp
         PointAngularVelocitySensor.cpp
         pointhurt.cpp
         pointteleport.cpp
         precache_register.cpp
         predictableid.cpp
         predicted_viewmodel.cpp
         props.cpp
         props_shared.cpp
         querycache.cpp
         ragdoll_manager.cpp
         ragdoll_shared.cpp
         RagdollBoogie.cpp
         recipientfilter.cpp
         rope.cpp
         rope_helpers.cpp
         saverestore.cpp
         saverestore_gamedll.cpp
         SceneCache.cpp
         sceneentity.cpp
         sceneentity_shared.cpp
         scratchpad_gamedll_helpers.cpp
         scripted.cpp
         scriptedtarget.cpp
         sendproxy.cpp
         sequence_Transitioner.cpp
         serverbenchmark_base.cpp
         ServerNetworkProperty.cpp
         shadowcontrol.cpp
         simtimer.cpp
         singleplay_gamerules.cpp
         SkyCamera.cpp
         slideshow_display.cpp
         sound.cpp
         SoundEmitterSystem.cpp
         soundent.cpp
         soundenvelope.cpp
         SoundParametersInternal.cpp
         soundscape.cpp
         soundscape_system.cpp
         spotlightend.cpp
         Sprite.cpp
         sprite_perfmonitor.cpp
         studio_shared.cpp
         subs.cpp
         sun.cpp
         tactical_mission.cpp
         takedamageinfo.cpp
         tanktrain.cpp
         team.cpp
         team_control_point.cpp
         team_control_point_master.cpp
         team_control_point_round.cpp
         team_objectiveresource.cpp
         team_spawnpoint.cpp
         team_train_watcher.cpp
         teamplay_gamerules.cpp
         teamplay_round_timer.cpp
         teamplayroundbased_gamerules.cpp
         TemplateEntities.cpp
         tempmonster.cpp
         tesla.cpp
         test_ehandle.cpp
         test_proxytoggle.cpp
         test_stressentities.cpp
         testfunctions.cpp
         testtraceline.cpp
         textstatsmgr.cpp
         timedeventmgr.cpp
         trains.cpp
         trigger_area_capture.cpp
         triggers.cpp
         usercmd.cpp
         util.cpp
         util_shared.cpp
         variant_t.cpp
         vehicle_base.cpp
         vehicle_baseserver.cpp
         vehicle_viewblend_shared.cpp
         vguiscreen.cpp
         voice_gamemgr.cpp
         vote_controller.cpp
         waterbullet.cpp
         WaterLODControl.cpp
         wcedit.cpp
         weapon_parse.cpp
         weapon_proficiency.cpp
         weight_button.cpp
         world.cpp
         nav_area.cpp
         nav_colors.cpp
         nav_edit.cpp
         nav_entities.cpp
         nav_file.cpp
         nav_generate.cpp
         nav_ladder.cpp
         nav_merge.cpp
         nav_mesh.cpp
         nav_mesh_factory.cpp
         nav_node.cpp
         nav_simplify.cpp
         sdk_brushentity.cpp
         sdk_client.cpp
         sdk_env_message.cpp
         sdk_env_sparkler.cpp
         sdk_eventlog.cpp
         sdk_gameinterface.cpp
         sdk_gamemovement.cpp
         sdk_logicalentity.cpp
         sdk_modelentity.cpp
         sdk_player_shared.cpp
         sdk_playerclass_info_parse.cpp
         sdk_shareddefs.cpp
         sdk_usermessages.cpp
         sdk_vehicle_jeep.cpp
         te_firebullets.cpp
         multiplayer_animstate.cpp
         bot_main.cpp
         sdk_player.cpp
         sdk_player_resource.cpp
     1>c:\users\taz-e\desktop\src_code\source-sdk-2013-template-master\mp\src\game\server\sdk\bot_navigation.h(56): error C2248: 'CBasePropDoor::DoorOpen' : cannot access private member declared in class 'CBasePropDoor' (sdk\bot_main.cpp)
                 c:\users\taz-e\desktop\src_code\source-sdk-2013-template-master\mp\src\game\server\basepropdoor.h(134) : see declaration of 'CBasePropDoor::DoorOpen'
                 c:\users\taz-e\desktop\src_code\source-sdk-2013-template-master\mp\src\game\server\basepropdoor.h(35) : see declaration of 'CBasePropDoor'
     1>c:\users\taz-e\desktop\src_code\source-sdk-2013-template-master\mp\src\game\server\sdk\bot_navigation.h(132): error C2248: 'CSDKPlayer::GetPlayerMins' : cannot access private member declared in class 'CSDKPlayer' (sdk\bot_main.cpp)
                 c:\users\taz-e\desktop\src_code\source-sdk-2013-template-master\mp\src\game\server\sdk\sdk_player.h(209) : see declaration of 'CSDKPlayer::GetPlayerMins'
                 c:\users\taz-e\desktop\src_code\source-sdk-2013-template-master\mp\src\game\server\sdk\sdk_player.h(32) : see declaration of 'CSDKPlayer'
     1>c:\users\taz-e\desktop\src_code\source-sdk-2013-template-master\mp\src\game\server\sdk\bot_navigation.h(132): error C2248: 'CSDKPlayer::GetPlayerMaxs' : cannot access private member declared in class 'CSDKPlayer' (sdk\bot_main.cpp)
                 c:\users\taz-e\desktop\src_code\source-sdk-2013-template-master\mp\src\game\server\sdk\sdk_player.h(210) : see declaration of 'CSDKPlayer::GetPlayerMaxs'
                 c:\users\taz-e\desktop\src_code\source-sdk-2013-template-master\mp\src\game\server\sdk\sdk_player.h(32) : see declaration of 'CSDKPlayer'
     1>c:\users\taz-e\desktop\src_code\source-sdk-2013-template-master\mp\src\game\server\sdk\bot_navigation.h(311): error C2440: 'initializing' : cannot convert from 'CNavLadder *' to 'int' (sdk\bot_main.cpp)
                 There is no context in which this conversion is possible
     1>c:\users\taz-e\desktop\src_code\source-sdk-2013-template-master\mp\src\game\server\sdk\bot_navigation.h(311): error C2039: 'IsUtlLinkedList' : is not a member of 'CUtlVector<CNavLadder *,CUtlMemory<T,int>>'
                 with
                 [
                     T=CNavLadder *
                 ] (sdk\bot_main.cpp)
     1>c:\users\taz-e\desktop\src_code\source-sdk-2013-template-master\mp\src\game\server\sdk\bot_navigation.h(311): error C2039: 'Next' : is not a member of 'CUtlVector<CNavLadder *,CUtlMemory<T,int>>'
                 with
                 [
                     T=CNavLadder *
                 ] (sdk\bot_main.cpp)
     1>c:\users\taz-e\desktop\src_code\source-sdk-2013-template-master\mp\src\game\server\sdk\bot_navigation.h(496): error C2248: 'CSDKPlayer::GetPlayerMins' : cannot access private member declared in class 'CSDKPlayer' (sdk\bot_main.cpp)
                 c:\users\taz-e\desktop\src_code\source-sdk-2013-template-master\mp\src\game\server\sdk\sdk_player.h(209) : see declaration of 'CSDKPlayer::GetPlayerMins'
                 c:\users\taz-e\desktop\src_code\source-sdk-2013-template-master\mp\src\game\server\sdk\sdk_player.h(32) : see declaration of 'CSDKPlayer'
     1>c:\users\taz-e\desktop\src_code\source-sdk-2013-template-master\mp\src\game\server\sdk\bot_navigation.h(496): error C2248: 'CSDKPlayer::GetPlayerMaxs' : cannot access private member declared in class 'CSDKPlayer' (sdk\bot_main.cpp)
                 c:\users\taz-e\desktop\src_code\source-sdk-2013-template-master\mp\src\game\server\sdk\sdk_player.h(210) : see declaration of 'CSDKPlayer::GetPlayerMaxs'
                 c:\users\taz-e\desktop\src_code\source-sdk-2013-template-master\mp\src\game\server\sdk\sdk_player.h(32) : see declaration of 'CSDKPlayer'
     1>c:\users\taz-e\desktop\src_code\source-sdk-2013-template-master\mp\src\game\server\sdk\bot_navigation.h(622): error C2248: 'CSDKPlayer::GetPlayerMins' : cannot access private member declared in class 'CSDKPlayer' (sdk\bot_main.cpp)
                 c:\users\taz-e\desktop\src_code\source-sdk-2013-template-master\mp\src\game\server\sdk\sdk_player.h(209) : see declaration of 'CSDKPlayer::GetPlayerMins'
                 c:\users\taz-e\desktop\src_code\source-sdk-2013-template-master\mp\src\game\server\sdk\sdk_player.h(32) : see declaration of 'CSDKPlayer'
     1>c:\users\taz-e\desktop\src_code\source-sdk-2013-template-master\mp\src\game\server\sdk\bot_navigation.h(622): error C2248: 'CSDKPlayer::GetPlayerMaxs' : cannot access private member declared in class 'CSDKPlayer' (sdk\bot_main.cpp)
                 c:\users\taz-e\desktop\src_code\source-sdk-2013-template-master\mp\src\game\server\sdk\sdk_player.h(210) : see declaration of 'CSDKPlayer::GetPlayerMaxs'
                 c:\users\taz-e\desktop\src_code\source-sdk-2013-template-master\mp\src\game\server\sdk\sdk_player.h(32) : see declaration of 'CSDKPlayer'
     1>c:\users\taz-e\desktop\src_code\source-sdk-2013-template-master\mp\src\game\server\sdk\bot_main.cpp(240): error C2248: 'CSDKPlayer::GetPlayerMins' : cannot access private member declared in class 'CSDKPlayer'
                 c:\users\taz-e\desktop\src_code\source-sdk-2013-template-master\mp\src\game\server\sdk\sdk_player.h(209) : see declaration of 'CSDKPlayer::GetPlayerMins'
                 c:\users\taz-e\desktop\src_code\source-sdk-2013-template-master\mp\src\game\server\sdk\sdk_player.h(32) : see declaration of 'CSDKPlayer'
     1>c:\users\taz-e\desktop\src_code\source-sdk-2013-template-master\mp\src\game\server\sdk\bot_main.cpp(240): error C2248: 'CSDKPlayer::GetPlayerMaxs' : cannot access private member declared in class 'CSDKPlayer'
                 c:\users\taz-e\desktop\src_code\source-sdk-2013-template-master\mp\src\game\server\sdk\sdk_player.h(210) : see declaration of 'CSDKPlayer::GetPlayerMaxs'
                 c:\users\taz-e\desktop\src_code\source-sdk-2013-template-master\mp\src\game\server\sdk\sdk_player.h(32) : see declaration of 'CSDKPlayer'
         sdk_playeranimstate.cpp
         sdk_playermove.cpp
         sdk_gamerules.cpp
         sdk_team.cpp
         sdk_basegrenade_projectile.cpp
         sdk_fx_shared.cpp
         sdk_weapon_melee.cpp
         sdk_weapon_parse.cpp
         weapon_basesdkgrenade.cpp
         weapon_crowbar.cpp
         weapon_grenade.cpp
         weapon_mp5.cpp
         weapon_pistol.cpp
         weapon_sdkbase.cpp
         weapon_shotgun.cpp
         basetempentity.cpp
         event_tempentity_tester.cpp
         movie_explosion.cpp
         particle_fire.cpp
         particle_smokegrenade.cpp
         plasma.cpp
         smoke_trail.cpp
         smokestack.cpp
         SpriteTrail.cpp
         steamjet.cpp
         te.cpp
         te_armorricochet.cpp
         te_basebeam.cpp
         te_beamentpoint.cpp
         te_beaments.cpp
         te_beamfollow.cpp
         te_beamlaser.cpp
         te_beampoints.cpp
         te_beamring.cpp
         te_beamringpoint.cpp
         te_beamspline.cpp
         te_bloodsprite.cpp
         te_bloodstream.cpp
         te_breakmodel.cpp
         te_bspdecal.cpp
         te_bubbles.cpp
         te_bubbletrail.cpp
         te_clientprojectile.cpp
         te_decal.cpp
         te_dynamiclight.cpp
         te_effect_dispatch.cpp
         te_energysplash.cpp
         te_explosion.cpp
         te_fizz.cpp
         te_footprintdecal.cpp
         te_glassshatter.cpp
         te_glowsprite.cpp
         te_impact.cpp
         te_killplayerattachments.cpp
         te_largefunnel.cpp
         te_muzzleflash.cpp
         te_particlesystem.cpp
         te_physicsprop.cpp
         te_playerdecal.cpp
         te_projecteddecal.cpp
         te_showline.cpp
         te_smoke.cpp
         te_sparks.cpp
         te_sprite.cpp
         te_spritespray.cpp
         te_worlddecal.cpp
         usermessages.cpp
         entity_tools_server.cpp
         toolframework_server.cpp
     1>Done Building Project "C:\Users\taz-e\Desktop\Src_code\source-sdk-2013-template-master\mp\src\game\server\server_sdk.vcxproj" (Build target(s)) -- FAILED.

Build FAILED.

Time Elapsed 00:02:25.97
