Build started 07/07/2023 21:07:28.
     1>Project "C:\Users\taz-e\Desktop\Src_code\source-sdk-2013-template-master\mp\src\game\server\server_sdk.vcxproj" on node 2 (Rebuild target(s)).
     1>PreBuildEvent:
         if EXIST ..\..\..\game\mod_sdk\bin\.\server.dll for /f "delims=" %%A in ('attrib "..\..\..\game\mod_sdk\bin\.\server.dll"') do set valveTmpIsReadOnly="%%A"
         set valveTmpIsReadOnlyLetter=%valveTmpIsReadOnly:~6,1%
         if "%valveTmpIsReadOnlyLetter%"=="R" del /q "C:\Users\taz-e\Desktop\Src_code\source-sdk-2013-template-master\mp\src\game\server\Release_mod_sdk\"server.dll
         if exist "..\..\devtools\bin\vpc.exe" "..\..\devtools\bin\vpc.exe" -crc2 "server_sdk.vcxproj"
         if ERRORLEVEL 1 exit /b 1
         
         :VCEnd
       CustomBuild:
         Compiling pointeroverride.asm
          Assembling: C:\Users\taz-e\Desktop\Src_code\source-sdk-2013-template-master\mp\src\public\tier0\pointeroverride.asm
         Microsoft (R) Macro Assembler Version 12.00.40629.0
         Copyright (C) Microsoft Corporation.  All rights reserved.
         
         Running VPC CRC Check - server_scratch.vpc
       ClCompile:
         C:\Program Files (x86)\Microsoft Visual Studio 12.0\VC\bin\CL.exe /c /I..\..\common /I..\..\public /I..\..\public\tier0 /I..\..\public\tier1 /I..\..\game\server\generated_proto_mod_sdk /I"..\..\thirdparty\protobuf-2.3.0\src" /I.\ /I..\..\game\shared /I..\..\utils\common /I..\..\game\shared\econ /I..\..\game\server\NextBot /I.\sdk /I..\..\game\shared\sdk /I..\..\game\shared\Multiplayer /Zi /nologo /W4 /WX /MP /O2 /Ob2 /Oi /Ot /Oy- /D VPC /D RAD_TELEMETRY_DISABLED /D WIN32 /D _WIN32 /D NDEBUG /D _WINDOWS /D _USRDLL /D _CRT_SECURE_NO_DEPRECATE /D _CRT_NONSTDC_NO_DEPRECATE /D _ALLOW_RUNTIME_LIBRARY_MISMATCH /D _ALLOW_ITERATOR_DEBUG_LEVEL_MISMATCH /D _ALLOW_MSC_VER_MISMATCH /D _USING_V110_SDK71_ /D _WINDLL /D _MBCS /D COMPILER_MSVC32 /D COMPILER_MSVC32 /D COMPILER_MSVC /D _DLL_EXT=.dll /D DLLNAME=server /D BINK_VIDEO /D AVI_VIDEO /D WMV_VIDEO /D DEV_BUILD /D FRAME_POINTER_OMISSION_DISABLED /D GAME_DLL /D VECTOR /D VERSION_SAFE_STEAM_API_INTERFACES /D PROTECTED_THINGS_ENABLE /D sprintf=use_Q_snprintf_instead_of_sprintf /D strncpy=use_Q_strncpy_instead /D _snprintf=use_Q_snprintf_instead /D fopen=dont_use_fopen /D USE_NAV_MESH /D SDK_DLL /D _EXTERNAL_DLL_EXT=.dll /D VPCGAMECAPS=SDK /D "PROJECTDIR=C:\Users\taz-e\Desktop\Src_code\source-sdk-2013-template-master\mp\src\game\server" /D _DLL_EXT=.dll /D SOURCE1=1 /D VPCGAME=sdk /GF /Gm- /MT /GS /Gy /arch:SSE /fp:fast /Zc:wchar_t /Zc:forScope /GR /Yc"cbase.h" /Fp".\Release_mod_sdk\server.pch" /Fo".\Release_mod_sdk\/" /Fd".\Release_mod_sdk\/vc120.pdb" /Gd /TP /wd4316 /analyze- /FC /errorReport:prompt /Zm200 /Zo /Gw /Zc:inline stdafx.cpp
         stdafx.cpp
         C:\Program Files (x86)\Microsoft Visual Studio 12.0\VC\bin\CL.exe /c /I..\..\common /I..\..\public /I..\..\public\tier0 /I..\..\public\tier1 /I..\..\game\server\generated_proto_mod_sdk /I"..\..\thirdparty\protobuf-2.3.0\src" /I.\ /I..\..\game\shared /I..\..\utils\common /I..\..\game\shared\econ /I..\..\game\server\NextBot /I.\sdk /I..\..\game\shared\sdk /I..\..\game\shared\Multiplayer /Zi /nologo /W4 /WX /MP /O2 /Ob2 /Oi /Ot /Oy- /D VPC /D RAD_TELEMETRY_DISABLED /D WIN32 /D _WIN32 /D NDEBUG /D _WINDOWS /D _USRDLL /D _CRT_SECURE_NO_DEPRECATE /D _CRT_NONSTDC_NO_DEPRECATE /D _ALLOW_RUNTIME_LIBRARY_MISMATCH /D _ALLOW_ITERATOR_DEBUG_LEVEL_MISMATCH /D _ALLOW_MSC_VER_MISMATCH /D _USING_V110_SDK71_ /D _WINDLL /D _MBCS /D COMPILER_MSVC32 /D COMPILER_MSVC32 /D COMPILER_MSVC /D _DLL_EXT=.dll /D DLLNAME=server /D BINK_VIDEO /D AVI_VIDEO /D WMV_VIDEO /D DEV_BUILD /D FRAME_POINTER_OMISSION_DISABLED /D GAME_DLL /D VECTOR /D VERSION_SAFE_STEAM_API_INTERFACES /D PROTECTED_THINGS_ENABLE /D sprintf=use_Q_snprintf_instead_of_sprintf /D strncpy=use_Q_strncpy_instead /D _snprintf=use_Q_snprintf_instead /D fopen=dont_use_fopen /D USE_NAV_MESH /D SDK_DLL /D _EXTERNAL_DLL_EXT=.dll /D VPCGAMECAPS=SDK /D "PROJECTDIR=C:\Users\taz-e\Desktop\Src_code\source-sdk-2013-template-master\mp\src\game\server" /D _DLL_EXT=.dll /D SOURCE1=1 /D VPCGAME=sdk /GF /Gm- /MT /GS /Gy /arch:SSE /fp:fast /Zc:wchar_t /Zc:forScope /GR /Yu"cbase.h" /Fp".\Release_mod_sdk\server.pch" /Fo".\Release_mod_sdk\/" /Fd".\Release_mod_sdk\/vc120.pdb" /Gd /TP /wd4316 /analyze- /FC /errorReport:prompt /Zm200 /Zo /Gw /Zc:inline gamedll_replay.cpp ..\..\game\shared\achievement_saverestore.cpp ..\..\game\shared\achievementmgr.cpp ..\..\game\shared\activitylist.cpp ai_activity.cpp ai_baseactor.cpp ai_basehumanoid.cpp ai_basenpc.cpp ai_basenpc_flyer.cpp ai_basenpc_flyer_new.cpp ai_basenpc_movement.cpp ai_basenpc_physicsflyer.cpp ai_basenpc_schedule.cpp ai_basenpc_squad.cpp ai_behavior.cpp ai_behavior_assault.cpp ai_behavior_fear.cpp ai_behavior_follow.cpp ai_behavior_lead.cpp ai_behavior_rappel.cpp ai_behavior_standoff.cpp ai_blended_movement.cpp ai_concommands.cpp ai_condition.cpp AI_Criteria.cpp ai_default.cpp ai_dynamiclink.cpp ai_event.cpp ai_goalentity.cpp ai_hint.cpp ai_hull.cpp ai_initutils.cpp AI_Interest_Target.cpp ai_link.cpp ai_localnavigator.cpp ai_looktarget.cpp ai_memory.cpp ai_motor.cpp ai_moveprobe.cpp ai_moveshoot.cpp ai_movesolver.cpp ai_namespaces.cpp ai_navigator.cpp ai_network.cpp ai_networkmanager.cpp ai_node.cpp ai_pathfinder.cpp ai_planesolver.cpp ai_playerally.cpp ai_relationship.cpp AI_ResponseSystem.cpp ai_route.cpp ai_saverestore.cpp ai_schedule.cpp ai_scriptconditions.cpp ai_senses.cpp ai_sentence.cpp ai_speech.cpp ai_speechfilter.cpp ai_squad.cpp ai_squadslot.cpp ai_tacticalservices.cpp ai_task.cpp ai_trackpather.cpp ai_utils.cpp ai_waypoint.cpp ..\..\game\shared\ammodef.cpp ..\..\game\shared\animation.cpp ..\..\game\shared\base_playeranimstate.cpp base_transmit_proxy.cpp ..\..\game\shared\baseachievement.cpp baseanimating.cpp BaseAnimatingOverlay.cpp basecombatcharacter.cpp ..\..\game\shared\basecombatcharacter_shared.cpp basecombatweapon.cpp ..\..\game\shared\basecombatweapon_shared.cpp baseentity.cpp ..\..\game\shared\baseentity_shared.cpp baseflex.cpp basegrenade_concussion.cpp basegrenade_contact.cpp ..\..\game\shared\basegrenade_shared.cpp basegrenade_timed.cpp basemultiplayerplayer.cpp ..\..\game\shared\baseparticleentity.cpp ..\..\game\shared\baseplayer_shared.cpp ..\..\game\shared\baseprojectile.cpp baseviewmodel.cpp ..\..\game\shared\baseviewmodel_shared.cpp ..\..\game\shared\beam_shared.cpp bitstring.cpp bmodels.cpp buttons.cpp cbase.cpp client.cpp ..\..\game\shared\collisionproperty.cpp colorcorrection.cpp colorcorrectionvolume.cpp CommentarySystem.cpp controlentities.cpp cplane.cpp CRagdollMagnet.cpp damagemodifier.cpp ..\..\game\shared\death_pose.cpp ..\..\game\shared\debugoverlay_shared.cpp ..\..\game\shared\decals.cpp doors.cpp dynamiclight.cpp ..\..\game\shared\effect_dispatch_data.cpp effects.cpp EffectsServer.cpp ..\..\game\shared\ehandle.cpp entityblocker.cpp EntityDissolve.cpp EntityFlame.cpp entitylist.cpp ..\..\game\shared\entitylist_base.cpp EntityParticleTrail.cpp ..\..\game\shared\EntityParticleTrail_Shared.cpp env_debughistory.cpp ..\..\game\shared\env_detail_controller.cpp env_effectsscript.cpp env_entity_maker.cpp env_particlescript.cpp env_player_surface_trigger.cpp env_projectedtexture.cpp env_screenoverlay.cpp env_texturetoggle.cpp env_tonemap_controller.cpp ..\..\game\shared\env_wind_shared.cpp env_zoom.cpp EnvBeam.cpp EnvFade.cpp EnvHudHint.cpp EnvLaser.cpp EnvMessage.cpp envmicrophone.cpp EnvShake.cpp EnvSpark.cpp ..\..\game\shared\eventlist.cpp EventLog.cpp explode.cpp filters.cpp fire.cpp fire_smoke.cpp fish.cpp fogcontroller.cpp fourwheelvehiclephysics.cpp func_areaportal.cpp func_areaportalbase.cpp func_areaportalwindow.cpp func_break.cpp func_breakablesurf.cpp func_dust.cpp ..\..\game\shared\func_ladder.cpp func_ladder_endpoint.cpp func_lod.cpp Func_Monitor.cpp func_movelinear.cpp func_occluder.cpp func_reflective_glass.cpp func_smokevolume.cpp game.cpp game_ui.cpp gameinterface.cpp ..\..\game\shared\gamemovement.cpp ..\..\game\shared\gamerules.cpp ..\..\game\shared\gamerules_register.cpp ..\..\game\shared\GameStats.cpp ..\..\game\shared\gamestringpool.cpp gametrace_dll.cpp ..\..\game\shared\gamevars_shared.cpp gameweaponmanager.cpp genericactor.cpp genericmonster.cpp gib.cpp globals.cpp globalstate.cpp grenadethrown.cpp guntarget.cpp h_ai.cpp h_cycler.cpp ..\..\public\haptics\haptic_msgs.cpp ..\..\public\haptics\haptic_utils.cpp hierarchy.cpp ..\..\game\shared\hintmessage.cpp ..\..\game\shared\hintsystem.cpp hltvdirector.cpp ..\..\game\shared\igamesystem.cpp info_camera_link.cpp info_overlay_accessor.cpp intermission.cpp item_world.cpp lightglow.cpp lights.cpp logic_measure_movement.cpp logic_navigation.cpp logicauto.cpp logicentities.cpp logicrelay.cpp mapentities.cpp ..\..\game\shared\mapentities_shared.cpp maprules.cpp MaterialModifyControl.cpp message_entity.cpp modelentities.cpp ..\..\game\shared\ModelSoundsCache.cpp monstermaker.cpp movehelper_server.cpp movement.cpp ..\..\game\shared\movevars_shared.cpp ..\..\game\shared\mp_shareddefs.cpp ..\..\game\shared\multiplay_gamerules.cpp ndebugoverlay.cpp npc_vehicledriver.cpp ..\..\game\shared\obstacle_pushaway.cpp particle_light.cpp ..\..\game\shared\particle_parse.cpp particle_system.cpp ..\..\game\shared\particlesystemquery.cpp pathcorner.cpp pathtrack.cpp phys_controller.cpp physconstraint.cpp physics.cpp physics_bone_follower.cpp physics_cannister.cpp physics_fx.cpp physics_impact_damage.cpp physics_main.cpp ..\..\game\shared\physics_main_shared.cpp physics_npc_solver.cpp physics_prop_ragdoll.cpp ..\..\game\shared\physics_saverestore.cpp ..\..\game\shared\physics_shared.cpp physobj.cpp player.cpp player_command.cpp player_lagcompensation.cpp player_pickup.cpp player_resource.cpp ..\..\game\shared\playerclass_info_parse.cpp playerinfomanager.cpp playerlocaldata.cpp plugin_check.cpp ..\..\game\shared\point_bonusmaps_accessor.cpp point_camera.cpp point_devshot_camera.cpp point_playermoveconstraint.cpp ..\..\game\shared\point_posecontroller.cpp point_spotlight.cpp point_template.cpp pointanglesensor.cpp PointAngularVelocitySensor.cpp pointhurt.cpp pointteleport.cpp ..\..\game\shared\precache_register.cpp ..\..\game\shared\predictableid.cpp ..\..\game\shared\predicted_viewmodel.cpp props.cpp ..\..\game\shared\props_shared.cpp ..\..\game\shared\querycache.cpp ragdoll_manager.cpp ..\..\game\shared\ragdoll_shared.cpp RagdollBoogie.cpp recipientfilter.cpp rope.cpp ..\..\game\shared\rope_helpers.cpp ..\..\game\shared\saverestore.cpp saverestore_gamedll.cpp ..\..\game\shared\SceneCache.cpp sceneentity.cpp ..\..\game\shared\sceneentity_shared.cpp scratchpad_gamedll_helpers.cpp scripted.cpp scriptedtarget.cpp sendproxy.cpp ..\..\game\shared\sequence_Transitioner.cpp ..\..\game\server\serverbenchmark_base.cpp ServerNetworkProperty.cpp shadowcontrol.cpp ..\..\game\shared\simtimer.cpp ..\..\game\shared\singleplay_gamerules.cpp SkyCamera.cpp slideshow_display.cpp sound.cpp ..\..\game\shared\SoundEmitterSystem.cpp soundent.cpp ..\..\game\shared\soundenvelope.cpp ..\..\public\SoundParametersInternal.cpp soundscape.cpp soundscape_system.cpp spotlightend.cpp ..\..\game\shared\Sprite.cpp sprite_perfmonitor.cpp ..\..\game\shared\studio_shared.cpp subs.cpp sun.cpp tactical_mission.cpp ..\..\game\shared\takedamageinfo.cpp tanktrain.cpp team.cpp team_control_point.cpp team_control_point_master.cpp team_control_point_round.cpp team_objectiveresource.cpp team_spawnpoint.cpp team_train_watcher.cpp ..\..\game\shared\teamplay_gamerules.cpp ..\..\game\shared\teamplay_round_timer.cpp ..\..\game\shared\teamplayroundbased_gamerules.cpp TemplateEntities.cpp tempmonster.cpp tesla.cpp ..\..\game\shared\test_ehandle.cpp test_proxytoggle.cpp test_stressentities.cpp testfunctions.cpp testtraceline.cpp textstatsmgr.cpp timedeventmgr.cpp trains.cpp trigger_area_capture.cpp triggers.cpp ..\..\game\shared\usercmd.cpp util.cpp ..\..\game\shared\util_shared.cpp variant_t.cpp vehicle_base.cpp vehicle_baseserver.cpp ..\..\game\shared\vehicle_viewblend_shared.cpp vguiscreen.cpp ..\..\game\shared\voice_gamemgr.cpp ..\..\game\server\vote_controller.cpp waterbullet.cpp WaterLODControl.cpp wcedit.cpp ..\..\game\shared\weapon_parse.cpp ..\..\game\shared\weapon_proficiency.cpp weight_button.cpp world.cpp nav_area.cpp nav_colors.cpp nav_edit.cpp nav_entities.cpp nav_file.cpp nav_generate.cpp nav_ladder.cpp nav_merge.cpp nav_mesh.cpp nav_mesh_factory.cpp nav_node.cpp nav_simplify.cpp sdk\sdk_brushentity.cpp sdk\sdk_client.cpp sdk\sdk_env_message.cpp sdk\sdk_env_sparkler.cpp sdk\sdk_eventlog.cpp sdk\sdk_gameinterface.cpp ..\..\game\shared\sdk\sdk_gamemovement.cpp sdk\sdk_logicalentity.cpp sdk\sdk_modelentity.cpp ..\..\game\shared\sdk\sdk_player_shared.cpp ..\..\game\shared\sdk\sdk_playerclass_info_parse.cpp ..\..\game\shared\sdk\sdk_shareddefs.cpp ..\..\game\shared\sdk\sdk_usermessages.cpp sdk\sdk_vehicle_jeep.cpp sdk\te_firebullets.cpp ..\..\game\shared\Multiplayer\multiplayer_animstate.cpp MP_AI\bot_main.cpp sdk\sdk_player.cpp sdk\sdk_player_resource.cpp ..\..\game\shared\sdk\sdk_playeranimstate.cpp sdk\sdk_playermove.cpp ..\..\game\shared\sdk\sdk_gamerules.cpp sdk\sdk_team.cpp ..\..\game\shared\sdk\sdk_basegrenade_projectile.cpp ..\..\game\shared\sdk\sdk_fx_shared.cpp ..\..\game\shared\sdk\sdk_weapon_melee.cpp ..\..\game\shared\sdk\sdk_weapon_parse.cpp ..\..\game\shared\sdk\weapon_basesdkgrenade.cpp ..\..\game\shared\sdk\weapon_crowbar.cpp ..\..\game\shared\sdk\weapon_grenade.cpp ..\..\game\shared\sdk\weapon_mp5.cpp ..\..\game\shared\sdk\weapon_pistol.cpp ..\..\game\shared\sdk\weapon_sdkbase.cpp ..\..\game\shared\sdk\weapon_shotgun.cpp basetempentity.cpp event_tempentity_tester.cpp movie_explosion.cpp particle_fire.cpp particle_smokegrenade.cpp plasma.cpp smoke_trail.cpp smokestack.cpp ..\..\game\shared\SpriteTrail.cpp steamjet.cpp te.cpp te_armorricochet.cpp te_basebeam.cpp te_beamentpoint.cpp te_beaments.cpp te_beamfollow.cpp te_beamlaser.cpp te_beampoints.cpp te_beamring.cpp te_beamringpoint.cpp te_beamspline.cpp te_bloodsprite.cpp te_bloodstream.cpp te_breakmodel.cpp te_bspdecal.cpp te_bubbles.cpp te_bubbletrail.cpp te_clientprojectile.cpp te_decal.cpp te_dynamiclight.cpp te_effect_dispatch.cpp te_energysplash.cpp te_explosion.cpp te_fizz.cpp te_footprintdecal.cpp te_glassshatter.cpp te_glowsprite.cpp te_impact.cpp te_killplayerattachments.cpp te_largefunnel.cpp te_muzzleflash.cpp te_particlesystem.cpp te_physicsprop.cpp te_playerdecal.cpp te_projecteddecal.cpp te_showline.cpp te_smoke.cpp te_sparks.cpp te_sprite.cpp te_spritespray.cpp te_worlddecal.cpp ..\..\game\shared\usermessages.cpp entity_tools_server.cpp toolframework_server.cpp
         gamedll_replay.cpp
         achievement_saverestore.cpp
         achievementmgr.cpp
         activitylist.cpp
         ai_activity.cpp
         ai_baseactor.cpp
         ai_basehumanoid.cpp
         ai_basenpc.cpp
         ai_basenpc_flyer.cpp
         ai_basenpc_flyer_new.cpp
         ai_basenpc_movement.cpp
         ai_basenpc_physicsflyer.cpp
         ai_basenpc_schedule.cpp
         ai_basenpc_squad.cpp
         ai_behavior.cpp
         ai_behavior_assault.cpp
         ai_behavior_fear.cpp
         ai_behavior_follow.cpp
         ai_behavior_lead.cpp
         ai_behavior_rappel.cpp
         ai_behavior_standoff.cpp
         ai_blended_movement.cpp
         ai_concommands.cpp
         ai_condition.cpp
         AI_Criteria.cpp
         ai_default.cpp
         ai_dynamiclink.cpp
         ai_event.cpp
         ai_goalentity.cpp
         ai_hint.cpp
         ai_hull.cpp
         ai_initutils.cpp
         AI_Interest_Target.cpp
         ai_link.cpp
         ai_localnavigator.cpp
         ai_looktarget.cpp
         ai_memory.cpp
         ai_motor.cpp
         ai_moveprobe.cpp
         ai_moveshoot.cpp
         ai_movesolver.cpp
         ai_namespaces.cpp
         ai_navigator.cpp
         ai_network.cpp
         ai_networkmanager.cpp
         ai_node.cpp
         ai_pathfinder.cpp
         ai_planesolver.cpp
         ai_playerally.cpp
         ai_relationship.cpp
         AI_ResponseSystem.cpp
         ai_route.cpp
         ai_saverestore.cpp
         ai_schedule.cpp
         ai_scriptconditions.cpp
         ai_senses.cpp
         ai_sentence.cpp
         ai_speech.cpp
         ai_speechfilter.cpp
         ai_squad.cpp
         ai_squadslot.cpp
         ai_tacticalservices.cpp
         ai_task.cpp
         ai_trackpather.cpp
         ai_utils.cpp
         ai_waypoint.cpp
         ammodef.cpp
         animation.cpp
         base_playeranimstate.cpp
         base_transmit_proxy.cpp
         baseachievement.cpp
         baseanimating.cpp
         BaseAnimatingOverlay.cpp
         basecombatcharacter.cpp
         basecombatcharacter_shared.cpp
         basecombatweapon.cpp
         basecombatweapon_shared.cpp
         baseentity.cpp
         baseentity_shared.cpp
         baseflex.cpp
         basegrenade_concussion.cpp
         basegrenade_contact.cpp
         basegrenade_shared.cpp
         basegrenade_timed.cpp
         basemultiplayerplayer.cpp
         baseparticleentity.cpp
         baseplayer_shared.cpp
         baseprojectile.cpp
         baseviewmodel.cpp
         baseviewmodel_shared.cpp
         beam_shared.cpp
         bitstring.cpp
         bmodels.cpp
         buttons.cpp
         cbase.cpp
         client.cpp
         collisionproperty.cpp
         colorcorrection.cpp
         colorcorrectionvolume.cpp
         CommentarySystem.cpp
         controlentities.cpp
         cplane.cpp
         CRagdollMagnet.cpp
         damagemodifier.cpp
         death_pose.cpp
         debugoverlay_shared.cpp
         decals.cpp
         doors.cpp
         dynamiclight.cpp
         effect_dispatch_data.cpp
         effects.cpp
         EffectsServer.cpp
         ehandle.cpp
         entityblocker.cpp
         EntityDissolve.cpp
         EntityFlame.cpp
         entitylist.cpp
         entitylist_base.cpp
         EntityParticleTrail.cpp
         EntityParticleTrail_Shared.cpp
         env_debughistory.cpp
         env_detail_controller.cpp
         env_effectsscript.cpp
         env_entity_maker.cpp
         env_particlescript.cpp
         env_player_surface_trigger.cpp
         env_projectedtexture.cpp
         env_screenoverlay.cpp
         env_texturetoggle.cpp
         env_tonemap_controller.cpp
         env_wind_shared.cpp
         env_zoom.cpp
         EnvBeam.cpp
         EnvFade.cpp
         EnvHudHint.cpp
         EnvLaser.cpp
         EnvMessage.cpp
         envmicrophone.cpp
         EnvShake.cpp
         EnvSpark.cpp
         eventlist.cpp
         EventLog.cpp
         explode.cpp
         filters.cpp
         fire.cpp
         fire_smoke.cpp
         fish.cpp
         fogcontroller.cpp
         fourwheelvehiclephysics.cpp
         func_areaportal.cpp
         func_areaportalbase.cpp
         func_areaportalwindow.cpp
         func_break.cpp
         func_breakablesurf.cpp
         func_dust.cpp
         func_ladder.cpp
         func_ladder_endpoint.cpp
         func_lod.cpp
         Func_Monitor.cpp
         func_movelinear.cpp
         func_occluder.cpp
         func_reflective_glass.cpp
         func_smokevolume.cpp
         game.cpp
         game_ui.cpp
         gameinterface.cpp
         gamemovement.cpp
         gamerules.cpp
         gamerules_register.cpp
         GameStats.cpp
         gamestringpool.cpp
         gametrace_dll.cpp
         gamevars_shared.cpp
         gameweaponmanager.cpp
         genericactor.cpp
         genericmonster.cpp
         gib.cpp
         globals.cpp
         globalstate.cpp
         grenadethrown.cpp
         guntarget.cpp
         h_ai.cpp
         h_cycler.cpp
         haptic_msgs.cpp
         haptic_utils.cpp
         hierarchy.cpp
         hintmessage.cpp
         hintsystem.cpp
         hltvdirector.cpp
         igamesystem.cpp
         info_camera_link.cpp
         info_overlay_accessor.cpp
         intermission.cpp
         item_world.cpp
         lightglow.cpp
         lights.cpp
         logic_measure_movement.cpp
         logic_navigation.cpp
         logicauto.cpp
         logicentities.cpp
         logicrelay.cpp
         mapentities.cpp
         mapentities_shared.cpp
         maprules.cpp
         MaterialModifyControl.cpp
         message_entity.cpp
         modelentities.cpp
         ModelSoundsCache.cpp
         monstermaker.cpp
         movehelper_server.cpp
         movement.cpp
         movevars_shared.cpp
         mp_shareddefs.cpp
         multiplay_gamerules.cpp
         ndebugoverlay.cpp
         npc_vehicledriver.cpp
         obstacle_pushaway.cpp
         particle_light.cpp
         particle_parse.cpp
         particle_system.cpp
         particlesystemquery.cpp
         pathcorner.cpp
         pathtrack.cpp
         phys_controller.cpp
         physconstraint.cpp
         physics.cpp
         physics_bone_follower.cpp
         physics_cannister.cpp
         physics_fx.cpp
         physics_impact_damage.cpp
         physics_main.cpp
         physics_main_shared.cpp
         physics_npc_solver.cpp
         physics_prop_ragdoll.cpp
         physics_saverestore.cpp
         physics_shared.cpp
         physobj.cpp
         player.cpp
         player_command.cpp
         player_lagcompensation.cpp
         player_pickup.cpp
         player_resource.cpp
         playerclass_info_parse.cpp
         playerinfomanager.cpp
         playerlocaldata.cpp
         plugin_check.cpp
         point_bonusmaps_accessor.cpp
         point_camera.cpp
         point_devshot_camera.cpp
         point_playermoveconstraint.cpp
         point_posecontroller.cpp
         point_spotlight.cpp
         point_template.cpp
         pointanglesensor.cpp
         PointAngularVelocitySensor.cpp
         pointhurt.cpp
         pointteleport.cpp
         precache_register.cpp
         predictableid.cpp
         predicted_viewmodel.cpp
         props.cpp
         props_shared.cpp
         querycache.cpp
         ragdoll_manager.cpp
         ragdoll_shared.cpp
         RagdollBoogie.cpp
         recipientfilter.cpp
         rope.cpp
         rope_helpers.cpp
         saverestore.cpp
         saverestore_gamedll.cpp
         SceneCache.cpp
         sceneentity.cpp
         sceneentity_shared.cpp
         scratchpad_gamedll_helpers.cpp
         scripted.cpp
         scriptedtarget.cpp
         sendproxy.cpp
         sequence_Transitioner.cpp
         serverbenchmark_base.cpp
         ServerNetworkProperty.cpp
         shadowcontrol.cpp
         simtimer.cpp
         singleplay_gamerules.cpp
         SkyCamera.cpp
         slideshow_display.cpp
         sound.cpp
         SoundEmitterSystem.cpp
         soundent.cpp
         soundenvelope.cpp
         SoundParametersInternal.cpp
         soundscape.cpp
         soundscape_system.cpp
         spotlightend.cpp
         Sprite.cpp
         sprite_perfmonitor.cpp
         studio_shared.cpp
         subs.cpp
         sun.cpp
         tactical_mission.cpp
         takedamageinfo.cpp
         tanktrain.cpp
         team.cpp
         team_control_point.cpp
         team_control_point_master.cpp
         team_control_point_round.cpp
         team_objectiveresource.cpp
         team_spawnpoint.cpp
         team_train_watcher.cpp
         teamplay_gamerules.cpp
         teamplay_round_timer.cpp
         teamplayroundbased_gamerules.cpp
         TemplateEntities.cpp
         tempmonster.cpp
         tesla.cpp
         test_ehandle.cpp
         test_proxytoggle.cpp
         test_stressentities.cpp
         testfunctions.cpp
         testtraceline.cpp
         textstatsmgr.cpp
         timedeventmgr.cpp
         trains.cpp
         trigger_area_capture.cpp
         triggers.cpp
         usercmd.cpp
         util.cpp
         util_shared.cpp
         variant_t.cpp
         vehicle_base.cpp
         vehicle_baseserver.cpp
         vehicle_viewblend_shared.cpp
         vguiscreen.cpp
         voice_gamemgr.cpp
         vote_controller.cpp
         waterbullet.cpp
         WaterLODControl.cpp
         wcedit.cpp
         weapon_parse.cpp
         weapon_proficiency.cpp
         weight_button.cpp
         world.cpp
         nav_area.cpp
         nav_colors.cpp
         nav_edit.cpp
         nav_entities.cpp
         nav_file.cpp
         nav_generate.cpp
         nav_ladder.cpp
         nav_merge.cpp
         nav_mesh.cpp
         nav_mesh_factory.cpp
         nav_node.cpp
         nav_simplify.cpp
         sdk_brushentity.cpp
         sdk_client.cpp
         sdk_env_message.cpp
         sdk_env_sparkler.cpp
         sdk_eventlog.cpp
         sdk_gameinterface.cpp
         sdk_gamemovement.cpp
         sdk_logicalentity.cpp
         sdk_modelentity.cpp
         sdk_player_shared.cpp
         sdk_playerclass_info_parse.cpp
         sdk_shareddefs.cpp
         sdk_usermessages.cpp
         sdk_vehicle_jeep.cpp
         te_firebullets.cpp
         multiplayer_animstate.cpp
         bot_main.cpp
         sdk_player.cpp
         sdk_player_resource.cpp
         sdk_playeranimstate.cpp
         sdk_playermove.cpp
         sdk_gamerules.cpp
         sdk_team.cpp
         sdk_basegrenade_projectile.cpp
         sdk_fx_shared.cpp
         sdk_weapon_melee.cpp
         sdk_weapon_parse.cpp
         weapon_basesdkgrenade.cpp
         weapon_crowbar.cpp
         weapon_grenade.cpp
         weapon_mp5.cpp
         weapon_pistol.cpp
         weapon_sdkbase.cpp
         weapon_shotgun.cpp
         basetempentity.cpp
         event_tempentity_tester.cpp
         movie_explosion.cpp
         particle_fire.cpp
         particle_smokegrenade.cpp
         plasma.cpp
         smoke_trail.cpp
         smokestack.cpp
         SpriteTrail.cpp
         steamjet.cpp
         te.cpp
         te_armorricochet.cpp
         te_basebeam.cpp
         te_beamentpoint.cpp
         te_beaments.cpp
         te_beamfollow.cpp
         te_beamlaser.cpp
         te_beampoints.cpp
         te_beamring.cpp
         te_beamringpoint.cpp
         te_beamspline.cpp
         te_bloodsprite.cpp
         te_bloodstream.cpp
         te_breakmodel.cpp
         te_bspdecal.cpp
         te_bubbles.cpp
         te_bubbletrail.cpp
         te_clientprojectile.cpp
         te_decal.cpp
         te_dynamiclight.cpp
         te_effect_dispatch.cpp
         te_energysplash.cpp
         te_explosion.cpp
         te_fizz.cpp
         te_footprintdecal.cpp
         te_glassshatter.cpp
         te_glowsprite.cpp
         te_impact.cpp
         te_killplayerattachments.cpp
         te_largefunnel.cpp
         te_muzzleflash.cpp
         te_particlesystem.cpp
         te_physicsprop.cpp
         te_playerdecal.cpp
         te_projecteddecal.cpp
         te_showline.cpp
         te_smoke.cpp
         te_sparks.cpp
         te_sprite.cpp
         te_spritespray.cpp
         te_worlddecal.cpp
         usermessages.cpp
         entity_tools_server.cpp
         toolframework_server.cpp
         C:\Program Files (x86)\Microsoft Visual Studio 12.0\VC\bin\CL.exe /c /I..\..\common /I..\..\public /I..\..\public\tier0 /I..\..\public\tier1 /I..\..\game\server\generated_proto_mod_sdk /I"..\..\thirdparty\protobuf-2.3.0\src" /I.\ /I..\..\game\shared /I..\..\utils\common /I..\..\game\shared\econ /I..\..\game\server\NextBot /I.\sdk /I..\..\game\shared\sdk /I..\..\game\shared\Multiplayer /Zi /nologo /W4 /WX /MP /O2 /Ob2 /Oi /Ot /Oy- /D VPC /D RAD_TELEMETRY_DISABLED /D WIN32 /D _WIN32 /D NDEBUG /D _WINDOWS /D _USRDLL /D _CRT_SECURE_NO_DEPRECATE /D _CRT_NONSTDC_NO_DEPRECATE /D _ALLOW_RUNTIME_LIBRARY_MISMATCH /D _ALLOW_ITERATOR_DEBUG_LEVEL_MISMATCH /D _ALLOW_MSC_VER_MISMATCH /D _USING_V110_SDK71_ /D _WINDLL /D _MBCS /D COMPILER_MSVC32 /D COMPILER_MSVC32 /D COMPILER_MSVC /D _DLL_EXT=.dll /D DLLNAME=server /D BINK_VIDEO /D AVI_VIDEO /D WMV_VIDEO /D DEV_BUILD /D FRAME_POINTER_OMISSION_DISABLED /D GAME_DLL /D VECTOR /D VERSION_SAFE_STEAM_API_INTERFACES /D PROTECTED_THINGS_ENABLE /D sprintf=use_Q_snprintf_instead_of_sprintf /D strncpy=use_Q_strncpy_instead /D _snprintf=use_Q_snprintf_instead /D fopen=dont_use_fopen /D USE_NAV_MESH /D SDK_DLL /D _EXTERNAL_DLL_EXT=.dll /D VPCGAMECAPS=SDK /D "PROJECTDIR=C:\Users\taz-e\Desktop\Src_code\source-sdk-2013-template-master\mp\src\game\server" /D _DLL_EXT=.dll /D SOURCE1=1 /D VPCGAME=sdk /GF /Gm- /MT /GS /Gy /arch:SSE /fp:fast /Zc:wchar_t /Zc:forScope /GR /Fo".\Release_mod_sdk\/" /Fd".\Release_mod_sdk\/vc120.pdb" /Gd /TP /wd4316 /analyze- /FC /errorReport:prompt /Zm200 /Zo /Gw /Zc:inline ..\..\public\bone_setup.cpp ..\..\public\collisionutils.cpp ..\..\public\dt_send.cpp ..\..\public\dt_utlvector_common.cpp ..\..\public\dt_utlvector_send.cpp ..\..\public\editor_sendcommand.cpp ..\..\public\filesystem_helpers.cpp gamehandle.cpp GameStats_BasicStatsFunctions.cpp h_export.cpp init_factory.cpp ..\..\public\interpolatortypes.cpp ..\..\game\shared\interval.cpp ..\..\public\keyframe\keyframe.cpp ..\..\common\language.cpp ..\..\public\map_utils.cpp ..\..\public\tier0\memoverride.cpp ..\..\public\networkvar.cpp ..\..\common\randoverride.cpp ..\..\public\registry.cpp ..\..\public\rope_physics.cpp ..\..\public\scratchpad3d.cpp ..\..\public\ScratchPadUtils.cpp ..\..\public\server_class.cpp ..\..\game\shared\sheetsimulator.cpp ..\..\public\simple_physics.cpp ..\..\public\stringregistry.cpp ..\..\public\studio.cpp
         bone_setup.cpp
         collisionutils.cpp
         dt_send.cpp
         dt_utlvector_common.cpp
         dt_utlvector_send.cpp
         editor_sendcommand.cpp
         filesystem_helpers.cpp
         gamehandle.cpp
         GameStats_BasicStatsFunctions.cpp
         h_export.cpp
         init_factory.cpp
         interpolatortypes.cpp
         interval.cpp
         keyframe.cpp
         language.cpp
         map_utils.cpp
         memoverride.cpp
         networkvar.cpp
         randoverride.cpp
         registry.cpp
         rope_physics.cpp
         scratchpad3d.cpp
         ScratchPadUtils.cpp
         server_class.cpp
         sheetsimulator.cpp
         simple_physics.cpp
         stringregistry.cpp
         studio.cpp
       Link:
         C:\Program Files (x86)\Microsoft Visual Studio 12.0\VC\bin\link.exe /ERRORREPORT:PROMPT /OUT:".\Release_mod_sdk\\server.dll" /INCREMENTAL:NO /NOLOGO /LIBPATH:..\..\lib\common\. /LIBPATH:..\..\lib\public\. shell32.lib user32.lib advapi32.lib gdi32.lib comdlg32.lib ole32.lib winmm.lib /NODEFAULTLIB:libc /NODEFAULTLIB:libcd /NODEFAULTLIB:libcmtd /NODEFAULTLIB:libcpmtd /NODEFAULTLIB:libcpmtd0 /NODEFAULTLIB:libcpmtd1 /MANIFEST:NO /DEBUG /PDB:".\Release_mod_sdk\/server.pdb" /SUBSYSTEM:WINDOWS,"5.01" /OPT:REF /OPT:NOICF /TLBID:1 /DYNAMICBASE:NO /NXCOMPAT /IMPLIB:".\Release_mod_sdk\server.lib" /MACHINE:X86 /SAFESEH:NO  /ignore:4221 /DLL .\Release_mod_sdk\\pointeroverride.obj
         .\Release_mod_sdk\/gamedll_replay.obj
         .\Release_mod_sdk\/achievement_saverestore.obj
         .\Release_mod_sdk\/achievementmgr.obj
         .\Release_mod_sdk\/activitylist.obj
         .\Release_mod_sdk\/ai_activity.obj
         .\Release_mod_sdk\/ai_baseactor.obj
         .\Release_mod_sdk\/ai_basehumanoid.obj
         .\Release_mod_sdk\/ai_basenpc.obj
         .\Release_mod_sdk\/ai_basenpc_flyer.obj
         .\Release_mod_sdk\/ai_basenpc_flyer_new.obj
         .\Release_mod_sdk\/ai_basenpc_movement.obj
         .\Release_mod_sdk\/ai_basenpc_physicsflyer.obj
         .\Release_mod_sdk\/ai_basenpc_schedule.obj
         .\Release_mod_sdk\/ai_basenpc_squad.obj
         .\Release_mod_sdk\/ai_behavior.obj
         .\Release_mod_sdk\/ai_behavior_assault.obj
         .\Release_mod_sdk\/ai_behavior_fear.obj
         .\Release_mod_sdk\/ai_behavior_follow.obj
         .\Release_mod_sdk\/ai_behavior_lead.obj
         .\Release_mod_sdk\/ai_behavior_rappel.obj
         .\Release_mod_sdk\/ai_behavior_standoff.obj
         .\Release_mod_sdk\/ai_blended_movement.obj
         .\Release_mod_sdk\/ai_concommands.obj
         .\Release_mod_sdk\/ai_condition.obj
         .\Release_mod_sdk\/AI_Criteria.obj
         .\Release_mod_sdk\/ai_default.obj
         .\Release_mod_sdk\/ai_dynamiclink.obj
         .\Release_mod_sdk\/ai_event.obj
         .\Release_mod_sdk\/ai_goalentity.obj
         .\Release_mod_sdk\/ai_hint.obj
         .\Release_mod_sdk\/ai_hull.obj
         .\Release_mod_sdk\/ai_initutils.obj
         .\Release_mod_sdk\/AI_Interest_Target.obj
         .\Release_mod_sdk\/ai_link.obj
         .\Release_mod_sdk\/ai_localnavigator.obj
         .\Release_mod_sdk\/ai_looktarget.obj
         .\Release_mod_sdk\/ai_memory.obj
         .\Release_mod_sdk\/ai_motor.obj
         .\Release_mod_sdk\/ai_moveprobe.obj
         .\Release_mod_sdk\/ai_moveshoot.obj
         .\Release_mod_sdk\/ai_movesolver.obj
         .\Release_mod_sdk\/ai_namespaces.obj
         .\Release_mod_sdk\/ai_navigator.obj
         .\Release_mod_sdk\/ai_network.obj
         .\Release_mod_sdk\/ai_networkmanager.obj
         .\Release_mod_sdk\/ai_node.obj
         .\Release_mod_sdk\/ai_pathfinder.obj
         .\Release_mod_sdk\/ai_planesolver.obj
         .\Release_mod_sdk\/ai_playerally.obj
         .\Release_mod_sdk\/ai_relationship.obj
         .\Release_mod_sdk\/AI_ResponseSystem.obj
         .\Release_mod_sdk\/ai_route.obj
         .\Release_mod_sdk\/ai_saverestore.obj
         .\Release_mod_sdk\/ai_schedule.obj
         .\Release_mod_sdk\/ai_scriptconditions.obj
         .\Release_mod_sdk\/ai_senses.obj
         .\Release_mod_sdk\/ai_sentence.obj
         .\Release_mod_sdk\/ai_speech.obj
         .\Release_mod_sdk\/ai_speechfilter.obj
         .\Release_mod_sdk\/ai_squad.obj
         .\Release_mod_sdk\/ai_squadslot.obj
         .\Release_mod_sdk\/ai_tacticalservices.obj
         .\Release_mod_sdk\/ai_task.obj
         .\Release_mod_sdk\/ai_trackpather.obj
         .\Release_mod_sdk\/ai_utils.obj
         .\Release_mod_sdk\/ai_waypoint.obj
         .\Release_mod_sdk\/ammodef.obj
         .\Release_mod_sdk\/animation.obj
         .\Release_mod_sdk\/base_playeranimstate.obj
         .\Release_mod_sdk\/base_transmit_proxy.obj
         .\Release_mod_sdk\/baseachievement.obj
         .\Release_mod_sdk\/baseanimating.obj
         .\Release_mod_sdk\/BaseAnimatingOverlay.obj
         .\Release_mod_sdk\/basecombatcharacter.obj
         .\Release_mod_sdk\/basecombatcharacter_shared.obj
         .\Release_mod_sdk\/basecombatweapon.obj
         .\Release_mod_sdk\/basecombatweapon_shared.obj
         .\Release_mod_sdk\/baseentity.obj
         .\Release_mod_sdk\/baseentity_shared.obj
         .\Release_mod_sdk\/baseflex.obj
         .\Release_mod_sdk\/basegrenade_concussion.obj
         .\Release_mod_sdk\/basegrenade_contact.obj
         .\Release_mod_sdk\/basegrenade_shared.obj
         .\Release_mod_sdk\/basegrenade_timed.obj
         .\Release_mod_sdk\/basemultiplayerplayer.obj
         .\Release_mod_sdk\/baseparticleentity.obj
         .\Release_mod_sdk\/baseplayer_shared.obj
         .\Release_mod_sdk\/baseprojectile.obj
         .\Release_mod_sdk\/baseviewmodel.obj
         .\Release_mod_sdk\/baseviewmodel_shared.obj
         .\Release_mod_sdk\/beam_shared.obj
         .\Release_mod_sdk\/bitstring.obj
         .\Release_mod_sdk\/bmodels.obj
         .\Release_mod_sdk\/bone_setup.obj
         .\Release_mod_sdk\/buttons.obj
         .\Release_mod_sdk\/cbase.obj
         .\Release_mod_sdk\/client.obj
         .\Release_mod_sdk\/collisionproperty.obj
         .\Release_mod_sdk\/collisionutils.obj
         .\Release_mod_sdk\/colorcorrection.obj
         .\Release_mod_sdk\/colorcorrectionvolume.obj
         .\Release_mod_sdk\/CommentarySystem.obj
         .\Release_mod_sdk\/controlentities.obj
         .\Release_mod_sdk\/cplane.obj
         .\Release_mod_sdk\/CRagdollMagnet.obj
         .\Release_mod_sdk\/damagemodifier.obj
         .\Release_mod_sdk\/death_pose.obj
         .\Release_mod_sdk\/debugoverlay_shared.obj
         .\Release_mod_sdk\/decals.obj
         .\Release_mod_sdk\/doors.obj
         .\Release_mod_sdk\/dt_send.obj
         .\Release_mod_sdk\/dt_utlvector_common.obj
         .\Release_mod_sdk\/dt_utlvector_send.obj
         .\Release_mod_sdk\/dynamiclight.obj
         .\Release_mod_sdk\/editor_sendcommand.obj
         .\Release_mod_sdk\/effect_dispatch_data.obj
         .\Release_mod_sdk\/effects.obj
         .\Release_mod_sdk\/EffectsServer.obj
         .\Release_mod_sdk\/ehandle.obj
         .\Release_mod_sdk\/entityblocker.obj
         .\Release_mod_sdk\/EntityDissolve.obj
         .\Release_mod_sdk\/EntityFlame.obj
         .\Release_mod_sdk\/entitylist.obj
         .\Release_mod_sdk\/entitylist_base.obj
         .\Release_mod_sdk\/EntityParticleTrail.obj
         .\Release_mod_sdk\/EntityParticleTrail_Shared.obj
         .\Release_mod_sdk\/env_debughistory.obj
         .\Release_mod_sdk\/env_detail_controller.obj
         .\Release_mod_sdk\/env_effectsscript.obj
         .\Release_mod_sdk\/env_entity_maker.obj
         .\Release_mod_sdk\/env_particlescript.obj
         .\Release_mod_sdk\/env_player_surface_trigger.obj
         .\Release_mod_sdk\/env_projectedtexture.obj
         .\Release_mod_sdk\/env_screenoverlay.obj
         .\Release_mod_sdk\/env_texturetoggle.obj
         .\Release_mod_sdk\/env_tonemap_controller.obj
         .\Release_mod_sdk\/env_wind_shared.obj
         .\Release_mod_sdk\/env_zoom.obj
         .\Release_mod_sdk\/EnvBeam.obj
         .\Release_mod_sdk\/EnvFade.obj
         .\Release_mod_sdk\/EnvHudHint.obj
         .\Release_mod_sdk\/EnvLaser.obj
         .\Release_mod_sdk\/EnvMessage.obj
         .\Release_mod_sdk\/envmicrophone.obj
         .\Release_mod_sdk\/EnvShake.obj
         .\Release_mod_sdk\/EnvSpark.obj
         .\Release_mod_sdk\/eventlist.obj
         .\Release_mod_sdk\/EventLog.obj
         .\Release_mod_sdk\/explode.obj
         .\Release_mod_sdk\/filesystem_helpers.obj
         .\Release_mod_sdk\/filters.obj
         .\Release_mod_sdk\/fire.obj
         .\Release_mod_sdk\/fire_smoke.obj
         .\Release_mod_sdk\/fish.obj
         .\Release_mod_sdk\/fogcontroller.obj
         .\Release_mod_sdk\/fourwheelvehiclephysics.obj
         .\Release_mod_sdk\/func_areaportal.obj
         .\Release_mod_sdk\/func_areaportalbase.obj
         .\Release_mod_sdk\/func_areaportalwindow.obj
         .\Release_mod_sdk\/func_break.obj
         .\Release_mod_sdk\/func_breakablesurf.obj
         .\Release_mod_sdk\/func_dust.obj
         .\Release_mod_sdk\/func_ladder.obj
         .\Release_mod_sdk\/func_ladder_endpoint.obj
         .\Release_mod_sdk\/func_lod.obj
         .\Release_mod_sdk\/Func_Monitor.obj
         .\Release_mod_sdk\/func_movelinear.obj
         .\Release_mod_sdk\/func_occluder.obj
         .\Release_mod_sdk\/func_reflective_glass.obj
         .\Release_mod_sdk\/func_smokevolume.obj
         .\Release_mod_sdk\/game.obj
         .\Release_mod_sdk\/game_ui.obj
         .\Release_mod_sdk\/gamehandle.obj
         .\Release_mod_sdk\/gameinterface.obj
         .\Release_mod_sdk\/gamemovement.obj
         .\Release_mod_sdk\/gamerules.obj
         .\Release_mod_sdk\/gamerules_register.obj
         .\Release_mod_sdk\/GameStats.obj
         .\Release_mod_sdk\/GameStats_BasicStatsFunctions.obj
         .\Release_mod_sdk\/gamestringpool.obj
         .\Release_mod_sdk\/gametrace_dll.obj
         .\Release_mod_sdk\/gamevars_shared.obj
         .\Release_mod_sdk\/gameweaponmanager.obj
         .\Release_mod_sdk\/genericactor.obj
         .\Release_mod_sdk\/genericmonster.obj
         .\Release_mod_sdk\/gib.obj
         .\Release_mod_sdk\/globals.obj
         .\Release_mod_sdk\/globalstate.obj
         .\Release_mod_sdk\/grenadethrown.obj
         .\Release_mod_sdk\/guntarget.obj
         .\Release_mod_sdk\/h_ai.obj
         .\Release_mod_sdk\/h_cycler.obj
         .\Release_mod_sdk\/h_export.obj
         .\Release_mod_sdk\/haptic_msgs.obj
         .\Release_mod_sdk\/haptic_utils.obj
         .\Release_mod_sdk\/hierarchy.obj
         .\Release_mod_sdk\/hintmessage.obj
         .\Release_mod_sdk\/hintsystem.obj
         .\Release_mod_sdk\/hltvdirector.obj
         .\Release_mod_sdk\/igamesystem.obj
         .\Release_mod_sdk\/info_camera_link.obj
         .\Release_mod_sdk\/info_overlay_accessor.obj
         .\Release_mod_sdk\/init_factory.obj
         .\Release_mod_sdk\/intermission.obj
         .\Release_mod_sdk\/interpolatortypes.obj
         .\Release_mod_sdk\/interval.obj
         .\Release_mod_sdk\/item_world.obj
         .\Release_mod_sdk\/keyframe.obj
         .\Release_mod_sdk\/language.obj
         .\Release_mod_sdk\/lightglow.obj
         .\Release_mod_sdk\/lights.obj
         .\Release_mod_sdk\/logic_measure_movement.obj
         .\Release_mod_sdk\/logic_navigation.obj
         .\Release_mod_sdk\/logicauto.obj
         .\Release_mod_sdk\/logicentities.obj
         .\Release_mod_sdk\/logicrelay.obj
         .\Release_mod_sdk\/map_utils.obj
         .\Release_mod_sdk\/mapentities.obj
         .\Release_mod_sdk\/mapentities_shared.obj
         .\Release_mod_sdk\/maprules.obj
         .\Release_mod_sdk\/MaterialModifyControl.obj
         .\Release_mod_sdk\/memoverride.obj
         .\Release_mod_sdk\/message_entity.obj
         .\Release_mod_sdk\/modelentities.obj
         .\Release_mod_sdk\/ModelSoundsCache.obj
         .\Release_mod_sdk\/monstermaker.obj
         .\Release_mod_sdk\/movehelper_server.obj
         .\Release_mod_sdk\/movement.obj
         .\Release_mod_sdk\/movevars_shared.obj
         .\Release_mod_sdk\/mp_shareddefs.obj
         .\Release_mod_sdk\/multiplay_gamerules.obj
         .\Release_mod_sdk\/ndebugoverlay.obj
         .\Release_mod_sdk\/networkvar.obj
         .\Release_mod_sdk\/npc_vehicledriver.obj
         .\Release_mod_sdk\/obstacle_pushaway.obj
         .\Release_mod_sdk\/particle_light.obj
         .\Release_mod_sdk\/particle_parse.obj
         .\Release_mod_sdk\/particle_system.obj
         .\Release_mod_sdk\/particlesystemquery.obj
         .\Release_mod_sdk\/pathcorner.obj
         .\Release_mod_sdk\/pathtrack.obj
         .\Release_mod_sdk\/phys_controller.obj
         .\Release_mod_sdk\/physconstraint.obj
         .\Release_mod_sdk\/physics.obj
         .\Release_mod_sdk\/physics_bone_follower.obj
         .\Release_mod_sdk\/physics_cannister.obj
         .\Release_mod_sdk\/physics_fx.obj
         .\Release_mod_sdk\/physics_impact_damage.obj
         .\Release_mod_sdk\/physics_main.obj
         .\Release_mod_sdk\/physics_main_shared.obj
         .\Release_mod_sdk\/physics_npc_solver.obj
         .\Release_mod_sdk\/physics_prop_ragdoll.obj
         .\Release_mod_sdk\/physics_saverestore.obj
         .\Release_mod_sdk\/physics_shared.obj
         .\Release_mod_sdk\/physobj.obj
         .\Release_mod_sdk\/player.obj
         .\Release_mod_sdk\/player_command.obj
         .\Release_mod_sdk\/player_lagcompensation.obj
         .\Release_mod_sdk\/player_pickup.obj
         .\Release_mod_sdk\/player_resource.obj
         .\Release_mod_sdk\/playerclass_info_parse.obj
         .\Release_mod_sdk\/playerinfomanager.obj
         .\Release_mod_sdk\/playerlocaldata.obj
         .\Release_mod_sdk\/plugin_check.obj
         .\Release_mod_sdk\/point_bonusmaps_accessor.obj
         .\Release_mod_sdk\/point_camera.obj
         .\Release_mod_sdk\/point_devshot_camera.obj
         .\Release_mod_sdk\/point_playermoveconstraint.obj
         .\Release_mod_sdk\/point_posecontroller.obj
         .\Release_mod_sdk\/point_spotlight.obj
         .\Release_mod_sdk\/point_template.obj
         .\Release_mod_sdk\/pointanglesensor.obj
         .\Release_mod_sdk\/PointAngularVelocitySensor.obj
         .\Release_mod_sdk\/pointhurt.obj
         .\Release_mod_sdk\/pointteleport.obj
         .\Release_mod_sdk\/precache_register.obj
         .\Release_mod_sdk\/predictableid.obj
         .\Release_mod_sdk\/predicted_viewmodel.obj
         .\Release_mod_sdk\/props.obj
         .\Release_mod_sdk\/props_shared.obj
         .\Release_mod_sdk\/querycache.obj
         .\Release_mod_sdk\/ragdoll_manager.obj
         .\Release_mod_sdk\/ragdoll_shared.obj
         .\Release_mod_sdk\/RagdollBoogie.obj
         .\Release_mod_sdk\/randoverride.obj
         .\Release_mod_sdk\/recipientfilter.obj
         .\Release_mod_sdk\/registry.obj
         .\Release_mod_sdk\/rope.obj
         .\Release_mod_sdk\/rope_helpers.obj
         .\Release_mod_sdk\/rope_physics.obj
         .\Release_mod_sdk\/saverestore.obj
         .\Release_mod_sdk\/saverestore_gamedll.obj
         .\Release_mod_sdk\/SceneCache.obj
         .\Release_mod_sdk\/sceneentity.obj
         .\Release_mod_sdk\/sceneentity_shared.obj
         .\Release_mod_sdk\/scratchpad3d.obj
         .\Release_mod_sdk\/scratchpad_gamedll_helpers.obj
         .\Release_mod_sdk\/ScratchPadUtils.obj
         .\Release_mod_sdk\/scripted.obj
         .\Release_mod_sdk\/scriptedtarget.obj
         .\Release_mod_sdk\/sendproxy.obj
         .\Release_mod_sdk\/sequence_Transitioner.obj
         .\Release_mod_sdk\/server_class.obj
         .\Release_mod_sdk\/serverbenchmark_base.obj
         .\Release_mod_sdk\/ServerNetworkProperty.obj
         .\Release_mod_sdk\/shadowcontrol.obj
         .\Release_mod_sdk\/sheetsimulator.obj
         .\Release_mod_sdk\/simple_physics.obj
         .\Release_mod_sdk\/simtimer.obj
         .\Release_mod_sdk\/singleplay_gamerules.obj
         .\Release_mod_sdk\/SkyCamera.obj
         .\Release_mod_sdk\/slideshow_display.obj
         .\Release_mod_sdk\/sound.obj
         .\Release_mod_sdk\/SoundEmitterSystem.obj
         .\Release_mod_sdk\/soundent.obj
         .\Release_mod_sdk\/soundenvelope.obj
         .\Release_mod_sdk\/SoundParametersInternal.obj
         .\Release_mod_sdk\/soundscape.obj
         .\Release_mod_sdk\/soundscape_system.obj
         .\Release_mod_sdk\/spotlightend.obj
         .\Release_mod_sdk\/Sprite.obj
         .\Release_mod_sdk\/sprite_perfmonitor.obj
         .\Release_mod_sdk\/stringregistry.obj
         .\Release_mod_sdk\/studio.obj
         .\Release_mod_sdk\/studio_shared.obj
         .\Release_mod_sdk\/subs.obj
         .\Release_mod_sdk\/sun.obj
         .\Release_mod_sdk\/tactical_mission.obj
         .\Release_mod_sdk\/takedamageinfo.obj
         .\Release_mod_sdk\/tanktrain.obj
         .\Release_mod_sdk\/team.obj
         .\Release_mod_sdk\/team_control_point.obj
         .\Release_mod_sdk\/team_control_point_master.obj
         .\Release_mod_sdk\/team_control_point_round.obj
         .\Release_mod_sdk\/team_objectiveresource.obj
         .\Release_mod_sdk\/team_spawnpoint.obj
         .\Release_mod_sdk\/team_train_watcher.obj
         .\Release_mod_sdk\/teamplay_gamerules.obj
         .\Release_mod_sdk\/teamplay_round_timer.obj
         .\Release_mod_sdk\/teamplayroundbased_gamerules.obj
         .\Release_mod_sdk\/TemplateEntities.obj
         .\Release_mod_sdk\/tempmonster.obj
         .\Release_mod_sdk\/tesla.obj
         .\Release_mod_sdk\/test_ehandle.obj
         .\Release_mod_sdk\/test_proxytoggle.obj
         .\Release_mod_sdk\/test_stressentities.obj
         .\Release_mod_sdk\/testfunctions.obj
         .\Release_mod_sdk\/testtraceline.obj
         .\Release_mod_sdk\/textstatsmgr.obj
         .\Release_mod_sdk\/timedeventmgr.obj
         .\Release_mod_sdk\/trains.obj
         .\Release_mod_sdk\/trigger_area_capture.obj
         .\Release_mod_sdk\/triggers.obj
         .\Release_mod_sdk\/usercmd.obj
         .\Release_mod_sdk\/util.obj
         .\Release_mod_sdk\/util_shared.obj
         .\Release_mod_sdk\/variant_t.obj
         .\Release_mod_sdk\/vehicle_base.obj
         .\Release_mod_sdk\/vehicle_baseserver.obj
         .\Release_mod_sdk\/vehicle_viewblend_shared.obj
         .\Release_mod_sdk\/vguiscreen.obj
         .\Release_mod_sdk\/voice_gamemgr.obj
         .\Release_mod_sdk\/vote_controller.obj
         .\Release_mod_sdk\/waterbullet.obj
         .\Release_mod_sdk\/WaterLODControl.obj
         .\Release_mod_sdk\/wcedit.obj
         .\Release_mod_sdk\/weapon_parse.obj
         .\Release_mod_sdk\/weapon_proficiency.obj
         .\Release_mod_sdk\/weight_button.obj
         .\Release_mod_sdk\/world.obj
         .\Release_mod_sdk\/nav_area.obj
         .\Release_mod_sdk\/nav_colors.obj
         .\Release_mod_sdk\/nav_edit.obj
         .\Release_mod_sdk\/nav_entities.obj
         .\Release_mod_sdk\/nav_file.obj
         .\Release_mod_sdk\/nav_generate.obj
         .\Release_mod_sdk\/nav_ladder.obj
         .\Release_mod_sdk\/nav_merge.obj
         .\Release_mod_sdk\/nav_mesh.obj
         .\Release_mod_sdk\/nav_mesh_factory.obj
         .\Release_mod_sdk\/nav_node.obj
         .\Release_mod_sdk\/nav_simplify.obj
         .\Release_mod_sdk\/stdafx.obj
         .\Release_mod_sdk\/sdk_brushentity.obj
         .\Release_mod_sdk\/sdk_client.obj
         .\Release_mod_sdk\/sdk_env_message.obj
         .\Release_mod_sdk\/sdk_env_sparkler.obj
         .\Release_mod_sdk\/sdk_eventlog.obj
         .\Release_mod_sdk\/sdk_gameinterface.obj
         .\Release_mod_sdk\/sdk_gamemovement.obj
         .\Release_mod_sdk\/sdk_logicalentity.obj
         .\Release_mod_sdk\/sdk_modelentity.obj
         .\Release_mod_sdk\/sdk_player_shared.obj
         .\Release_mod_sdk\/sdk_playerclass_info_parse.obj
         .\Release_mod_sdk\/sdk_shareddefs.obj
         .\Release_mod_sdk\/sdk_usermessages.obj
         .\Release_mod_sdk\/sdk_vehicle_jeep.obj
         .\Release_mod_sdk\/te_firebullets.obj
         .\Release_mod_sdk\/multiplayer_animstate.obj
         .\Release_mod_sdk\/bot_main.obj
         .\Release_mod_sdk\/sdk_player.obj
         .\Release_mod_sdk\/sdk_player_resource.obj
         .\Release_mod_sdk\/sdk_playeranimstate.obj
         .\Release_mod_sdk\/sdk_playermove.obj
         .\Release_mod_sdk\/sdk_gamerules.obj
         .\Release_mod_sdk\/sdk_team.obj
         .\Release_mod_sdk\/sdk_basegrenade_projectile.obj
         .\Release_mod_sdk\/sdk_fx_shared.obj
         .\Release_mod_sdk\/sdk_weapon_melee.obj
         .\Release_mod_sdk\/sdk_weapon_parse.obj
         .\Release_mod_sdk\/weapon_basesdkgrenade.obj
         .\Release_mod_sdk\/weapon_crowbar.obj
         .\Release_mod_sdk\/weapon_grenade.obj
         .\Release_mod_sdk\/weapon_mp5.obj
         .\Release_mod_sdk\/weapon_pistol.obj
         .\Release_mod_sdk\/weapon_sdkbase.obj
         .\Release_mod_sdk\/weapon_shotgun.obj
         .\Release_mod_sdk\/basetempentity.obj
         .\Release_mod_sdk\/event_tempentity_tester.obj
         .\Release_mod_sdk\/movie_explosion.obj
         .\Release_mod_sdk\/particle_fire.obj
         .\Release_mod_sdk\/particle_smokegrenade.obj
         .\Release_mod_sdk\/plasma.obj
         .\Release_mod_sdk\/smoke_trail.obj
         .\Release_mod_sdk\/smokestack.obj
         .\Release_mod_sdk\/SpriteTrail.obj
         .\Release_mod_sdk\/steamjet.obj
         .\Release_mod_sdk\/te.obj
         .\Release_mod_sdk\/te_armorricochet.obj
         .\Release_mod_sdk\/te_basebeam.obj
         .\Release_mod_sdk\/te_beamentpoint.obj
         .\Release_mod_sdk\/te_beaments.obj
         .\Release_mod_sdk\/te_beamfollow.obj
         .\Release_mod_sdk\/te_beamlaser.obj
         .\Release_mod_sdk\/te_beampoints.obj
         .\Release_mod_sdk\/te_beamring.obj
         .\Release_mod_sdk\/te_beamringpoint.obj
         .\Release_mod_sdk\/te_beamspline.obj
         .\Release_mod_sdk\/te_bloodsprite.obj
         .\Release_mod_sdk\/te_bloodstream.obj
         .\Release_mod_sdk\/te_breakmodel.obj
         .\Release_mod_sdk\/te_bspdecal.obj
         .\Release_mod_sdk\/te_bubbles.obj
         .\Release_mod_sdk\/te_bubbletrail.obj
         .\Release_mod_sdk\/te_clientprojectile.obj
         .\Release_mod_sdk\/te_decal.obj
         .\Release_mod_sdk\/te_dynamiclight.obj
         .\Release_mod_sdk\/te_effect_dispatch.obj
         .\Release_mod_sdk\/te_energysplash.obj
         .\Release_mod_sdk\/te_explosion.obj
         .\Release_mod_sdk\/te_fizz.obj
         .\Release_mod_sdk\/te_footprintdecal.obj
         .\Release_mod_sdk\/te_glassshatter.obj
         .\Release_mod_sdk\/te_glowsprite.obj
         .\Release_mod_sdk\/te_impact.obj
         .\Release_mod_sdk\/te_killplayerattachments.obj
         .\Release_mod_sdk\/te_largefunnel.obj
         .\Release_mod_sdk\/te_muzzleflash.obj
         .\Release_mod_sdk\/te_particlesystem.obj
         .\Release_mod_sdk\/te_physicsprop.obj
         .\Release_mod_sdk\/te_playerdecal.obj
         .\Release_mod_sdk\/te_projecteddecal.obj
         .\Release_mod_sdk\/te_showline.obj
         .\Release_mod_sdk\/te_smoke.obj
         .\Release_mod_sdk\/te_sparks.obj
         .\Release_mod_sdk\/te_sprite.obj
         .\Release_mod_sdk\/te_spritespray.obj
         .\Release_mod_sdk\/te_worlddecal.obj
         .\Release_mod_sdk\/usermessages.obj
         .\Release_mod_sdk\/entity_tools_server.obj
         .\Release_mod_sdk\/toolframework_server.obj
         ..\..\lib\public\choreoobjects.lib
         ..\..\lib\public\dmxloader.lib
         ..\..\lib\public\libprotobuf.lib
         ..\..\lib\public\mathlib.lib
         ..\..\lib\public\particles.lib
         ..\..\lib\public\steam_api.lib
         ..\..\lib\public\tier0.lib
         ..\..\lib\public\tier1.lib
         ..\..\lib\public\tier2.lib
         ..\..\lib\public\tier3.lib
         ..\..\lib\public\vstdlib.lib
            Creating library .\Release_mod_sdk\server.lib and object .\Release_mod_sdk\server.exp
         server_sdk.vcxproj -> C:\Users\taz-e\Desktop\Src_code\source-sdk-2013-template-master\mp\src\game\server\.\Release_mod_sdk\server.dll
       PostBuildEvent:
         if not exist "..\..\..\game\mod_sdk\bin\." mkdir "..\..\..\game\mod_sdk\bin\."
         copy "C:\Users\taz-e\Desktop\Src_code\source-sdk-2013-template-master\mp\src\game\server\Release_mod_sdk\server.dll" "..\..\..\game\mod_sdk\bin\.\server.dll"
         if ERRORLEVEL 1 goto BuildEventFailed
         if exist "C:\Users\taz-e\Desktop\Src_code\source-sdk-2013-template-master\mp\src\game\server\Release_mod_sdk\server.map" copy "C:\Users\taz-e\Desktop\Src_code\source-sdk-2013-template-master\mp\src\game\server\Release_mod_sdk\server.map" ..\..\..\game\mod_sdk\bin\.\server.map
         copy "C:\Users\taz-e\Desktop\Src_code\source-sdk-2013-template-master\mp\src\game\server\Release_mod_sdk\server.pdb" ..\..\..\game\mod_sdk\bin\.\server.pdb
         if ERRORLEVEL 1 goto BuildEventFailed
         goto BuildEventOK
         :BuildEventFailed
         echo *** ERROR! PostBuildStep FAILED for Server (SDK)! EXE or DLL is probably running. ***
         del /q "C:\Users\taz-e\Desktop\Src_code\source-sdk-2013-template-master\mp\src\game\server\Release_mod_sdk\server.dll"
         exit 1
         :BuildEventOK
         
         :VCEnd
                 1 file(s) copied.
                 1 file(s) copied.
     1>Done Building Project "C:\Users\taz-e\Desktop\Src_code\source-sdk-2013-template-master\mp\src\game\server\server_sdk.vcxproj" (Rebuild target(s)).

Build succeeded.

Time Elapsed 00:03:52.61
