c:\users\taz-e\desktop\src_code\source-sdk-2013-template-master\mp\src\game\server\release_mod_sdk\server.pch
c:\users\taz-e\desktop\src_code\source-sdk-2013-template-master\mp\src\game\server\release_mod_sdk\vc120.pdb
c:\users\taz-e\desktop\src_code\source-sdk-2013-template-master\mp\src\game\server\release_mod_sdk\stdafx.obj
c:\users\taz-e\desktop\src_code\source-sdk-2013-template-master\mp\src\game\server\release_mod_sdk\achievementmgr.obj
c:\users\taz-e\desktop\src_code\source-sdk-2013-template-master\mp\src\game\server\release_mod_sdk\ai_basenpc.obj
c:\users\taz-e\desktop\src_code\source-sdk-2013-template-master\mp\src\game\server\release_mod_sdk\ai_behavior_assault.obj
c:\users\taz-e\desktop\src_code\source-sdk-2013-template-master\mp\src\game\server\release_mod_sdk\ai_behavior_standoff.obj
c:\users\taz-e\desktop\src_code\source-sdk-2013-template-master\mp\src\game\server\release_mod_sdk\ai_condition.obj
c:\users\taz-e\desktop\src_code\source-sdk-2013-template-master\mp\src\game\server\release_mod_sdk\ai_default.obj
c:\users\taz-e\desktop\src_code\source-sdk-2013-template-master\mp\src\game\server\release_mod_sdk\ai_hull.obj
c:\users\taz-e\desktop\src_code\source-sdk-2013-template-master\mp\src\game\server\release_mod_sdk\ai_interest_target.obj
c:\users\taz-e\desktop\src_code\source-sdk-2013-template-master\mp\src\game\server\release_mod_sdk\ai_link.obj
c:\users\taz-e\desktop\src_code\source-sdk-2013-template-master\mp\src\game\server\release_mod_sdk\ai_localnavigator.obj
c:\users\taz-e\desktop\src_code\source-sdk-2013-template-master\mp\src\game\server\release_mod_sdk\ai_moveprobe.obj
c:\users\taz-e\desktop\src_code\source-sdk-2013-template-master\mp\src\game\server\release_mod_sdk\ai_node.obj
c:\users\taz-e\desktop\src_code\source-sdk-2013-template-master\mp\src\game\server\release_mod_sdk\ai_planesolver.obj
c:\users\taz-e\desktop\src_code\source-sdk-2013-template-master\mp\src\game\server\release_mod_sdk\ai_route.obj
c:\users\taz-e\desktop\src_code\source-sdk-2013-template-master\mp\src\game\server\release_mod_sdk\ai_schedule.obj
c:\users\taz-e\desktop\src_code\source-sdk-2013-template-master\mp\src\game\server\release_mod_sdk\ai_sentence.obj
c:\users\taz-e\desktop\src_code\source-sdk-2013-template-master\mp\src\game\server\release_mod_sdk\ai_squadslot.obj
c:\users\taz-e\desktop\src_code\source-sdk-2013-template-master\mp\src\game\server\release_mod_sdk\ai_task.obj
c:\users\taz-e\desktop\src_code\source-sdk-2013-template-master\mp\src\game\server\release_mod_sdk\ai_waypoint.obj
c:\users\taz-e\desktop\src_code\source-sdk-2013-template-master\mp\src\game\server\release_mod_sdk\ammodef.obj
c:\users\taz-e\desktop\src_code\source-sdk-2013-template-master\mp\src\game\server\release_mod_sdk\base_playeranimstate.obj
c:\users\taz-e\desktop\src_code\source-sdk-2013-template-master\mp\src\game\server\release_mod_sdk\baseanimatingoverlay.obj
c:\users\taz-e\desktop\src_code\source-sdk-2013-template-master\mp\src\game\server\release_mod_sdk\basecombatweapon_shared.obj
c:\users\taz-e\desktop\src_code\source-sdk-2013-template-master\mp\src\game\server\release_mod_sdk\baseentity_shared.obj
c:\users\taz-e\desktop\src_code\source-sdk-2013-template-master\mp\src\game\server\release_mod_sdk\basegrenade_timed.obj
c:\users\taz-e\desktop\src_code\source-sdk-2013-template-master\mp\src\game\server\release_mod_sdk\basemultiplayerplayer.obj
c:\users\taz-e\desktop\src_code\source-sdk-2013-template-master\mp\src\game\server\release_mod_sdk\baseprojectile.obj
c:\users\taz-e\desktop\src_code\source-sdk-2013-template-master\mp\src\game\server\release_mod_sdk\baseviewmodel.obj
c:\users\taz-e\desktop\src_code\source-sdk-2013-template-master\mp\src\game\server\release_mod_sdk\beam_shared.obj
c:\users\taz-e\desktop\src_code\source-sdk-2013-template-master\mp\src\game\server\release_mod_sdk\buttons.obj
c:\users\taz-e\desktop\src_code\source-sdk-2013-template-master\mp\src\game\server\release_mod_sdk\collisionproperty.obj
c:\users\taz-e\desktop\src_code\source-sdk-2013-template-master\mp\src\game\server\release_mod_sdk\commentarysystem.obj
c:\users\taz-e\desktop\src_code\source-sdk-2013-template-master\mp\src\game\server\release_mod_sdk\entitylist.obj
c:\users\taz-e\desktop\src_code\source-sdk-2013-template-master\mp\src\game\server\release_mod_sdk\env_screenoverlay.obj
c:\users\taz-e\desktop\src_code\source-sdk-2013-template-master\mp\src\game\server\release_mod_sdk\envfade.obj
c:\users\taz-e\desktop\src_code\source-sdk-2013-template-master\mp\src\game\server\release_mod_sdk\envmessage.obj
c:\users\taz-e\desktop\src_code\source-sdk-2013-template-master\mp\src\game\server\release_mod_sdk\fire_smoke.obj
c:\users\taz-e\desktop\src_code\source-sdk-2013-template-master\mp\src\game\server\release_mod_sdk\fish.obj
c:\users\taz-e\desktop\src_code\source-sdk-2013-template-master\mp\src\game\server\release_mod_sdk\fourwheelvehiclephysics.obj
c:\users\taz-e\desktop\src_code\source-sdk-2013-template-master\mp\src\game\server\release_mod_sdk\func_lod.obj
c:\users\taz-e\desktop\src_code\source-sdk-2013-template-master\mp\src\game\server\release_mod_sdk\func_monitor.obj
c:\users\taz-e\desktop\src_code\source-sdk-2013-template-master\mp\src\game\server\release_mod_sdk\func_reflective_glass.obj
c:\users\taz-e\desktop\src_code\source-sdk-2013-template-master\mp\src\game\server\release_mod_sdk\game_ui.obj
c:\users\taz-e\desktop\src_code\source-sdk-2013-template-master\mp\src\game\server\release_mod_sdk\gamerules_register.obj
c:\users\taz-e\desktop\src_code\source-sdk-2013-template-master\mp\src\game\server\release_mod_sdk\gamestats.obj
c:\users\taz-e\desktop\src_code\source-sdk-2013-template-master\mp\src\game\server\release_mod_sdk\genericmonster.obj
c:\users\taz-e\desktop\src_code\source-sdk-2013-template-master\mp\src\game\server\release_mod_sdk\grenadethrown.obj
c:\users\taz-e\desktop\src_code\source-sdk-2013-template-master\mp\src\game\server\release_mod_sdk\haptic_msgs.obj
c:\users\taz-e\desktop\src_code\source-sdk-2013-template-master\mp\src\game\server\release_mod_sdk\hintmessage.obj
c:\users\taz-e\desktop\src_code\source-sdk-2013-template-master\mp\src\game\server\release_mod_sdk\hltvdirector.obj
c:\users\taz-e\desktop\src_code\source-sdk-2013-template-master\mp\src\game\server\release_mod_sdk\info_camera_link.obj
c:\users\taz-e\desktop\src_code\source-sdk-2013-template-master\mp\src\game\server\release_mod_sdk\item_world.obj
c:\users\taz-e\desktop\src_code\source-sdk-2013-template-master\mp\src\game\server\release_mod_sdk\logicauto.obj
c:\users\taz-e\desktop\src_code\source-sdk-2013-template-master\mp\src\game\server\release_mod_sdk\mapentities_shared.obj
c:\users\taz-e\desktop\src_code\source-sdk-2013-template-master\mp\src\game\server\release_mod_sdk\maprules.obj
c:\users\taz-e\desktop\src_code\source-sdk-2013-template-master\mp\src\game\server\release_mod_sdk\modelentities.obj
c:\users\taz-e\desktop\src_code\source-sdk-2013-template-master\mp\src\game\server\release_mod_sdk\movehelper_server.obj
c:\users\taz-e\desktop\src_code\source-sdk-2013-template-master\mp\src\game\server\release_mod_sdk\movement.obj
c:\users\taz-e\desktop\src_code\source-sdk-2013-template-master\mp\src\game\server\release_mod_sdk\multiplay_gamerules.obj
c:\users\taz-e\desktop\src_code\source-sdk-2013-template-master\mp\src\game\server\release_mod_sdk\particlesystemquery.obj
c:\users\taz-e\desktop\src_code\source-sdk-2013-template-master\mp\src\game\server\release_mod_sdk\physics_bone_follower.obj
c:\users\taz-e\desktop\src_code\source-sdk-2013-template-master\mp\src\game\server\release_mod_sdk\physics_fx.obj
c:\users\taz-e\desktop\src_code\source-sdk-2013-template-master\mp\src\game\server\release_mod_sdk\physics_impact_damage.obj
c:\users\taz-e\desktop\src_code\source-sdk-2013-template-master\mp\src\game\server\release_mod_sdk\physics_npc_solver.obj
c:\users\taz-e\desktop\src_code\source-sdk-2013-template-master\mp\src\game\server\release_mod_sdk\physics_saverestore.obj
c:\users\taz-e\desktop\src_code\source-sdk-2013-template-master\mp\src\game\server\release_mod_sdk\player_command.obj
c:\users\taz-e\desktop\src_code\source-sdk-2013-template-master\mp\src\game\server\release_mod_sdk\player_lagcompensation.obj
c:\users\taz-e\desktop\src_code\source-sdk-2013-template-master\mp\src\game\server\release_mod_sdk\player_resource.obj
c:\users\taz-e\desktop\src_code\source-sdk-2013-template-master\mp\src\game\server\release_mod_sdk\playerlocaldata.obj
c:\users\taz-e\desktop\src_code\source-sdk-2013-template-master\mp\src\game\server\release_mod_sdk\point_playermoveconstraint.obj
c:\users\taz-e\desktop\src_code\source-sdk-2013-template-master\mp\src\game\server\release_mod_sdk\point_spotlight.obj
c:\users\taz-e\desktop\src_code\source-sdk-2013-template-master\mp\src\game\server\release_mod_sdk\pointhurt.obj
c:\users\taz-e\desktop\src_code\source-sdk-2013-template-master\mp\src\game\server\release_mod_sdk\precache_register.obj
c:\users\taz-e\desktop\src_code\source-sdk-2013-template-master\mp\src\game\server\release_mod_sdk\predictableid.obj
c:\users\taz-e\desktop\src_code\source-sdk-2013-template-master\mp\src\game\server\release_mod_sdk\props.obj
c:\users\taz-e\desktop\src_code\source-sdk-2013-template-master\mp\src\game\server\release_mod_sdk\scriptedtarget.obj
c:\users\taz-e\desktop\src_code\source-sdk-2013-template-master\mp\src\game\server\release_mod_sdk\shadowcontrol.obj
c:\users\taz-e\desktop\src_code\source-sdk-2013-template-master\mp\src\game\server\release_mod_sdk\skycamera.obj
c:\users\taz-e\desktop\src_code\source-sdk-2013-template-master\mp\src\game\server\release_mod_sdk\soundemittersystem.obj
c:\users\taz-e\desktop\src_code\source-sdk-2013-template-master\mp\src\game\server\release_mod_sdk\soundenvelope.obj
c:\users\taz-e\desktop\src_code\source-sdk-2013-template-master\mp\src\game\server\release_mod_sdk\spotlightend.obj
c:\users\taz-e\desktop\src_code\source-sdk-2013-template-master\mp\src\game\server\release_mod_sdk\sprite_perfmonitor.obj
c:\users\taz-e\desktop\src_code\source-sdk-2013-template-master\mp\src\game\server\release_mod_sdk\studio_shared.obj
c:\users\taz-e\desktop\src_code\source-sdk-2013-template-master\mp\src\game\server\release_mod_sdk\sun.obj
c:\users\taz-e\desktop\src_code\source-sdk-2013-template-master\mp\src\game\server\release_mod_sdk\team.obj
c:\users\taz-e\desktop\src_code\source-sdk-2013-template-master\mp\src\game\server\release_mod_sdk\team_objectiveresource.obj
c:\users\taz-e\desktop\src_code\source-sdk-2013-template-master\mp\src\game\server\release_mod_sdk\team_spawnpoint.obj
c:\users\taz-e\desktop\src_code\source-sdk-2013-template-master\mp\src\game\server\release_mod_sdk\team_train_watcher.obj
c:\users\taz-e\desktop\src_code\source-sdk-2013-template-master\mp\src\game\server\release_mod_sdk\trains.obj
c:\users\taz-e\desktop\src_code\source-sdk-2013-template-master\mp\src\game\server\release_mod_sdk\util_shared.obj
c:\users\taz-e\desktop\src_code\source-sdk-2013-template-master\mp\src\game\server\release_mod_sdk\vehicle_baseserver.obj
c:\users\taz-e\desktop\src_code\source-sdk-2013-template-master\mp\src\game\server\release_mod_sdk\world.obj
c:\users\taz-e\desktop\src_code\source-sdk-2013-template-master\mp\src\game\server\release_mod_sdk\nav_entities.obj
c:\users\taz-e\desktop\src_code\source-sdk-2013-template-master\mp\src\game\server\release_mod_sdk\nav_mesh.obj
c:\users\taz-e\desktop\src_code\source-sdk-2013-template-master\mp\src\game\server\release_mod_sdk\sdk_brushentity.obj
c:\users\taz-e\desktop\src_code\source-sdk-2013-template-master\mp\src\game\server\release_mod_sdk\sdk_env_message.obj
c:\users\taz-e\desktop\src_code\source-sdk-2013-template-master\mp\src\game\server\release_mod_sdk\sdk_env_sparkler.obj
c:\users\taz-e\desktop\src_code\source-sdk-2013-template-master\mp\src\game\server\release_mod_sdk\sdk_gamemovement.obj
c:\users\taz-e\desktop\src_code\source-sdk-2013-template-master\mp\src\game\server\release_mod_sdk\bot_main.obj
c:\users\taz-e\desktop\src_code\source-sdk-2013-template-master\mp\src\game\server\release_mod_sdk\sdk_gamerules.obj
c:\users\taz-e\desktop\src_code\source-sdk-2013-template-master\mp\src\game\server\release_mod_sdk\weapon_grenade.obj
c:\users\taz-e\desktop\src_code\source-sdk-2013-template-master\mp\src\game\server\release_mod_sdk\particle_fire.obj
c:\users\taz-e\desktop\src_code\source-sdk-2013-template-master\mp\src\game\server\release_mod_sdk\plasma.obj
c:\users\taz-e\desktop\src_code\source-sdk-2013-template-master\mp\src\game\server\release_mod_sdk\steamjet.obj
c:\users\taz-e\desktop\src_code\source-sdk-2013-template-master\mp\src\game\server\release_mod_sdk\te_armorricochet.obj
c:\users\taz-e\desktop\src_code\source-sdk-2013-template-master\mp\src\game\server\release_mod_sdk\te_beamentpoint.obj
c:\users\taz-e\desktop\src_code\source-sdk-2013-template-master\mp\src\game\server\release_mod_sdk\te_beampoints.obj
c:\users\taz-e\desktop\src_code\source-sdk-2013-template-master\mp\src\game\server\release_mod_sdk\te_bloodsprite.obj
c:\users\taz-e\desktop\src_code\source-sdk-2013-template-master\mp\src\game\server\release_mod_sdk\te_bubbletrail.obj
c:\users\taz-e\desktop\src_code\source-sdk-2013-template-master\mp\src\game\server\release_mod_sdk\te_dynamiclight.obj
c:\users\taz-e\desktop\src_code\source-sdk-2013-template-master\mp\src\game\server\release_mod_sdk\te_fizz.obj
c:\users\taz-e\desktop\src_code\source-sdk-2013-template-master\mp\src\game\server\release_mod_sdk\te_glowsprite.obj
c:\users\taz-e\desktop\src_code\source-sdk-2013-template-master\mp\src\game\server\release_mod_sdk\te_largefunnel.obj
c:\users\taz-e\desktop\src_code\source-sdk-2013-template-master\mp\src\game\server\release_mod_sdk\te_playerdecal.obj
c:\users\taz-e\desktop\src_code\source-sdk-2013-template-master\mp\src\game\server\release_mod_sdk\te_sparks.obj
c:\users\taz-e\desktop\src_code\source-sdk-2013-template-master\mp\src\game\server\release_mod_sdk\entity_tools_server.obj
c:\users\taz-e\desktop\src_code\source-sdk-2013-template-master\mp\src\game\server\release_mod_sdk\activitylist.obj
c:\users\taz-e\desktop\src_code\source-sdk-2013-template-master\mp\src\game\server\release_mod_sdk\ai_basehumanoid.obj
c:\users\taz-e\desktop\src_code\source-sdk-2013-template-master\mp\src\game\server\release_mod_sdk\ai_basenpc_flyer.obj
c:\users\taz-e\desktop\src_code\source-sdk-2013-template-master\mp\src\game\server\release_mod_sdk\ai_basenpc_movement.obj
c:\users\taz-e\desktop\src_code\source-sdk-2013-template-master\mp\src\game\server\release_mod_sdk\ai_basenpc_schedule.obj
c:\users\taz-e\desktop\src_code\source-sdk-2013-template-master\mp\src\game\server\release_mod_sdk\ai_behavior_rappel.obj
c:\users\taz-e\desktop\src_code\source-sdk-2013-template-master\mp\src\game\server\release_mod_sdk\ai_blended_movement.obj
c:\users\taz-e\desktop\src_code\source-sdk-2013-template-master\mp\src\game\server\release_mod_sdk\ai_criteria.obj
c:\users\taz-e\desktop\src_code\source-sdk-2013-template-master\mp\src\game\server\release_mod_sdk\ai_event.obj
c:\users\taz-e\desktop\src_code\source-sdk-2013-template-master\mp\src\game\server\release_mod_sdk\ai_initutils.obj
c:\users\taz-e\desktop\src_code\source-sdk-2013-template-master\mp\src\game\server\release_mod_sdk\ai_moveshoot.obj
c:\users\taz-e\desktop\src_code\source-sdk-2013-template-master\mp\src\game\server\release_mod_sdk\ai_networkmanager.obj
c:\users\taz-e\desktop\src_code\source-sdk-2013-template-master\mp\src\game\server\release_mod_sdk\ai_relationship.obj
c:\users\taz-e\desktop\src_code\source-sdk-2013-template-master\mp\src\game\server\release_mod_sdk\ai_saverestore.obj
c:\users\taz-e\desktop\src_code\source-sdk-2013-template-master\mp\src\game\server\release_mod_sdk\ai_senses.obj
c:\users\taz-e\desktop\src_code\source-sdk-2013-template-master\mp\src\game\server\release_mod_sdk\ai_squad.obj
c:\users\taz-e\desktop\src_code\source-sdk-2013-template-master\mp\src\game\server\release_mod_sdk\ai_trackpather.obj
c:\users\taz-e\desktop\src_code\source-sdk-2013-template-master\mp\src\game\server\release_mod_sdk\animation.obj
c:\users\taz-e\desktop\src_code\source-sdk-2013-template-master\mp\src\game\server\release_mod_sdk\base_transmit_proxy.obj
c:\users\taz-e\desktop\src_code\source-sdk-2013-template-master\mp\src\game\server\release_mod_sdk\baseanimating.obj
c:\users\taz-e\desktop\src_code\source-sdk-2013-template-master\mp\src\game\server\release_mod_sdk\baseflex.obj
c:\users\taz-e\desktop\src_code\source-sdk-2013-template-master\mp\src\game\server\release_mod_sdk\baseviewmodel_shared.obj
c:\users\taz-e\desktop\src_code\source-sdk-2013-template-master\mp\src\game\server\release_mod_sdk\bitstring.obj
c:\users\taz-e\desktop\src_code\source-sdk-2013-template-master\mp\src\game\server\release_mod_sdk\bmodels.obj
c:\users\taz-e\desktop\src_code\source-sdk-2013-template-master\mp\src\game\server\release_mod_sdk\client.obj
c:\users\taz-e\desktop\src_code\source-sdk-2013-template-master\mp\src\game\server\release_mod_sdk\doors.obj
c:\users\taz-e\desktop\src_code\source-sdk-2013-template-master\mp\src\game\server\release_mod_sdk\effects.obj
c:\users\taz-e\desktop\src_code\source-sdk-2013-template-master\mp\src\game\server\release_mod_sdk\env_entity_maker.obj
c:\users\taz-e\desktop\src_code\source-sdk-2013-template-master\mp\src\game\server\release_mod_sdk\env_texturetoggle.obj
c:\users\taz-e\desktop\src_code\source-sdk-2013-template-master\mp\src\game\server\release_mod_sdk\env_wind_shared.obj
c:\users\taz-e\desktop\src_code\source-sdk-2013-template-master\mp\src\game\server\release_mod_sdk\envlaser.obj
c:\users\taz-e\desktop\src_code\source-sdk-2013-template-master\mp\src\game\server\release_mod_sdk\envspark.obj
c:\users\taz-e\desktop\src_code\source-sdk-2013-template-master\mp\src\game\server\release_mod_sdk\eventlog.obj
c:\users\taz-e\desktop\src_code\source-sdk-2013-template-master\mp\src\game\server\release_mod_sdk\fire.obj
c:\users\taz-e\desktop\src_code\source-sdk-2013-template-master\mp\src\game\server\release_mod_sdk\fogcontroller.obj
c:\users\taz-e\desktop\src_code\source-sdk-2013-template-master\mp\src\game\server\release_mod_sdk\func_areaportal.obj
c:\users\taz-e\desktop\src_code\source-sdk-2013-template-master\mp\src\game\server\release_mod_sdk\func_break.obj
c:\users\taz-e\desktop\src_code\source-sdk-2013-template-master\mp\src\game\server\release_mod_sdk\func_ladder.obj
c:\users\taz-e\desktop\src_code\source-sdk-2013-template-master\mp\src\game\server\release_mod_sdk\func_occluder.obj
c:\users\taz-e\desktop\src_code\source-sdk-2013-template-master\mp\src\game\server\release_mod_sdk\game.obj
c:\users\taz-e\desktop\src_code\source-sdk-2013-template-master\mp\src\game\server\release_mod_sdk\gameinterface.obj
c:\users\taz-e\desktop\src_code\source-sdk-2013-template-master\mp\src\game\server\release_mod_sdk\lights.obj
c:\users\taz-e\desktop\src_code\source-sdk-2013-template-master\mp\src\game\server\release_mod_sdk\logic_navigation.obj
c:\users\taz-e\desktop\src_code\source-sdk-2013-template-master\mp\src\game\server\release_mod_sdk\mapentities.obj
c:\users\taz-e\desktop\src_code\source-sdk-2013-template-master\mp\src\game\server\release_mod_sdk\npc_vehicledriver.obj
c:\users\taz-e\desktop\src_code\source-sdk-2013-template-master\mp\src\game\server\release_mod_sdk\pathcorner.obj
c:\users\taz-e\desktop\src_code\source-sdk-2013-template-master\mp\src\game\server\release_mod_sdk\physconstraint.obj
c:\users\taz-e\desktop\src_code\source-sdk-2013-template-master\mp\src\game\server\release_mod_sdk\physics_main.obj
c:\users\taz-e\desktop\src_code\source-sdk-2013-template-master\mp\src\game\server\release_mod_sdk\physics_shared.obj
c:\users\taz-e\desktop\src_code\source-sdk-2013-template-master\mp\src\game\server\release_mod_sdk\player.obj
c:\users\taz-e\desktop\src_code\source-sdk-2013-template-master\mp\src\game\server\release_mod_sdk\sceneentity.obj
c:\users\taz-e\desktop\src_code\source-sdk-2013-template-master\mp\src\game\server\release_mod_sdk\sprite.obj
c:\users\taz-e\desktop\src_code\source-sdk-2013-template-master\mp\src\game\server\release_mod_sdk\subs.obj
c:\users\taz-e\desktop\src_code\source-sdk-2013-template-master\mp\src\game\server\release_mod_sdk\tanktrain.obj
c:\users\taz-e\desktop\src_code\source-sdk-2013-template-master\mp\src\game\server\release_mod_sdk\team_control_point_round.obj
c:\users\taz-e\desktop\src_code\source-sdk-2013-template-master\mp\src\game\server\release_mod_sdk\teamplay_round_timer.obj
c:\users\taz-e\desktop\src_code\source-sdk-2013-template-master\mp\src\game\server\release_mod_sdk\test_proxytoggle.obj
c:\users\taz-e\desktop\src_code\source-sdk-2013-template-master\mp\src\game\server\release_mod_sdk\test_stressentities.obj
c:\users\taz-e\desktop\src_code\source-sdk-2013-template-master\mp\src\game\server\release_mod_sdk\textstatsmgr.obj
c:\users\taz-e\desktop\src_code\source-sdk-2013-template-master\mp\src\game\server\release_mod_sdk\trigger_area_capture.obj
c:\users\taz-e\desktop\src_code\source-sdk-2013-template-master\mp\src\game\server\release_mod_sdk\vehicle_viewblend_shared.obj
c:\users\taz-e\desktop\src_code\source-sdk-2013-template-master\mp\src\game\server\release_mod_sdk\vguiscreen.obj
c:\users\taz-e\desktop\src_code\source-sdk-2013-template-master\mp\src\game\server\release_mod_sdk\vote_controller.obj
c:\users\taz-e\desktop\src_code\source-sdk-2013-template-master\mp\src\game\server\release_mod_sdk\weapon_proficiency.obj
c:\users\taz-e\desktop\src_code\source-sdk-2013-template-master\mp\src\game\server\release_mod_sdk\weight_button.obj
c:\users\taz-e\desktop\src_code\source-sdk-2013-template-master\mp\src\game\server\release_mod_sdk\nav_area.obj
c:\users\taz-e\desktop\src_code\source-sdk-2013-template-master\mp\src\game\server\release_mod_sdk\nav_merge.obj
c:\users\taz-e\desktop\src_code\source-sdk-2013-template-master\mp\src\game\server\release_mod_sdk\nav_simplify.obj
c:\users\taz-e\desktop\src_code\source-sdk-2013-template-master\mp\src\game\server\release_mod_sdk\sdk_eventlog.obj
c:\users\taz-e\desktop\src_code\source-sdk-2013-template-master\mp\src\game\server\release_mod_sdk\sdk_playerclass_info_parse.obj
c:\users\taz-e\desktop\src_code\source-sdk-2013-template-master\mp\src\game\server\release_mod_sdk\sdk_usermessages.obj
c:\users\taz-e\desktop\src_code\source-sdk-2013-template-master\mp\src\game\server\release_mod_sdk\te_firebullets.obj
c:\users\taz-e\desktop\src_code\source-sdk-2013-template-master\mp\src\game\server\release_mod_sdk\multiplayer_animstate.obj
c:\users\taz-e\desktop\src_code\source-sdk-2013-template-master\mp\src\game\server\release_mod_sdk\sdk_player.obj
c:\users\taz-e\desktop\src_code\source-sdk-2013-template-master\mp\src\game\server\release_mod_sdk\sdk_weapon_parse.obj
c:\users\taz-e\desktop\src_code\source-sdk-2013-template-master\mp\src\game\server\release_mod_sdk\weapon_crowbar.obj
c:\users\taz-e\desktop\src_code\source-sdk-2013-template-master\mp\src\game\server\release_mod_sdk\weapon_pistol.obj
c:\users\taz-e\desktop\src_code\source-sdk-2013-template-master\mp\src\game\server\release_mod_sdk\basetempentity.obj
c:\users\taz-e\desktop\src_code\source-sdk-2013-template-master\mp\src\game\server\release_mod_sdk\event_tempentity_tester.obj
c:\users\taz-e\desktop\src_code\source-sdk-2013-template-master\mp\src\game\server\release_mod_sdk\movie_explosion.obj
c:\users\taz-e\desktop\src_code\source-sdk-2013-template-master\mp\src\game\server\release_mod_sdk\particle_smokegrenade.obj
c:\users\taz-e\desktop\src_code\source-sdk-2013-template-master\mp\src\game\server\release_mod_sdk\smoke_trail.obj
c:\users\taz-e\desktop\src_code\source-sdk-2013-template-master\mp\src\game\server\release_mod_sdk\te_beamlaser.obj
c:\users\taz-e\desktop\src_code\source-sdk-2013-template-master\mp\src\game\server\release_mod_sdk\te_beamspline.obj
c:\users\taz-e\desktop\src_code\source-sdk-2013-template-master\mp\src\game\server\release_mod_sdk\te_breakmodel.obj
c:\users\taz-e\desktop\src_code\source-sdk-2013-template-master\mp\src\game\server\release_mod_sdk\te_effect_dispatch.obj
c:\users\taz-e\desktop\src_code\source-sdk-2013-template-master\mp\src\game\server\release_mod_sdk\te_footprintdecal.obj
c:\users\taz-e\desktop\src_code\source-sdk-2013-template-master\mp\src\game\server\release_mod_sdk\te_impact.obj
c:\users\taz-e\desktop\src_code\source-sdk-2013-template-master\mp\src\game\server\release_mod_sdk\te_particlesystem.obj
c:\users\taz-e\desktop\src_code\source-sdk-2013-template-master\mp\src\game\server\release_mod_sdk\te_projecteddecal.obj
c:\users\taz-e\desktop\src_code\source-sdk-2013-template-master\mp\src\game\server\release_mod_sdk\te_sprite.obj
c:\users\taz-e\desktop\src_code\source-sdk-2013-template-master\mp\src\game\server\release_mod_sdk\usermessages.obj
c:\users\taz-e\desktop\src_code\source-sdk-2013-template-master\mp\src\game\server\release_mod_sdk\achievement_saverestore.obj
c:\users\taz-e\desktop\src_code\source-sdk-2013-template-master\mp\src\game\server\release_mod_sdk\ai_baseactor.obj
c:\users\taz-e\desktop\src_code\source-sdk-2013-template-master\mp\src\game\server\release_mod_sdk\ai_basenpc_flyer_new.obj
c:\users\taz-e\desktop\src_code\source-sdk-2013-template-master\mp\src\game\server\release_mod_sdk\ai_basenpc_physicsflyer.obj
c:\users\taz-e\desktop\src_code\source-sdk-2013-template-master\mp\src\game\server\release_mod_sdk\ai_basenpc_squad.obj
c:\users\taz-e\desktop\src_code\source-sdk-2013-template-master\mp\src\game\server\release_mod_sdk\ai_behavior_fear.obj
c:\users\taz-e\desktop\src_code\source-sdk-2013-template-master\mp\src\game\server\release_mod_sdk\ai_behavior_lead.obj
c:\users\taz-e\desktop\src_code\source-sdk-2013-template-master\mp\src\game\server\release_mod_sdk\ai_goalentity.obj
c:\users\taz-e\desktop\src_code\source-sdk-2013-template-master\mp\src\game\server\release_mod_sdk\ai_looktarget.obj
c:\users\taz-e\desktop\src_code\source-sdk-2013-template-master\mp\src\game\server\release_mod_sdk\ai_memory.obj
c:\users\taz-e\desktop\src_code\source-sdk-2013-template-master\mp\src\game\server\release_mod_sdk\ai_movesolver.obj
c:\users\taz-e\desktop\src_code\source-sdk-2013-template-master\mp\src\game\server\release_mod_sdk\ai_namespaces.obj
c:\users\taz-e\desktop\src_code\source-sdk-2013-template-master\mp\src\game\server\release_mod_sdk\ai_navigator.obj
c:\users\taz-e\desktop\src_code\source-sdk-2013-template-master\mp\src\game\server\release_mod_sdk\ai_playerally.obj
c:\users\taz-e\desktop\src_code\source-sdk-2013-template-master\mp\src\game\server\release_mod_sdk\ai_speech.obj
c:\users\taz-e\desktop\src_code\source-sdk-2013-template-master\mp\src\game\server\release_mod_sdk\ai_tacticalservices.obj
c:\users\taz-e\desktop\src_code\source-sdk-2013-template-master\mp\src\game\server\release_mod_sdk\ai_utils.obj
c:\users\taz-e\desktop\src_code\source-sdk-2013-template-master\mp\src\game\server\release_mod_sdk\basecombatcharacter.obj
c:\users\taz-e\desktop\src_code\source-sdk-2013-template-master\mp\src\game\server\release_mod_sdk\basegrenade_concussion.obj
c:\users\taz-e\desktop\src_code\source-sdk-2013-template-master\mp\src\game\server\release_mod_sdk\basegrenade_contact.obj
c:\users\taz-e\desktop\src_code\source-sdk-2013-template-master\mp\src\game\server\release_mod_sdk\basegrenade_shared.obj
c:\users\taz-e\desktop\src_code\source-sdk-2013-template-master\mp\src\game\server\release_mod_sdk\baseparticleentity.obj
c:\users\taz-e\desktop\src_code\source-sdk-2013-template-master\mp\src\game\server\release_mod_sdk\baseplayer_shared.obj
c:\users\taz-e\desktop\src_code\source-sdk-2013-template-master\mp\src\game\server\release_mod_sdk\colorcorrection.obj
c:\users\taz-e\desktop\src_code\source-sdk-2013-template-master\mp\src\game\server\release_mod_sdk\controlentities.obj
c:\users\taz-e\desktop\src_code\source-sdk-2013-template-master\mp\src\game\server\release_mod_sdk\damagemodifier.obj
c:\users\taz-e\desktop\src_code\source-sdk-2013-template-master\mp\src\game\server\release_mod_sdk\debugoverlay_shared.obj
c:\users\taz-e\desktop\src_code\source-sdk-2013-template-master\mp\src\game\server\release_mod_sdk\dynamiclight.obj
c:\users\taz-e\desktop\src_code\source-sdk-2013-template-master\mp\src\game\server\release_mod_sdk\effect_dispatch_data.obj
c:\users\taz-e\desktop\src_code\source-sdk-2013-template-master\mp\src\game\server\release_mod_sdk\effectsserver.obj
c:\users\taz-e\desktop\src_code\source-sdk-2013-template-master\mp\src\game\server\release_mod_sdk\entitydissolve.obj
c:\users\taz-e\desktop\src_code\source-sdk-2013-template-master\mp\src\game\server\release_mod_sdk\entitylist_base.obj
c:\users\taz-e\desktop\src_code\source-sdk-2013-template-master\mp\src\game\server\release_mod_sdk\entityparticletrail_shared.obj
c:\users\taz-e\desktop\src_code\source-sdk-2013-template-master\mp\src\game\server\release_mod_sdk\env_debughistory.obj
c:\users\taz-e\desktop\src_code\source-sdk-2013-template-master\mp\src\game\server\release_mod_sdk\env_effectsscript.obj
c:\users\taz-e\desktop\src_code\source-sdk-2013-template-master\mp\src\game\server\release_mod_sdk\env_projectedtexture.obj
c:\users\taz-e\desktop\src_code\source-sdk-2013-template-master\mp\src\game\server\release_mod_sdk\env_zoom.obj
c:\users\taz-e\desktop\src_code\source-sdk-2013-template-master\mp\src\game\server\release_mod_sdk\envhudhint.obj
c:\users\taz-e\desktop\src_code\source-sdk-2013-template-master\mp\src\game\server\release_mod_sdk\envshake.obj
c:\users\taz-e\desktop\src_code\source-sdk-2013-template-master\mp\src\game\server\release_mod_sdk\filters.obj
c:\users\taz-e\desktop\src_code\source-sdk-2013-template-master\mp\src\game\server\release_mod_sdk\func_areaportalwindow.obj
c:\users\taz-e\desktop\src_code\source-sdk-2013-template-master\mp\src\game\server\release_mod_sdk\func_dust.obj
c:\users\taz-e\desktop\src_code\source-sdk-2013-template-master\mp\src\game\server\release_mod_sdk\func_ladder_endpoint.obj
c:\users\taz-e\desktop\src_code\source-sdk-2013-template-master\mp\src\game\server\release_mod_sdk\func_movelinear.obj
c:\users\taz-e\desktop\src_code\source-sdk-2013-template-master\mp\src\game\server\release_mod_sdk\func_smokevolume.obj
c:\users\taz-e\desktop\src_code\source-sdk-2013-template-master\mp\src\game\server\release_mod_sdk\gamerules.obj
c:\users\taz-e\desktop\src_code\source-sdk-2013-template-master\mp\src\game\server\release_mod_sdk\genericactor.obj
c:\users\taz-e\desktop\src_code\source-sdk-2013-template-master\mp\src\game\server\release_mod_sdk\guntarget.obj
c:\users\taz-e\desktop\src_code\source-sdk-2013-template-master\mp\src\game\server\release_mod_sdk\haptic_utils.obj
c:\users\taz-e\desktop\src_code\source-sdk-2013-template-master\mp\src\game\server\release_mod_sdk\hierarchy.obj
c:\users\taz-e\desktop\src_code\source-sdk-2013-template-master\mp\src\game\server\release_mod_sdk\hintsystem.obj
c:\users\taz-e\desktop\src_code\source-sdk-2013-template-master\mp\src\game\server\release_mod_sdk\igamesystem.obj
c:\users\taz-e\desktop\src_code\source-sdk-2013-template-master\mp\src\game\server\release_mod_sdk\info_overlay_accessor.obj
c:\users\taz-e\desktop\src_code\source-sdk-2013-template-master\mp\src\game\server\release_mod_sdk\intermission.obj
c:\users\taz-e\desktop\src_code\source-sdk-2013-template-master\mp\src\game\server\release_mod_sdk\lightglow.obj
c:\users\taz-e\desktop\src_code\source-sdk-2013-template-master\mp\src\game\server\release_mod_sdk\logic_measure_movement.obj
c:\users\taz-e\desktop\src_code\source-sdk-2013-template-master\mp\src\game\server\release_mod_sdk\logicentities.obj
c:\users\taz-e\desktop\src_code\source-sdk-2013-template-master\mp\src\game\server\release_mod_sdk\modelsoundscache.obj
c:\users\taz-e\desktop\src_code\source-sdk-2013-template-master\mp\src\game\server\release_mod_sdk\movevars_shared.obj
c:\users\taz-e\desktop\src_code\source-sdk-2013-template-master\mp\src\game\server\release_mod_sdk\mp_shareddefs.obj
c:\users\taz-e\desktop\src_code\source-sdk-2013-template-master\mp\src\game\server\release_mod_sdk\ndebugoverlay.obj
c:\users\taz-e\desktop\src_code\source-sdk-2013-template-master\mp\src\game\server\release_mod_sdk\obstacle_pushaway.obj
c:\users\taz-e\desktop\src_code\source-sdk-2013-template-master\mp\src\game\server\release_mod_sdk\particle_light.obj
c:\users\taz-e\desktop\src_code\source-sdk-2013-template-master\mp\src\game\server\release_mod_sdk\particle_system.obj
c:\users\taz-e\desktop\src_code\source-sdk-2013-template-master\mp\src\game\server\release_mod_sdk\phys_controller.obj
c:\users\taz-e\desktop\src_code\source-sdk-2013-template-master\mp\src\game\server\release_mod_sdk\physics_cannister.obj
c:\users\taz-e\desktop\src_code\source-sdk-2013-template-master\mp\src\game\server\release_mod_sdk\physics_main_shared.obj
c:\users\taz-e\desktop\src_code\source-sdk-2013-template-master\mp\src\game\server\release_mod_sdk\physobj.obj
c:\users\taz-e\desktop\src_code\source-sdk-2013-template-master\mp\src\game\server\release_mod_sdk\player_pickup.obj
c:\users\taz-e\desktop\src_code\source-sdk-2013-template-master\mp\src\game\server\release_mod_sdk\playerclass_info_parse.obj
c:\users\taz-e\desktop\src_code\source-sdk-2013-template-master\mp\src\game\server\release_mod_sdk\point_camera.obj
c:\users\taz-e\desktop\src_code\source-sdk-2013-template-master\mp\src\game\server\release_mod_sdk\point_posecontroller.obj
c:\users\taz-e\desktop\src_code\source-sdk-2013-template-master\mp\src\game\server\release_mod_sdk\pointanglesensor.obj
c:\users\taz-e\desktop\src_code\source-sdk-2013-template-master\mp\src\game\server\release_mod_sdk\pointteleport.obj
c:\users\taz-e\desktop\src_code\source-sdk-2013-template-master\mp\src\game\server\release_mod_sdk\props_shared.obj
c:\users\taz-e\desktop\src_code\source-sdk-2013-template-master\mp\src\game\server\release_mod_sdk\ragdoll_shared.obj
c:\users\taz-e\desktop\src_code\source-sdk-2013-template-master\mp\src\game\server\release_mod_sdk\ragdollboogie.obj
c:\users\taz-e\desktop\src_code\source-sdk-2013-template-master\mp\src\game\server\release_mod_sdk\recipientfilter.obj
c:\users\taz-e\desktop\src_code\source-sdk-2013-template-master\mp\src\game\server\release_mod_sdk\rope_helpers.obj
c:\users\taz-e\desktop\src_code\source-sdk-2013-template-master\mp\src\game\server\release_mod_sdk\saverestore.obj
c:\users\taz-e\desktop\src_code\source-sdk-2013-template-master\mp\src\game\server\release_mod_sdk\sceneentity_shared.obj
c:\users\taz-e\desktop\src_code\source-sdk-2013-template-master\mp\src\game\server\release_mod_sdk\scratchpad_gamedll_helpers.obj
c:\users\taz-e\desktop\src_code\source-sdk-2013-template-master\mp\src\game\server\release_mod_sdk\sendproxy.obj
c:\users\taz-e\desktop\src_code\source-sdk-2013-template-master\mp\src\game\server\release_mod_sdk\sequence_transitioner.obj
c:\users\taz-e\desktop\src_code\source-sdk-2013-template-master\mp\src\game\server\release_mod_sdk\serverbenchmark_base.obj
c:\users\taz-e\desktop\src_code\source-sdk-2013-template-master\mp\src\game\server\release_mod_sdk\servernetworkproperty.obj
c:\users\taz-e\desktop\src_code\source-sdk-2013-template-master\mp\src\game\server\release_mod_sdk\simtimer.obj
c:\users\taz-e\desktop\src_code\source-sdk-2013-template-master\mp\src\game\server\release_mod_sdk\slideshow_display.obj
c:\users\taz-e\desktop\src_code\source-sdk-2013-template-master\mp\src\game\server\release_mod_sdk\soundent.obj
c:\users\taz-e\desktop\src_code\source-sdk-2013-template-master\mp\src\game\server\release_mod_sdk\soundscape_system.obj
c:\users\taz-e\desktop\src_code\source-sdk-2013-template-master\mp\src\game\server\release_mod_sdk\takedamageinfo.obj
c:\users\taz-e\desktop\src_code\source-sdk-2013-template-master\mp\src\game\server\release_mod_sdk\team_control_point.obj
c:\users\taz-e\desktop\src_code\source-sdk-2013-template-master\mp\src\game\server\release_mod_sdk\teamplay_gamerules.obj
c:\users\taz-e\desktop\src_code\source-sdk-2013-template-master\mp\src\game\server\release_mod_sdk\templateentities.obj
c:\users\taz-e\desktop\src_code\source-sdk-2013-template-master\mp\src\game\server\release_mod_sdk\tempmonster.obj
c:\users\taz-e\desktop\src_code\source-sdk-2013-template-master\mp\src\game\server\release_mod_sdk\tesla.obj
c:\users\taz-e\desktop\src_code\source-sdk-2013-template-master\mp\src\game\server\release_mod_sdk\test_ehandle.obj
c:\users\taz-e\desktop\src_code\source-sdk-2013-template-master\mp\src\game\server\release_mod_sdk\testfunctions.obj
c:\users\taz-e\desktop\src_code\source-sdk-2013-template-master\mp\src\game\server\release_mod_sdk\testtraceline.obj
c:\users\taz-e\desktop\src_code\source-sdk-2013-template-master\mp\src\game\server\release_mod_sdk\timedeventmgr.obj
c:\users\taz-e\desktop\src_code\source-sdk-2013-template-master\mp\src\game\server\release_mod_sdk\triggers.obj
c:\users\taz-e\desktop\src_code\source-sdk-2013-template-master\mp\src\game\server\release_mod_sdk\voice_gamemgr.obj
c:\users\taz-e\desktop\src_code\source-sdk-2013-template-master\mp\src\game\server\release_mod_sdk\waterbullet.obj
c:\users\taz-e\desktop\src_code\source-sdk-2013-template-master\mp\src\game\server\release_mod_sdk\waterlodcontrol.obj
c:\users\taz-e\desktop\src_code\source-sdk-2013-template-master\mp\src\game\server\release_mod_sdk\weapon_parse.obj
c:\users\taz-e\desktop\src_code\source-sdk-2013-template-master\mp\src\game\server\release_mod_sdk\nav_colors.obj
c:\users\taz-e\desktop\src_code\source-sdk-2013-template-master\mp\src\game\server\release_mod_sdk\nav_edit.obj
c:\users\taz-e\desktop\src_code\source-sdk-2013-template-master\mp\src\game\server\release_mod_sdk\nav_generate.obj
c:\users\taz-e\desktop\src_code\source-sdk-2013-template-master\mp\src\game\server\release_mod_sdk\nav_mesh_factory.obj
c:\users\taz-e\desktop\src_code\source-sdk-2013-template-master\mp\src\game\server\release_mod_sdk\sdk_client.obj
c:\users\taz-e\desktop\src_code\source-sdk-2013-template-master\mp\src\game\server\release_mod_sdk\sdk_shareddefs.obj
c:\users\taz-e\desktop\src_code\source-sdk-2013-template-master\mp\src\game\server\release_mod_sdk\sdk_vehicle_jeep.obj
c:\users\taz-e\desktop\src_code\source-sdk-2013-template-master\mp\src\game\server\release_mod_sdk\sdk_team.obj
c:\users\taz-e\desktop\src_code\source-sdk-2013-template-master\mp\src\game\server\release_mod_sdk\sdk_fx_shared.obj
c:\users\taz-e\desktop\src_code\source-sdk-2013-template-master\mp\src\game\server\release_mod_sdk\weapon_basesdkgrenade.obj
c:\users\taz-e\desktop\src_code\source-sdk-2013-template-master\mp\src\game\server\release_mod_sdk\weapon_sdkbase.obj
c:\users\taz-e\desktop\src_code\source-sdk-2013-template-master\mp\src\game\server\release_mod_sdk\spritetrail.obj
c:\users\taz-e\desktop\src_code\source-sdk-2013-template-master\mp\src\game\server\release_mod_sdk\te.obj
c:\users\taz-e\desktop\src_code\source-sdk-2013-template-master\mp\src\game\server\release_mod_sdk\te_basebeam.obj
c:\users\taz-e\desktop\src_code\source-sdk-2013-template-master\mp\src\game\server\release_mod_sdk\te_beamfollow.obj
c:\users\taz-e\desktop\src_code\source-sdk-2013-template-master\mp\src\game\server\release_mod_sdk\te_beamringpoint.obj
c:\users\taz-e\desktop\src_code\source-sdk-2013-template-master\mp\src\game\server\release_mod_sdk\te_bubbles.obj
c:\users\taz-e\desktop\src_code\source-sdk-2013-template-master\mp\src\game\server\release_mod_sdk\te_decal.obj
c:\users\taz-e\desktop\src_code\source-sdk-2013-template-master\mp\src\game\server\release_mod_sdk\te_explosion.obj
c:\users\taz-e\desktop\src_code\source-sdk-2013-template-master\mp\src\game\server\release_mod_sdk\te_killplayerattachments.obj
c:\users\taz-e\desktop\src_code\source-sdk-2013-template-master\mp\src\game\server\release_mod_sdk\te_physicsprop.obj
c:\users\taz-e\desktop\src_code\source-sdk-2013-template-master\mp\src\game\server\release_mod_sdk\te_smoke.obj
c:\users\taz-e\desktop\src_code\source-sdk-2013-template-master\mp\src\game\server\release_mod_sdk\te_worlddecal.obj
c:\users\taz-e\desktop\src_code\source-sdk-2013-template-master\mp\src\game\server\release_mod_sdk\gamedll_replay.obj
c:\users\taz-e\desktop\src_code\source-sdk-2013-template-master\mp\src\game\server\release_mod_sdk\ai_activity.obj
c:\users\taz-e\desktop\src_code\source-sdk-2013-template-master\mp\src\game\server\release_mod_sdk\ai_behavior.obj
c:\users\taz-e\desktop\src_code\source-sdk-2013-template-master\mp\src\game\server\release_mod_sdk\ai_behavior_follow.obj
c:\users\taz-e\desktop\src_code\source-sdk-2013-template-master\mp\src\game\server\release_mod_sdk\ai_concommands.obj
c:\users\taz-e\desktop\src_code\source-sdk-2013-template-master\mp\src\game\server\release_mod_sdk\ai_dynamiclink.obj
c:\users\taz-e\desktop\src_code\source-sdk-2013-template-master\mp\src\game\server\release_mod_sdk\ai_hint.obj
c:\users\taz-e\desktop\src_code\source-sdk-2013-template-master\mp\src\game\server\release_mod_sdk\ai_motor.obj
c:\users\taz-e\desktop\src_code\source-sdk-2013-template-master\mp\src\game\server\release_mod_sdk\ai_network.obj
c:\users\taz-e\desktop\src_code\source-sdk-2013-template-master\mp\src\game\server\release_mod_sdk\ai_pathfinder.obj
c:\users\taz-e\desktop\src_code\source-sdk-2013-template-master\mp\src\game\server\release_mod_sdk\ai_responsesystem.obj
c:\users\taz-e\desktop\src_code\source-sdk-2013-template-master\mp\src\game\server\release_mod_sdk\ai_scriptconditions.obj
c:\users\taz-e\desktop\src_code\source-sdk-2013-template-master\mp\src\game\server\release_mod_sdk\ai_speechfilter.obj
c:\users\taz-e\desktop\src_code\source-sdk-2013-template-master\mp\src\game\server\release_mod_sdk\baseachievement.obj
c:\users\taz-e\desktop\src_code\source-sdk-2013-template-master\mp\src\game\server\release_mod_sdk\basecombatcharacter_shared.obj
c:\users\taz-e\desktop\src_code\source-sdk-2013-template-master\mp\src\game\server\release_mod_sdk\basecombatweapon.obj
c:\users\taz-e\desktop\src_code\source-sdk-2013-template-master\mp\src\game\server\release_mod_sdk\baseentity.obj
c:\users\taz-e\desktop\src_code\source-sdk-2013-template-master\mp\src\game\server\release_mod_sdk\cbase.obj
c:\users\taz-e\desktop\src_code\source-sdk-2013-template-master\mp\src\game\server\release_mod_sdk\colorcorrectionvolume.obj
c:\users\taz-e\desktop\src_code\source-sdk-2013-template-master\mp\src\game\server\release_mod_sdk\cplane.obj
c:\users\taz-e\desktop\src_code\source-sdk-2013-template-master\mp\src\game\server\release_mod_sdk\cragdollmagnet.obj
c:\users\taz-e\desktop\src_code\source-sdk-2013-template-master\mp\src\game\server\release_mod_sdk\death_pose.obj
c:\users\taz-e\desktop\src_code\source-sdk-2013-template-master\mp\src\game\server\release_mod_sdk\decals.obj
c:\users\taz-e\desktop\src_code\source-sdk-2013-template-master\mp\src\game\server\release_mod_sdk\ehandle.obj
c:\users\taz-e\desktop\src_code\source-sdk-2013-template-master\mp\src\game\server\release_mod_sdk\entityblocker.obj
c:\users\taz-e\desktop\src_code\source-sdk-2013-template-master\mp\src\game\server\release_mod_sdk\entityflame.obj
c:\users\taz-e\desktop\src_code\source-sdk-2013-template-master\mp\src\game\server\release_mod_sdk\entityparticletrail.obj
c:\users\taz-e\desktop\src_code\source-sdk-2013-template-master\mp\src\game\server\release_mod_sdk\env_detail_controller.obj
c:\users\taz-e\desktop\src_code\source-sdk-2013-template-master\mp\src\game\server\release_mod_sdk\env_particlescript.obj
c:\users\taz-e\desktop\src_code\source-sdk-2013-template-master\mp\src\game\server\release_mod_sdk\env_player_surface_trigger.obj
c:\users\taz-e\desktop\src_code\source-sdk-2013-template-master\mp\src\game\server\release_mod_sdk\env_tonemap_controller.obj
c:\users\taz-e\desktop\src_code\source-sdk-2013-template-master\mp\src\game\server\release_mod_sdk\envbeam.obj
c:\users\taz-e\desktop\src_code\source-sdk-2013-template-master\mp\src\game\server\release_mod_sdk\envmicrophone.obj
c:\users\taz-e\desktop\src_code\source-sdk-2013-template-master\mp\src\game\server\release_mod_sdk\eventlist.obj
c:\users\taz-e\desktop\src_code\source-sdk-2013-template-master\mp\src\game\server\release_mod_sdk\explode.obj
c:\users\taz-e\desktop\src_code\source-sdk-2013-template-master\mp\src\game\server\release_mod_sdk\func_areaportalbase.obj
c:\users\taz-e\desktop\src_code\source-sdk-2013-template-master\mp\src\game\server\release_mod_sdk\func_breakablesurf.obj
c:\users\taz-e\desktop\src_code\source-sdk-2013-template-master\mp\src\game\server\release_mod_sdk\gamemovement.obj
c:\users\taz-e\desktop\src_code\source-sdk-2013-template-master\mp\src\game\server\release_mod_sdk\gamestringpool.obj
c:\users\taz-e\desktop\src_code\source-sdk-2013-template-master\mp\src\game\server\release_mod_sdk\gametrace_dll.obj
c:\users\taz-e\desktop\src_code\source-sdk-2013-template-master\mp\src\game\server\release_mod_sdk\gamevars_shared.obj
c:\users\taz-e\desktop\src_code\source-sdk-2013-template-master\mp\src\game\server\release_mod_sdk\gameweaponmanager.obj
c:\users\taz-e\desktop\src_code\source-sdk-2013-template-master\mp\src\game\server\release_mod_sdk\gib.obj
c:\users\taz-e\desktop\src_code\source-sdk-2013-template-master\mp\src\game\server\release_mod_sdk\globals.obj
c:\users\taz-e\desktop\src_code\source-sdk-2013-template-master\mp\src\game\server\release_mod_sdk\globalstate.obj
c:\users\taz-e\desktop\src_code\source-sdk-2013-template-master\mp\src\game\server\release_mod_sdk\h_ai.obj
c:\users\taz-e\desktop\src_code\source-sdk-2013-template-master\mp\src\game\server\release_mod_sdk\h_cycler.obj
c:\users\taz-e\desktop\src_code\source-sdk-2013-template-master\mp\src\game\server\release_mod_sdk\logicrelay.obj
c:\users\taz-e\desktop\src_code\source-sdk-2013-template-master\mp\src\game\server\release_mod_sdk\materialmodifycontrol.obj
c:\users\taz-e\desktop\src_code\source-sdk-2013-template-master\mp\src\game\server\release_mod_sdk\message_entity.obj
c:\users\taz-e\desktop\src_code\source-sdk-2013-template-master\mp\src\game\server\release_mod_sdk\monstermaker.obj
c:\users\taz-e\desktop\src_code\source-sdk-2013-template-master\mp\src\game\server\release_mod_sdk\particle_parse.obj
c:\users\taz-e\desktop\src_code\source-sdk-2013-template-master\mp\src\game\server\release_mod_sdk\pathtrack.obj
c:\users\taz-e\desktop\src_code\source-sdk-2013-template-master\mp\src\game\server\release_mod_sdk\physics.obj
c:\users\taz-e\desktop\src_code\source-sdk-2013-template-master\mp\src\game\server\release_mod_sdk\physics_prop_ragdoll.obj
c:\users\taz-e\desktop\src_code\source-sdk-2013-template-master\mp\src\game\server\release_mod_sdk\playerinfomanager.obj
c:\users\taz-e\desktop\src_code\source-sdk-2013-template-master\mp\src\game\server\release_mod_sdk\plugin_check.obj
c:\users\taz-e\desktop\src_code\source-sdk-2013-template-master\mp\src\game\server\release_mod_sdk\point_bonusmaps_accessor.obj
c:\users\taz-e\desktop\src_code\source-sdk-2013-template-master\mp\src\game\server\release_mod_sdk\point_devshot_camera.obj
c:\users\taz-e\desktop\src_code\source-sdk-2013-template-master\mp\src\game\server\release_mod_sdk\point_template.obj
c:\users\taz-e\desktop\src_code\source-sdk-2013-template-master\mp\src\game\server\release_mod_sdk\pointangularvelocitysensor.obj
c:\users\taz-e\desktop\src_code\source-sdk-2013-template-master\mp\src\game\server\release_mod_sdk\predicted_viewmodel.obj
c:\users\taz-e\desktop\src_code\source-sdk-2013-template-master\mp\src\game\server\release_mod_sdk\querycache.obj
c:\users\taz-e\desktop\src_code\source-sdk-2013-template-master\mp\src\game\server\release_mod_sdk\ragdoll_manager.obj
c:\users\taz-e\desktop\src_code\source-sdk-2013-template-master\mp\src\game\server\release_mod_sdk\rope.obj
c:\users\taz-e\desktop\src_code\source-sdk-2013-template-master\mp\src\game\server\release_mod_sdk\saverestore_gamedll.obj
c:\users\taz-e\desktop\src_code\source-sdk-2013-template-master\mp\src\game\server\release_mod_sdk\scenecache.obj
c:\users\taz-e\desktop\src_code\source-sdk-2013-template-master\mp\src\game\server\release_mod_sdk\scripted.obj
c:\users\taz-e\desktop\src_code\source-sdk-2013-template-master\mp\src\game\server\release_mod_sdk\singleplay_gamerules.obj
c:\users\taz-e\desktop\src_code\source-sdk-2013-template-master\mp\src\game\server\release_mod_sdk\sound.obj
c:\users\taz-e\desktop\src_code\source-sdk-2013-template-master\mp\src\game\server\release_mod_sdk\soundparametersinternal.obj
c:\users\taz-e\desktop\src_code\source-sdk-2013-template-master\mp\src\game\server\release_mod_sdk\soundscape.obj
c:\users\taz-e\desktop\src_code\source-sdk-2013-template-master\mp\src\game\server\release_mod_sdk\tactical_mission.obj
c:\users\taz-e\desktop\src_code\source-sdk-2013-template-master\mp\src\game\server\release_mod_sdk\team_control_point_master.obj
c:\users\taz-e\desktop\src_code\source-sdk-2013-template-master\mp\src\game\server\release_mod_sdk\teamplayroundbased_gamerules.obj
c:\users\taz-e\desktop\src_code\source-sdk-2013-template-master\mp\src\game\server\release_mod_sdk\usercmd.obj
c:\users\taz-e\desktop\src_code\source-sdk-2013-template-master\mp\src\game\server\release_mod_sdk\util.obj
c:\users\taz-e\desktop\src_code\source-sdk-2013-template-master\mp\src\game\server\release_mod_sdk\variant_t.obj
c:\users\taz-e\desktop\src_code\source-sdk-2013-template-master\mp\src\game\server\release_mod_sdk\vehicle_base.obj
c:\users\taz-e\desktop\src_code\source-sdk-2013-template-master\mp\src\game\server\release_mod_sdk\wcedit.obj
c:\users\taz-e\desktop\src_code\source-sdk-2013-template-master\mp\src\game\server\release_mod_sdk\nav_file.obj
c:\users\taz-e\desktop\src_code\source-sdk-2013-template-master\mp\src\game\server\release_mod_sdk\nav_ladder.obj
c:\users\taz-e\desktop\src_code\source-sdk-2013-template-master\mp\src\game\server\release_mod_sdk\nav_node.obj
c:\users\taz-e\desktop\src_code\source-sdk-2013-template-master\mp\src\game\server\release_mod_sdk\sdk_gameinterface.obj
c:\users\taz-e\desktop\src_code\source-sdk-2013-template-master\mp\src\game\server\release_mod_sdk\sdk_logicalentity.obj
c:\users\taz-e\desktop\src_code\source-sdk-2013-template-master\mp\src\game\server\release_mod_sdk\sdk_modelentity.obj
c:\users\taz-e\desktop\src_code\source-sdk-2013-template-master\mp\src\game\server\release_mod_sdk\sdk_player_shared.obj
c:\users\taz-e\desktop\src_code\source-sdk-2013-template-master\mp\src\game\server\release_mod_sdk\sdk_player_resource.obj
c:\users\taz-e\desktop\src_code\source-sdk-2013-template-master\mp\src\game\server\release_mod_sdk\sdk_playeranimstate.obj
c:\users\taz-e\desktop\src_code\source-sdk-2013-template-master\mp\src\game\server\release_mod_sdk\sdk_playermove.obj
c:\users\taz-e\desktop\src_code\source-sdk-2013-template-master\mp\src\game\server\release_mod_sdk\sdk_basegrenade_projectile.obj
c:\users\taz-e\desktop\src_code\source-sdk-2013-template-master\mp\src\game\server\release_mod_sdk\sdk_weapon_melee.obj
c:\users\taz-e\desktop\src_code\source-sdk-2013-template-master\mp\src\game\server\release_mod_sdk\weapon_mp5.obj
c:\users\taz-e\desktop\src_code\source-sdk-2013-template-master\mp\src\game\server\release_mod_sdk\weapon_shotgun.obj
c:\users\taz-e\desktop\src_code\source-sdk-2013-template-master\mp\src\game\server\release_mod_sdk\smokestack.obj
c:\users\taz-e\desktop\src_code\source-sdk-2013-template-master\mp\src\game\server\release_mod_sdk\te_beaments.obj
c:\users\taz-e\desktop\src_code\source-sdk-2013-template-master\mp\src\game\server\release_mod_sdk\te_beamring.obj
c:\users\taz-e\desktop\src_code\source-sdk-2013-template-master\mp\src\game\server\release_mod_sdk\te_bloodstream.obj
c:\users\taz-e\desktop\src_code\source-sdk-2013-template-master\mp\src\game\server\release_mod_sdk\te_bspdecal.obj
c:\users\taz-e\desktop\src_code\source-sdk-2013-template-master\mp\src\game\server\release_mod_sdk\te_clientprojectile.obj
c:\users\taz-e\desktop\src_code\source-sdk-2013-template-master\mp\src\game\server\release_mod_sdk\te_energysplash.obj
c:\users\taz-e\desktop\src_code\source-sdk-2013-template-master\mp\src\game\server\release_mod_sdk\te_glassshatter.obj
c:\users\taz-e\desktop\src_code\source-sdk-2013-template-master\mp\src\game\server\release_mod_sdk\te_muzzleflash.obj
c:\users\taz-e\desktop\src_code\source-sdk-2013-template-master\mp\src\game\server\release_mod_sdk\te_showline.obj
c:\users\taz-e\desktop\src_code\source-sdk-2013-template-master\mp\src\game\server\release_mod_sdk\te_spritespray.obj
c:\users\taz-e\desktop\src_code\source-sdk-2013-template-master\mp\src\game\server\release_mod_sdk\toolframework_server.obj
c:\users\taz-e\desktop\src_code\source-sdk-2013-template-master\mp\src\game\server\release_mod_sdk\collisionutils.obj
c:\users\taz-e\desktop\src_code\source-sdk-2013-template-master\mp\src\game\server\release_mod_sdk\filesystem_helpers.obj
c:\users\taz-e\desktop\src_code\source-sdk-2013-template-master\mp\src\game\server\release_mod_sdk\h_export.obj
c:\users\taz-e\desktop\src_code\source-sdk-2013-template-master\mp\src\game\server\release_mod_sdk\map_utils.obj
c:\users\taz-e\desktop\src_code\source-sdk-2013-template-master\mp\src\game\server\release_mod_sdk\networkvar.obj
c:\users\taz-e\desktop\src_code\source-sdk-2013-template-master\mp\src\game\server\release_mod_sdk\randoverride.obj
c:\users\taz-e\desktop\src_code\source-sdk-2013-template-master\mp\src\game\server\release_mod_sdk\rope_physics.obj
c:\users\taz-e\desktop\src_code\source-sdk-2013-template-master\mp\src\game\server\release_mod_sdk\server_class.obj
c:\users\taz-e\desktop\src_code\source-sdk-2013-template-master\mp\src\game\server\release_mod_sdk\sheetsimulator.obj
c:\users\taz-e\desktop\src_code\source-sdk-2013-template-master\mp\src\game\server\release_mod_sdk\dt_send.obj
c:\users\taz-e\desktop\src_code\source-sdk-2013-template-master\mp\src\game\server\release_mod_sdk\editor_sendcommand.obj
c:\users\taz-e\desktop\src_code\source-sdk-2013-template-master\mp\src\game\server\release_mod_sdk\gamestats_basicstatsfunctions.obj
c:\users\taz-e\desktop\src_code\source-sdk-2013-template-master\mp\src\game\server\release_mod_sdk\dt_utlvector_common.obj
c:\users\taz-e\desktop\src_code\source-sdk-2013-template-master\mp\src\game\server\release_mod_sdk\dt_utlvector_send.obj
c:\users\taz-e\desktop\src_code\source-sdk-2013-template-master\mp\src\game\server\release_mod_sdk\gamehandle.obj
c:\users\taz-e\desktop\src_code\source-sdk-2013-template-master\mp\src\game\server\release_mod_sdk\init_factory.obj
c:\users\taz-e\desktop\src_code\source-sdk-2013-template-master\mp\src\game\server\release_mod_sdk\interval.obj
c:\users\taz-e\desktop\src_code\source-sdk-2013-template-master\mp\src\game\server\release_mod_sdk\language.obj
c:\users\taz-e\desktop\src_code\source-sdk-2013-template-master\mp\src\game\server\release_mod_sdk\memoverride.obj
c:\users\taz-e\desktop\src_code\source-sdk-2013-template-master\mp\src\game\server\release_mod_sdk\scratchpad3d.obj
c:\users\taz-e\desktop\src_code\source-sdk-2013-template-master\mp\src\game\server\release_mod_sdk\simple_physics.obj
c:\users\taz-e\desktop\src_code\source-sdk-2013-template-master\mp\src\game\server\release_mod_sdk\studio.obj
c:\users\taz-e\desktop\src_code\source-sdk-2013-template-master\mp\src\game\server\release_mod_sdk\bone_setup.obj
c:\users\taz-e\desktop\src_code\source-sdk-2013-template-master\mp\src\game\server\release_mod_sdk\interpolatortypes.obj
c:\users\taz-e\desktop\src_code\source-sdk-2013-template-master\mp\src\game\server\release_mod_sdk\keyframe.obj
c:\users\taz-e\desktop\src_code\source-sdk-2013-template-master\mp\src\game\server\release_mod_sdk\registry.obj
c:\users\taz-e\desktop\src_code\source-sdk-2013-template-master\mp\src\game\server\release_mod_sdk\scratchpadutils.obj
c:\users\taz-e\desktop\src_code\source-sdk-2013-template-master\mp\src\game\server\release_mod_sdk\stringregistry.obj
c:\users\taz-e\desktop\src_code\source-sdk-2013-template-master\mp\src\game\server\release_mod_sdk\pointeroverride.obj
c:\users\taz-e\desktop\src_code\source-sdk-2013-template-master\mp\src\game\server\server_scratch.vpc.sentinel
c:\users\taz-e\desktop\src_code\source-sdk-2013-template-master\mp\src\game\server\release_mod_sdk\server.dll
c:\users\taz-e\desktop\src_code\source-sdk-2013-template-master\mp\src\game\server\release_mod_sdk\server.pdb
c:\users\taz-e\desktop\src_code\source-sdk-2013-template-master\mp\src\game\server\release_mod_sdk\server.lib
c:\users\taz-e\desktop\src_code\source-sdk-2013-template-master\mp\src\game\server\release_mod_sdk\server.exp
c:\users\taz-e\desktop\src_code\source-sdk-2013-template-master\mp\src\game\server\.\release_mod_sdk\server.dll
c:\users\taz-e\desktop\src_code\source-sdk-2013-template-master\mp\src\game\server\release_mod_sdk\server (sdk).tlog\cl.command.1.tlog
c:\users\taz-e\desktop\src_code\source-sdk-2013-template-master\mp\src\game\server\release_mod_sdk\server (sdk).tlog\cl.read.1.tlog
c:\users\taz-e\desktop\src_code\source-sdk-2013-template-master\mp\src\game\server\release_mod_sdk\server (sdk).tlog\cl.write.1.tlog
c:\users\taz-e\desktop\src_code\source-sdk-2013-template-master\mp\src\game\server\release_mod_sdk\server (sdk).tlog\custombuild.command.1.tlog
c:\users\taz-e\desktop\src_code\source-sdk-2013-template-master\mp\src\game\server\release_mod_sdk\server (sdk).tlog\custombuild.read.1.tlog
c:\users\taz-e\desktop\src_code\source-sdk-2013-template-master\mp\src\game\server\release_mod_sdk\server (sdk).tlog\custombuild.write.1.tlog
c:\users\taz-e\desktop\src_code\source-sdk-2013-template-master\mp\src\game\server\release_mod_sdk\server (sdk).tlog\link.command.1.tlog
c:\users\taz-e\desktop\src_code\source-sdk-2013-template-master\mp\src\game\server\release_mod_sdk\server (sdk).tlog\link.read.1.tlog
c:\users\taz-e\desktop\src_code\source-sdk-2013-template-master\mp\src\game\server\release_mod_sdk\server (sdk).tlog\link.write.1.tlog
c:\users\taz-e\desktop\src_code\source-sdk-2013-template-master\mp\src\game\server\release_mod_sdk\server (sdk).tlog\server (sdk).write.1u.tlog
