Build started 06/07/2023 13:02:09.
     1>Project "C:\Users\taz-e\Desktop\Src_code\source-sdk-2013-template-master\mp\src\game\client\client_sdk.vcxproj" on node 3 (Build target(s)).
     1>PreBuildEvent:
         if EXIST ..\..\..\game\mod_sdk\bin\.\client.dll for /f "delims=" %%A in ('attrib "..\..\..\game\mod_sdk\bin\.\client.dll"') do set valveTmpIsReadOnly="%%A"
         set valveTmpIsReadOnlyLetter=%valveTmpIsReadOnly:~6,1%
         if "%valveTmpIsReadOnlyLetter%"=="R" del /q "C:\Users\taz-e\Desktop\Src_code\source-sdk-2013-template-master\mp\src\game\client\Debug_mod_sdk\"client.dll
         if exist "..\..\devtools\bin\vpc.exe" "..\..\devtools\bin\vpc.exe" -crc2 "client_sdk.vcxproj"
         if ERRORLEVEL 1 exit /b 1
         
         :VCEnd
       CustomBuild:
         Compiling pointeroverride.asm
          Assembling: C:\Users\taz-e\Desktop\Src_code\source-sdk-2013-template-master\mp\src\public\tier0\pointeroverride.asm
         Microsoft (R) Macro Assembler Version 12.00.40629.0
         Copyright (C) Microsoft Corporation.  All rights reserved.
         
         Running VPC CRC Check - client_scratch.vpc
       ClCompile:
         C:\Program Files (x86)\Microsoft Visual Studio 12.0\VC\bin\CL.exe /c /I.\ /I..\..\common /I..\..\public /I..\..\public\tier0 /I..\..\public\tier1 /I..\..\game\client\generated_proto_mod_sdk /I"..\..\thirdparty\protobuf-2.3.0\src" /I..\..\vgui2\include /I..\..\vgui2\controls /I..\..\game\shared /I.\game_controls /I..\..\thirdparty\sixensesdk\include /I.\sdk /I.\sdk\vgui /I..\..\game\shared\sdk /I..\..\game\shared\Multiplayer /ZI /nologo /W4 /WX /MP /Od /Oy- /D VPC /D RAD_TELEMETRY_DISABLED /D _HAS_ITERATOR_DEBUGGING=0 /D WIN32 /D _WIN32 /D _DEBUG /D DEBUG /D _WINDOWS /D _USRDLL /D _CRT_SECURE_NO_DEPRECATE /D _CRT_NONSTDC_NO_DEPRECATE /D _ALLOW_RUNTIME_LIBRARY_MISMATCH /D _ALLOW_ITERATOR_DEBUG_LEVEL_MISMATCH /D _ALLOW_MSC_VER_MISMATCH /D _USING_V110_SDK71_ /D _WINDLL /D _MBCS /D COMPILER_MSVC32 /D COMPILER_MSVC32 /D COMPILER_MSVC /D _DLL_EXT=.dll /D DLLNAME=client /D BINK_VIDEO /D AVI_VIDEO /D WMV_VIDEO /D DEV_BUILD /D FRAME_POINTER_OMISSION_DISABLED /D NO_STRING_T /D CLIENT_DLL /D VECTOR /D VERSION_SAFE_STEAM_API_INTERFACES /D PROTECTED_THINGS_ENABLE /D strncpy=use_Q_strncpy_instead /D _snprintf=use_Q_snprintf_instead /D fopen=dont_use_fopen /D SDK_DLL /D _EXTERNAL_DLL_EXT=.dll /D VPCGAMECAPS=SDK /D "PROJECTDIR=C:\Users\taz-e\Desktop\Src_code\source-sdk-2013-template-master\mp\src\game\client" /D _DLL_EXT=.dll /D SOURCE1=1 /D VPCGAME=sdk /GF /Gm- /MTd /GS /arch:SSE /fp:fast /Zc:wchar_t /Zc:forScope /GR /Yc"cbase.h" /Fp".\Debug_mod_sdk\/client.pch" /Fo".\Debug_mod_sdk\/" /Fd".\Debug_mod_sdk\/vc120.pdb" /Gd /TP /wd4316 /analyze- /FC /errorReport:prompt /Zm200 /Gw /Zc:inline stdafx.cpp
         stdafx.cpp
         C:\Program Files (x86)\Microsoft Visual Studio 12.0\VC\bin\CL.exe /c /I.\ /I..\..\common /I..\..\public /I..\..\public\tier0 /I..\..\public\tier1 /I..\..\game\client\generated_proto_mod_sdk /I"..\..\thirdparty\protobuf-2.3.0\src" /I..\..\vgui2\include /I..\..\vgui2\controls /I..\..\game\shared /I.\game_controls /I..\..\thirdparty\sixensesdk\include /I.\sdk /I.\sdk\vgui /I..\..\game\shared\sdk /I..\..\game\shared\Multiplayer /ZI /nologo /W4 /WX /MP /Od /Oy- /D VPC /D RAD_TELEMETRY_DISABLED /D _HAS_ITERATOR_DEBUGGING=0 /D WIN32 /D _WIN32 /D _DEBUG /D DEBUG /D _WINDOWS /D _USRDLL /D _CRT_SECURE_NO_DEPRECATE /D _CRT_NONSTDC_NO_DEPRECATE /D _ALLOW_RUNTIME_LIBRARY_MISMATCH /D _ALLOW_ITERATOR_DEBUG_LEVEL_MISMATCH /D _ALLOW_MSC_VER_MISMATCH /D _USING_V110_SDK71_ /D _WINDLL /D _MBCS /D COMPILER_MSVC32 /D COMPILER_MSVC32 /D COMPILER_MSVC /D _DLL_EXT=.dll /D DLLNAME=client /D BINK_VIDEO /D AVI_VIDEO /D WMV_VIDEO /D DEV_BUILD /D FRAME_POINTER_OMISSION_DISABLED /D NO_STRING_T /D CLIENT_DLL /D VECTOR /D VERSION_SAFE_STEAM_API_INTERFACES /D PROTECTED_THINGS_ENABLE /D strncpy=use_Q_strncpy_instead /D _snprintf=use_Q_snprintf_instead /D fopen=dont_use_fopen /D SDK_DLL /D _EXTERNAL_DLL_EXT=.dll /D VPCGAMECAPS=SDK /D "PROJECTDIR=C:\Users\taz-e\Desktop\Src_code\source-sdk-2013-template-master\mp\src\game\client" /D _DLL_EXT=.dll /D SOURCE1=1 /D VPCGAME=sdk /GF /Gm- /MTd /GS /arch:SSE /fp:fast /Zc:wchar_t /Zc:forScope /GR /Yu"cbase.h" /Fp".\Debug_mod_sdk\/client.pch" /Fo".\Debug_mod_sdk\/" /Fd".\Debug_mod_sdk\/vc120.pdb" /Gd /TP /wd4316 /analyze- /FC /errorReport:prompt /Zm200 /Gw /Zc:inline mp3player.cpp replay\cdll_replay.cpp replay\replaycamera.cpp achievement_notification_panel.cpp ..\..\game\shared\achievement_saverestore.cpp ..\..\game\shared\achievementmgr.cpp ..\..\game\shared\activitylist.cpp alphamaterialproxy.cpp ..\..\game\shared\ammodef.cpp animatedentitytextureproxy.cpp animatedoffsettextureproxy.cpp animatedtextureproxy.cpp AnimateSpecificTextureProxy.cpp ..\..\game\shared\animation.cpp ..\..\game\shared\base_playeranimstate.cpp ..\..\game\shared\baseachievement.cpp baseanimatedtextureproxy.cpp baseclientrendertargets.cpp ..\..\game\shared\basecombatcharacter_shared.cpp ..\..\game\shared\basecombatweapon_shared.cpp ..\..\game\shared\baseentity_shared.cpp ..\..\game\shared\basegrenade_shared.cpp ..\..\game\shared\baseparticleentity.cpp ..\..\game\shared\baseplayer_shared.cpp basepresence.cpp ..\..\game\shared\baseprojectile.cpp ..\..\game\shared\baseviewmodel_shared.cpp ..\..\game\shared\beam_shared.cpp beamdraw.cpp ..\..\public\bone_accessor.cpp bone_merge_cache.cpp c_ai_basehumanoid.cpp c_ai_basenpc.cpp c_baseanimating.cpp c_baseanimatingoverlay.cpp c_basecombatcharacter.cpp c_basecombatweapon.cpp c_basedoor.cpp c_baseentity.cpp c_baseflex.cpp c_baseplayer.cpp c_baseviewmodel.cpp c_breakableprop.cpp c_colorcorrection.cpp c_colorcorrectionvolume.cpp c_dynamiclight.cpp c_entitydissolve.cpp c_entityparticletrail.cpp c_env_fog_controller.cpp c_env_particlescript.cpp c_env_projectedtexture.cpp c_env_screenoverlay.cpp c_env_tonemap_controller.cpp c_fire_smoke.cpp c_fish.cpp c_func_areaportalwindow.cpp c_func_breakablesurf.cpp c_func_conveyor.cpp c_func_dust.cpp c_func_lod.cpp C_Func_Monitor.cpp c_func_occluder.cpp c_func_reflective_glass.cpp c_func_rotating.cpp c_func_smokevolume.cpp c_func_tracktrain.cpp c_gib.cpp c_hairball.cpp c_info_overlay_accessor.cpp c_lightglow.cpp C_MaterialModifyControl.cpp c_particle_system.cpp c_physbox.cpp c_physicsprop.cpp c_physmagnet.cpp c_pixel_visibility.cpp c_plasma.cpp c_playerresource.cpp c_point_camera.cpp c_point_commentary_node.cpp c_props.cpp c_ragdoll_manager.cpp c_rope.cpp c_rumble.cpp c_sceneentity.cpp c_shadowcontrol.cpp c_slideshow_display.cpp c_soundscape.cpp c_spotlight_end.cpp c_sprite.cpp c_sprite_perfmonitor.cpp c_sun.cpp c_team.cpp c_team_objectiveresource.cpp c_team_train_watcher.cpp c_tesla.cpp c_test_proxytoggle.cpp c_user_message_register.cpp c_vehicle_choreo_generic.cpp c_vehicle_jeep.cpp c_vguiscreen.cpp ..\..\game\client\c_vote_controller.cpp c_waterbullet.cpp C_WaterLODControl.cpp c_world.cpp ..\..\game\shared\cam_thirdperson.cpp camomaterialproxy.cpp cdll_bounded_cvars.cpp cdll_client_int.cpp cdll_util.cpp cl_mat_stub.cpp classmap.cpp client_factorylist.cpp client_thinklist.cpp client_virtualreality.cpp clienteffectprecachesystem.cpp cliententitylist.cpp clientleafsystem.cpp clientmode_shared.cpp clientshadowmgr.cpp clientsideeffects.cpp clientsideeffects_test.cpp clientsteamcontext.cpp ..\..\game\shared\collisionproperty.cpp colorcorrectionmgr.cpp commentary_modelviewer.cpp ..\..\game\shared\death_pose.cpp ..\..\game\shared\debugoverlay_shared.cpp ..\..\game\shared\decals.cpp detailobjectsystem.cpp dummyproxy.cpp ..\..\game\shared\effect_dispatch_data.cpp EffectsClient.cpp ..\..\game\shared\ehandle.cpp ..\..\game\shared\entitylist_base.cpp entityoriginmaterialproxy.cpp ..\..\game\shared\EntityParticleTrail_Shared.cpp ..\..\game\shared\env_detail_controller.cpp ..\..\game\shared\env_wind_shared.cpp ..\..\game\shared\eventlist.cpp flashlighteffect.cpp ..\..\game\shared\func_ladder.cpp functionproxy.cpp fx_blood.cpp fx_cube.cpp fx_explosion.cpp fx_fleck.cpp fx_impact.cpp fx_interpvalue.cpp fx_quad.cpp fx_shelleject.cpp fx_staticline.cpp fx_tracer.cpp fx_trail.cpp fx_water.cpp ..\..\game\shared\gamemovement.cpp ..\..\game\shared\gamerules.cpp ..\..\game\shared\gamerules_register.cpp ..\..\game\shared\GameStats.cpp ..\..\game\shared\gamestringpool.cpp gametrace_client.cpp ..\..\game\shared\gamevars_shared.cpp geiger.cpp glow_outline_effect.cpp glow_overlay.cpp ..\..\public\haptics\haptic_msgs.cpp ..\..\public\haptics\haptic_utils.cpp ..\..\game\shared\hintmessage.cpp ..\..\game\shared\hintsystem.cpp history_resource.cpp hltvcamera.cpp hud.cpp hud_animationinfo.cpp hud_basechat.cpp hud_basedeathnotice.cpp hud_basetimer.cpp hud_bitmapnumericdisplay.cpp hud_closecaption.cpp hud_crosshair.cpp hud_element_helper.cpp hud_hintdisplay.cpp hud_msg.cpp hud_numericdisplay.cpp hud_pdump.cpp hud_redraw.cpp hud_vehicle.cpp hud_voicestatus.cpp hud_weapon.cpp ..\..\game\shared\igamesystem.cpp in_camera.cpp in_joystick.cpp in_main.cpp initializer.cpp interpolatedvar.cpp IsNPCProxy.cpp lampbeamproxy.cpp lamphaloproxy.cpp ..\..\game\shared\mapentities_shared.cpp mathproxy.cpp matrixproxy.cpp menu.cpp message.cpp movehelper_client.cpp ..\..\game\shared\movevars_shared.cpp ..\..\game\shared\mp_shareddefs.cpp ..\..\game\shared\multiplay_gamerules.cpp ..\..\game\shared\obstacle_pushaway.cpp panelmetaclassmgr.cpp particle_collision.cpp particle_litsmokeemitter.cpp ..\..\game\shared\particle_parse.cpp ..\..\game\shared\particle_property.cpp particle_proxies.cpp particle_simple3d.cpp particlemgr.cpp particles_attractor.cpp particles_ez.cpp particles_localspace.cpp particles_new.cpp particles_simple.cpp ..\..\game\shared\particlesystemquery.cpp perfvisualbenchmark.cpp physics.cpp physics_main_client.cpp ..\..\game\shared\physics_main_shared.cpp ..\..\game\shared\physics_saverestore.cpp ..\..\game\shared\physics_shared.cpp physpropclientside.cpp playerandobjectenumerator.cpp ..\..\game\shared\playerclass_info_parse.cpp playerspawncache.cpp ..\..\game\shared\point_bonusmaps_accessor.cpp ..\..\game\shared\point_posecontroller.cpp ..\..\game\shared\precache_register.cpp ..\..\game\shared\predictableid.cpp ..\..\game\shared\predicted_viewmodel.cpp prediction.cpp ..\..\game\shared\predictioncopy.cpp ..\..\game\shared\props_shared.cpp proxyentity.cpp ProxyHealth.cpp proxyplayer.cpp proxypupil.cpp ragdoll.cpp ..\..\game\shared\ragdoll_shared.cpp recvproxy.cpp ..\..\game\shared\rope_helpers.cpp ..\..\game\shared\saverestore.cpp ..\..\game\shared\sceneentity_shared.cpp ScreenSpaceEffects.cpp ..\..\game\shared\sequence_Transitioner.cpp simple_keys.cpp ..\..\game\shared\simtimer.cpp ..\..\game\shared\singleplay_gamerules.cpp ..\..\game\shared\SoundEmitterSystem.cpp ..\..\game\shared\soundenvelope.cpp ..\..\public\SoundParametersInternal.cpp splinepatch.cpp ..\..\game\shared\Sprite.cpp spritemodel.cpp ..\..\game\shared\SpriteTrail.cpp ..\..\game\shared\studio_shared.cpp studio_stats.cpp ..\..\game\shared\takedamageinfo.cpp ..\..\game\shared\teamplay_gamerules.cpp ..\..\game\shared\teamplay_round_timer.cpp ..\..\game\shared\teamplayroundbased_gamerules.cpp ..\..\game\shared\test_ehandle.cpp text_message.cpp texturescrollmaterialproxy.cpp timematerialproxy.cpp toggletextureproxy.cpp train.cpp ..\..\game\shared\usercmd.cpp ..\..\game\shared\usermessages.cpp ..\..\game\shared\util_shared.cpp ..\..\game\shared\vehicle_viewblend_shared.cpp vgui_avatarimage.cpp vgui_basepanel.cpp vgui_bitmapbutton.cpp vgui_bitmapimage.cpp vgui_bitmappanel.cpp vgui_centerstringpanel.cpp vgui_consolepanel.cpp vgui_debugoverlaypanel.cpp vgui_fpspanel.cpp vgui_game_viewport.cpp vgui_grid.cpp vgui_int.cpp vgui_loadingdiscpanel.cpp vgui_messagechars.cpp vgui_netgraphpanel.cpp vgui_schemevisualizer.cpp vgui_slideshow_display_screen.cpp vgui_video.cpp vgui_video_player.cpp view.cpp view_beams.cpp view_effects.cpp view_scene.cpp viewangleanim.cpp ViewConeImage.cpp viewdebug.cpp viewpostprocess.cpp viewrender.cpp ..\..\game\shared\voice_banmgr.cpp ..\..\game\shared\voice_status.cpp warp_overlay.cpp WaterLODMaterialProxy.cpp ..\..\game\shared\weapon_parse.cpp weapon_selection.cpp weapons_resource.cpp WorldDimsProxy.cpp game_controls\basemodel_panel.cpp game_controls\basemodelpanel.cpp game_controls\baseviewport.cpp game_controls\ClassMenu.cpp game_controls\ClientScoreBoardDialog.cpp game_controls\commandmenu.cpp game_controls\IconPanel.cpp game_controls\intromenu.cpp game_controls\MapOverview.cpp game_controls\NavProgress.cpp game_controls\SpectatorGUI.cpp game_controls\teammenu.cpp game_controls\vguitextwindow.cpp sdk\c_sdk_env_sparkler.cpp sdk\c_te_firebullets.cpp sdk\clientmode_sdk.cpp sdk\sdk_in_main.cpp sdk\sdk_prediction.cpp ..\..\game\shared\sdk\sdk_shareddefs.cpp ..\..\game\shared\sdk\sdk_usermessages.cpp sdk\sdk_backgroundpanel.cpp sdk\vgui\sdk_classmenu.cpp sdk\sdk_scoreboard.cpp sdk\vgui\sdk_spectatorgui.cpp sdk\vgui\sdk_teammenu.cpp sdk\vgui\sdk_textwindow.cpp sdk\vgui\sdkviewport.cpp sdk\vgui\vgui_rootpanel_sdk.cpp sdk\hud_sdkdeathnotice.cpp sdk\sdk_hud_ammo.cpp sdk\sdk_hud_armor.cpp sdk\sdk_hud_chat.cpp sdk\sdk_hud_damage.cpp sdk\sdk_hud_health.cpp sdk\sdk_hud_message.cpp sdk\sdk_hud_stamina.cpp sdk\sdk_hud_targetid.cpp sdk\sdk_hud_weaponselection.cpp ..\..\game\shared\Multiplayer\multiplayer_animstate.cpp sdk\c_sdk_player.cpp sdk\c_sdk_player_resource.cpp ..\..\game\shared\sdk\sdk_gamemovement.cpp ..\..\game\shared\sdk\sdk_player_shared.cpp ..\..\game\shared\sdk\sdk_playeranimstate.cpp ..\..\game\shared\sdk\sdk_playerclass_info_parse.cpp sdk\c_sdk_team.cpp ..\..\game\shared\sdk\sdk_gamerules.cpp ..\..\game\shared\sdk\sdk_basegrenade_projectile.cpp sdk\sdk_fx_impacts.cpp ..\..\game\shared\sdk\sdk_fx_shared.cpp sdk\sdk_fx_tracers.cpp sdk\sdk_fx_weaponfx.cpp ..\..\game\shared\sdk\sdk_weapon_melee.cpp ..\..\game\shared\sdk\sdk_weapon_parse.cpp ..\..\game\shared\sdk\weapon_basesdkgrenade.cpp ..\..\game\shared\sdk\weapon_crowbar.cpp ..\..\game\shared\sdk\weapon_grenade.cpp ..\..\game\shared\sdk\weapon_mp5.cpp ..\..\game\shared\sdk\weapon_pistol.cpp ..\..\game\shared\sdk\weapon_sdkbase.cpp ..\..\game\shared\sdk\weapon_shotgun.cpp sixense\in_sixense.cpp sixense\in_sixense_gesture_bindings.cpp ..\..\game\shared\sixense\sixense_convars.cpp c_basetempentity.cpp c_effects.cpp c_impact_effects.cpp c_movie_explosion.cpp c_particle_fire.cpp c_particle_smokegrenade.cpp c_prop_vehicle.cpp c_recipientfilter.cpp c_smoke_trail.cpp c_smokestack.cpp c_steamjet.cpp c_stickybolt.cpp c_te.cpp c_te_armorricochet.cpp c_te_basebeam.cpp c_te_beamentpoint.cpp c_te_beaments.cpp c_te_beamfollow.cpp c_te_beamlaser.cpp c_te_beampoints.cpp c_te_beamring.cpp c_te_beamringpoint.cpp c_te_beamspline.cpp c_te_bloodsprite.cpp c_te_bloodstream.cpp c_te_breakmodel.cpp c_te_bspdecal.cpp c_te_bubbles.cpp c_te_bubbletrail.cpp c_te_clientprojectile.cpp c_te_decal.cpp c_te_dynamiclight.cpp c_te_effect_dispatch.cpp c_te_energysplash.cpp c_te_explosion.cpp c_te_fizz.cpp c_te_footprint.cpp c_te_glassshatter.cpp c_te_glowsprite.cpp c_te_impact.cpp c_te_killplayerattachments.cpp c_te_largefunnel.cpp c_te_legacytempents.cpp c_te_muzzleflash.cpp c_te_particlesystem.cpp c_te_physicsprop.cpp c_te_playerdecal.cpp c_te_projecteddecal.cpp c_te_showline.cpp c_te_smoke.cpp c_te_sparks.cpp c_te_sprite.cpp c_te_spritespray.cpp c_te_worlddecal.cpp c_testtraceline.cpp c_tracer.cpp fx.cpp fx_discreetline.cpp fx_envelope.cpp fx_line.cpp fx_sparks.cpp particlesphererenderer.cpp smoke_fog_overlay.cpp ..\..\public\tools\bonelist.cpp entity_client_tools.cpp toolframework_client.cpp
         mp3player.cpp
         cdll_replay.cpp
         replaycamera.cpp
         achievement_notification_panel.cpp
         achievement_saverestore.cpp
         achievementmgr.cpp
         activitylist.cpp
         alphamaterialproxy.cpp
         ammodef.cpp
         animatedentitytextureproxy.cpp
         animatedoffsettextureproxy.cpp
         animatedtextureproxy.cpp
         AnimateSpecificTextureProxy.cpp
         animation.cpp
         base_playeranimstate.cpp
         baseachievement.cpp
         baseanimatedtextureproxy.cpp
         baseclientrendertargets.cpp
         basecombatcharacter_shared.cpp
         basecombatweapon_shared.cpp
         baseentity_shared.cpp
         basegrenade_shared.cpp
         baseparticleentity.cpp
         baseplayer_shared.cpp
         basepresence.cpp
         baseprojectile.cpp
         baseviewmodel_shared.cpp
         beam_shared.cpp
         beamdraw.cpp
         bone_accessor.cpp
         bone_merge_cache.cpp
         c_ai_basehumanoid.cpp
         c_ai_basenpc.cpp
         c_baseanimating.cpp
         c_baseanimatingoverlay.cpp
         c_basecombatcharacter.cpp
         c_basecombatweapon.cpp
         c_basedoor.cpp
         c_baseentity.cpp
         c_baseflex.cpp
         c_baseplayer.cpp
         c_baseviewmodel.cpp
         c_breakableprop.cpp
         c_colorcorrection.cpp
         c_colorcorrectionvolume.cpp
         c_dynamiclight.cpp
         c_entitydissolve.cpp
         c_entityparticletrail.cpp
         c_env_fog_controller.cpp
         c_env_particlescript.cpp
         c_env_projectedtexture.cpp
         c_env_screenoverlay.cpp
         c_env_tonemap_controller.cpp
         c_fire_smoke.cpp
         c_fish.cpp
         c_func_areaportalwindow.cpp
         c_func_breakablesurf.cpp
         c_func_conveyor.cpp
         c_func_dust.cpp
         c_func_lod.cpp
         C_Func_Monitor.cpp
         c_func_occluder.cpp
         c_func_reflective_glass.cpp
         c_func_rotating.cpp
         c_func_smokevolume.cpp
         c_func_tracktrain.cpp
         c_gib.cpp
         c_hairball.cpp
         c_info_overlay_accessor.cpp
         c_lightglow.cpp
         C_MaterialModifyControl.cpp
         c_particle_system.cpp
         c_physbox.cpp
         c_physicsprop.cpp
         c_physmagnet.cpp
         c_pixel_visibility.cpp
         c_plasma.cpp
         c_playerresource.cpp
         c_point_camera.cpp
         c_point_commentary_node.cpp
         c_props.cpp
         c_ragdoll_manager.cpp
         c_rope.cpp
         c_rumble.cpp
         c_sceneentity.cpp
         c_shadowcontrol.cpp
         c_slideshow_display.cpp
         c_soundscape.cpp
         c_spotlight_end.cpp
         c_sprite.cpp
         c_sprite_perfmonitor.cpp
         c_sun.cpp
         c_team.cpp
         c_team_objectiveresource.cpp
         c_team_train_watcher.cpp
         c_tesla.cpp
         c_test_proxytoggle.cpp
         c_user_message_register.cpp
         c_vehicle_choreo_generic.cpp
         c_vehicle_jeep.cpp
         c_vguiscreen.cpp
         c_vote_controller.cpp
         c_waterbullet.cpp
         C_WaterLODControl.cpp
         c_world.cpp
         cam_thirdperson.cpp
         camomaterialproxy.cpp
         cdll_bounded_cvars.cpp
         cdll_client_int.cpp
         cdll_util.cpp
         cl_mat_stub.cpp
         classmap.cpp
         client_factorylist.cpp
         client_thinklist.cpp
         client_virtualreality.cpp
         clienteffectprecachesystem.cpp
         cliententitylist.cpp
         clientleafsystem.cpp
         clientmode_shared.cpp
         clientshadowmgr.cpp
         clientsideeffects.cpp
         clientsideeffects_test.cpp
         clientsteamcontext.cpp
         collisionproperty.cpp
         colorcorrectionmgr.cpp
         commentary_modelviewer.cpp
         death_pose.cpp
         debugoverlay_shared.cpp
         decals.cpp
         detailobjectsystem.cpp
         dummyproxy.cpp
         effect_dispatch_data.cpp
         EffectsClient.cpp
         ehandle.cpp
         entitylist_base.cpp
         entityoriginmaterialproxy.cpp
         EntityParticleTrail_Shared.cpp
         env_detail_controller.cpp
         env_wind_shared.cpp
         eventlist.cpp
         flashlighteffect.cpp
         func_ladder.cpp
         functionproxy.cpp
         fx_blood.cpp
         fx_cube.cpp
         fx_explosion.cpp
         fx_fleck.cpp
         fx_impact.cpp
         fx_interpvalue.cpp
         fx_quad.cpp
         fx_shelleject.cpp
         fx_staticline.cpp
         fx_tracer.cpp
         fx_trail.cpp
         fx_water.cpp
         gamemovement.cpp
         gamerules.cpp
         gamerules_register.cpp
         GameStats.cpp
         gamestringpool.cpp
         gametrace_client.cpp
         gamevars_shared.cpp
         geiger.cpp
         glow_outline_effect.cpp
         glow_overlay.cpp
         haptic_msgs.cpp
         haptic_utils.cpp
         hintmessage.cpp
         hintsystem.cpp
         history_resource.cpp
         hltvcamera.cpp
         hud.cpp
         hud_animationinfo.cpp
         hud_basechat.cpp
         hud_basedeathnotice.cpp
         hud_basetimer.cpp
         hud_bitmapnumericdisplay.cpp
         hud_closecaption.cpp
         hud_crosshair.cpp
         hud_element_helper.cpp
         hud_hintdisplay.cpp
         hud_msg.cpp
         hud_numericdisplay.cpp
         hud_pdump.cpp
         hud_redraw.cpp
         hud_vehicle.cpp
         hud_voicestatus.cpp
         hud_weapon.cpp
         igamesystem.cpp
         in_camera.cpp
         in_joystick.cpp
         in_main.cpp
         initializer.cpp
         interpolatedvar.cpp
         IsNPCProxy.cpp
         lampbeamproxy.cpp
         lamphaloproxy.cpp
         mapentities_shared.cpp
         mathproxy.cpp
         matrixproxy.cpp
         menu.cpp
         message.cpp
         movehelper_client.cpp
         movevars_shared.cpp
         mp_shareddefs.cpp
         multiplay_gamerules.cpp
         obstacle_pushaway.cpp
         panelmetaclassmgr.cpp
         particle_collision.cpp
         particle_litsmokeemitter.cpp
         particle_parse.cpp
         particle_property.cpp
         particle_proxies.cpp
         particle_simple3d.cpp
         particlemgr.cpp
         particles_attractor.cpp
         particles_ez.cpp
         particles_localspace.cpp
         particles_new.cpp
         particles_simple.cpp
         particlesystemquery.cpp
         perfvisualbenchmark.cpp
         physics.cpp
         physics_main_client.cpp
         physics_main_shared.cpp
         physics_saverestore.cpp
         physics_shared.cpp
         physpropclientside.cpp
         playerandobjectenumerator.cpp
         playerclass_info_parse.cpp
         playerspawncache.cpp
         point_bonusmaps_accessor.cpp
         point_posecontroller.cpp
         precache_register.cpp
         predictableid.cpp
         predicted_viewmodel.cpp
         prediction.cpp
         predictioncopy.cpp
         props_shared.cpp
         proxyentity.cpp
         ProxyHealth.cpp
         proxyplayer.cpp
         proxypupil.cpp
         ragdoll.cpp
         ragdoll_shared.cpp
         recvproxy.cpp
         rope_helpers.cpp
         saverestore.cpp
         sceneentity_shared.cpp
         ScreenSpaceEffects.cpp
         sequence_Transitioner.cpp
         simple_keys.cpp
         simtimer.cpp
         singleplay_gamerules.cpp
         SoundEmitterSystem.cpp
         soundenvelope.cpp
         SoundParametersInternal.cpp
         splinepatch.cpp
         Sprite.cpp
         spritemodel.cpp
         SpriteTrail.cpp
         studio_shared.cpp
         studio_stats.cpp
         takedamageinfo.cpp
         teamplay_gamerules.cpp
         teamplay_round_timer.cpp
         teamplayroundbased_gamerules.cpp
         test_ehandle.cpp
         text_message.cpp
         texturescrollmaterialproxy.cpp
         timematerialproxy.cpp
         toggletextureproxy.cpp
         train.cpp
         usercmd.cpp
         usermessages.cpp
         util_shared.cpp
         vehicle_viewblend_shared.cpp
         vgui_avatarimage.cpp
         vgui_basepanel.cpp
         vgui_bitmapbutton.cpp
         vgui_bitmapimage.cpp
         vgui_bitmappanel.cpp
         vgui_centerstringpanel.cpp
         vgui_consolepanel.cpp
         vgui_debugoverlaypanel.cpp
         vgui_fpspanel.cpp
         vgui_game_viewport.cpp
         vgui_grid.cpp
         vgui_int.cpp
         vgui_loadingdiscpanel.cpp
         vgui_messagechars.cpp
         vgui_netgraphpanel.cpp
         vgui_schemevisualizer.cpp
         vgui_slideshow_display_screen.cpp
         vgui_video.cpp
         vgui_video_player.cpp
         view.cpp
         view_beams.cpp
         view_effects.cpp
         view_scene.cpp
         viewangleanim.cpp
         ViewConeImage.cpp
         viewdebug.cpp
         viewpostprocess.cpp
         viewrender.cpp
         voice_banmgr.cpp
         voice_status.cpp
         warp_overlay.cpp
         WaterLODMaterialProxy.cpp
         weapon_parse.cpp
         weapon_selection.cpp
         weapons_resource.cpp
         WorldDimsProxy.cpp
         basemodel_panel.cpp
         basemodelpanel.cpp
         baseviewport.cpp
         ClassMenu.cpp
         ClientScoreBoardDialog.cpp
         commandmenu.cpp
         IconPanel.cpp
         intromenu.cpp
         MapOverview.cpp
         NavProgress.cpp
         SpectatorGUI.cpp
         teammenu.cpp
         vguitextwindow.cpp
         c_sdk_env_sparkler.cpp
         c_te_firebullets.cpp
         clientmode_sdk.cpp
         sdk_in_main.cpp
         sdk_prediction.cpp
         sdk_shareddefs.cpp
         sdk_usermessages.cpp
         sdk_backgroundpanel.cpp
         sdk_classmenu.cpp
         sdk_scoreboard.cpp
         sdk_spectatorgui.cpp
         sdk_teammenu.cpp
         sdk_textwindow.cpp
         sdkviewport.cpp
         vgui_rootpanel_sdk.cpp
         hud_sdkdeathnotice.cpp
         sdk_hud_ammo.cpp
         sdk_hud_armor.cpp
         sdk_hud_chat.cpp
         sdk_hud_damage.cpp
         sdk_hud_health.cpp
         sdk_hud_message.cpp
         sdk_hud_stamina.cpp
         sdk_hud_targetid.cpp
         sdk_hud_weaponselection.cpp
         multiplayer_animstate.cpp
         c_sdk_player.cpp
         c_sdk_player_resource.cpp
         sdk_gamemovement.cpp
         sdk_player_shared.cpp
         sdk_playeranimstate.cpp
         sdk_playerclass_info_parse.cpp
         c_sdk_team.cpp
         sdk_gamerules.cpp
         sdk_basegrenade_projectile.cpp
         sdk_fx_impacts.cpp
         sdk_fx_shared.cpp
         sdk_fx_tracers.cpp
         sdk_fx_weaponfx.cpp
         sdk_weapon_melee.cpp
         sdk_weapon_parse.cpp
         weapon_basesdkgrenade.cpp
         weapon_crowbar.cpp
         weapon_grenade.cpp
         weapon_mp5.cpp
         weapon_pistol.cpp
         weapon_sdkbase.cpp
         weapon_shotgun.cpp
         in_sixense.cpp
         in_sixense_gesture_bindings.cpp
         sixense_convars.cpp
         c_basetempentity.cpp
         c_effects.cpp
         c_impact_effects.cpp
         c_movie_explosion.cpp
         c_particle_fire.cpp
         c_particle_smokegrenade.cpp
         c_prop_vehicle.cpp
         c_recipientfilter.cpp
         c_smoke_trail.cpp
         c_smokestack.cpp
         c_steamjet.cpp
         c_stickybolt.cpp
         c_te.cpp
         c_te_armorricochet.cpp
         c_te_basebeam.cpp
         c_te_beamentpoint.cpp
         c_te_beaments.cpp
         c_te_beamfollow.cpp
         c_te_beamlaser.cpp
         c_te_beampoints.cpp
         c_te_beamring.cpp
         c_te_beamringpoint.cpp
         c_te_beamspline.cpp
         c_te_bloodsprite.cpp
         c_te_bloodstream.cpp
         c_te_breakmodel.cpp
         c_te_bspdecal.cpp
         c_te_bubbles.cpp
         c_te_bubbletrail.cpp
         c_te_clientprojectile.cpp
         c_te_decal.cpp
         c_te_dynamiclight.cpp
         c_te_effect_dispatch.cpp
         c_te_energysplash.cpp
         c_te_explosion.cpp
         c_te_fizz.cpp
         c_te_footprint.cpp
         c_te_glassshatter.cpp
         c_te_glowsprite.cpp
         c_te_impact.cpp
         c_te_killplayerattachments.cpp
         c_te_largefunnel.cpp
         c_te_legacytempents.cpp
         c_te_muzzleflash.cpp
         c_te_particlesystem.cpp
         c_te_physicsprop.cpp
         c_te_playerdecal.cpp
         c_te_projecteddecal.cpp
         c_te_showline.cpp
         c_te_smoke.cpp
         c_te_sparks.cpp
         c_te_sprite.cpp
         c_te_spritespray.cpp
         c_te_worlddecal.cpp
         c_testtraceline.cpp
         c_tracer.cpp
         fx.cpp
         fx_discreetline.cpp
         fx_envelope.cpp
         fx_line.cpp
         fx_sparks.cpp
         particlesphererenderer.cpp
         smoke_fog_overlay.cpp
         bonelist.cpp
         entity_client_tools.cpp
         toolframework_client.cpp
         C:\Program Files (x86)\Microsoft Visual Studio 12.0\VC\bin\CL.exe /c /I.\ /I..\..\common /I..\..\public /I..\..\public\tier0 /I..\..\public\tier1 /I..\..\game\client\generated_proto_mod_sdk /I"..\..\thirdparty\protobuf-2.3.0\src" /I..\..\vgui2\include /I..\..\vgui2\controls /I..\..\game\shared /I.\game_controls /I..\..\thirdparty\sixensesdk\include /I.\sdk /I.\sdk\vgui /I..\..\game\shared\sdk /I..\..\game\shared\Multiplayer /ZI /nologo /W4 /WX /MP /Od /Oy- /D VPC /D RAD_TELEMETRY_DISABLED /D _HAS_ITERATOR_DEBUGGING=0 /D WIN32 /D _WIN32 /D _DEBUG /D DEBUG /D _WINDOWS /D _USRDLL /D _CRT_SECURE_NO_DEPRECATE /D _CRT_NONSTDC_NO_DEPRECATE /D _ALLOW_RUNTIME_LIBRARY_MISMATCH /D _ALLOW_ITERATOR_DEBUG_LEVEL_MISMATCH /D _ALLOW_MSC_VER_MISMATCH /D _USING_V110_SDK71_ /D _WINDLL /D _MBCS /D COMPILER_MSVC32 /D COMPILER_MSVC32 /D COMPILER_MSVC /D _DLL_EXT=.dll /D DLLNAME=client /D BINK_VIDEO /D AVI_VIDEO /D WMV_VIDEO /D DEV_BUILD /D FRAME_POINTER_OMISSION_DISABLED /D NO_STRING_T /D CLIENT_DLL /D VECTOR /D VERSION_SAFE_STEAM_API_INTERFACES /D PROTECTED_THINGS_ENABLE /D strncpy=use_Q_strncpy_instead /D _snprintf=use_Q_snprintf_instead /D fopen=dont_use_fopen /D SDK_DLL /D _EXTERNAL_DLL_EXT=.dll /D VPCGAMECAPS=SDK /D "PROJECTDIR=C:\Users\taz-e\Desktop\Src_code\source-sdk-2013-template-master\mp\src\game\client" /D _DLL_EXT=.dll /D SOURCE1=1 /D VPCGAME=sdk /GF /Gm- /MTd /GS /arch:SSE /fp:fast /Zc:wchar_t /Zc:forScope /GR /Fo".\Debug_mod_sdk\/" /Fd".\Debug_mod_sdk\/vc120.pdb" /Gd /TP /wd4316 /analyze- /FC /errorReport:prompt /Zm200 /Gw /Zc:inline ..\..\public\bone_setup.cpp ..\..\public\client_class.cpp ..\..\public\collisionutils.cpp ..\..\common\compiledcaptionswap.cpp ..\..\public\crtmemdebug.cpp ..\..\public\dt_recv.cpp ..\..\public\dt_utlvector_common.cpp ..\..\public\dt_utlvector_recv.cpp ..\..\public\filesystem_helpers.cpp hud_lcd.cpp in_mouse.cpp ..\..\public\interpolatortypes.cpp ..\..\game\shared\interval.cpp ..\..\public\jigglebones.cpp ..\..\common\language.cpp ..\..\public\tier0\memoverride.cpp mumble.cpp ..\..\public\networkvar.cpp ..\..\public\posedebugger.cpp ..\..\common\randoverride.cpp ..\..\public\renamed_recvtable_compat.cpp rendertexture.cpp ..\..\public\rope_physics.cpp ..\..\public\scratchpad3d.cpp ..\..\public\ScratchPadUtils.cpp ..\..\public\sentence.cpp ..\..\game\shared\sheetsimulator.cpp ..\..\public\simple_physics.cpp ..\..\public\stringregistry.cpp ..\..\public\studio.cpp ..\..\public\vallocator.cpp ..\..\public\vgui_controls\vgui_controls.cpp
         bone_setup.cpp
         client_class.cpp
         collisionutils.cpp
         compiledcaptionswap.cpp
         crtmemdebug.cpp
         dt_recv.cpp
         dt_utlvector_common.cpp
         dt_utlvector_recv.cpp
         filesystem_helpers.cpp
         hud_lcd.cpp
         in_mouse.cpp
         interpolatortypes.cpp
         interval.cpp
         jigglebones.cpp
         language.cpp
         memoverride.cpp
         mumble.cpp
         networkvar.cpp
         posedebugger.cpp
         randoverride.cpp
         renamed_recvtable_compat.cpp
         rendertexture.cpp
         rope_physics.cpp
         scratchpad3d.cpp
         ScratchPadUtils.cpp
         sentence.cpp
         sheetsimulator.cpp
         simple_physics.cpp
         stringregistry.cpp
         studio.cpp
         vallocator.cpp
         vgui_controls.cpp
       Link:
         C:\Program Files (x86)\Microsoft Visual Studio 12.0\VC\bin\link.exe /ERRORREPORT:PROMPT /OUT:".\Debug_mod_sdk\\client.dll" /INCREMENTAL /NOLOGO /LIBPATH:..\..\lib\common\. /LIBPATH:..\..\lib\public\. shell32.lib user32.lib advapi32.lib gdi32.lib comdlg32.lib ole32.lib winmm.lib /NODEFAULTLIB:libc /NODEFAULTLIB:libcd /NODEFAULTLIB:libcmt /NODEFAULTLIB:libcpmt /NODEFAULTLIB:libcpmt1 /MANIFEST:NO /DEBUG /PDB:".\Debug_mod_sdk\/client.pdb" /SUBSYSTEM:WINDOWS,"5.01" /TLBID:1 /DYNAMICBASE:NO /NXCOMPAT /MACHINE:X86 /SAFESEH:NO  /ignore:4221 /DLL .\Debug_mod_sdk\\pointeroverride.obj
         .\Debug_mod_sdk\/mp3player.obj
         .\Debug_mod_sdk\/cdll_replay.obj
         .\Debug_mod_sdk\/replaycamera.obj
         .\Debug_mod_sdk\/achievement_notification_panel.obj
         .\Debug_mod_sdk\/achievement_saverestore.obj
         .\Debug_mod_sdk\/achievementmgr.obj
         .\Debug_mod_sdk\/activitylist.obj
         .\Debug_mod_sdk\/alphamaterialproxy.obj
         .\Debug_mod_sdk\/ammodef.obj
         .\Debug_mod_sdk\/animatedentitytextureproxy.obj
         .\Debug_mod_sdk\/animatedoffsettextureproxy.obj
         .\Debug_mod_sdk\/animatedtextureproxy.obj
         .\Debug_mod_sdk\/AnimateSpecificTextureProxy.obj
         .\Debug_mod_sdk\/animation.obj
         .\Debug_mod_sdk\/base_playeranimstate.obj
         .\Debug_mod_sdk\/baseachievement.obj
         .\Debug_mod_sdk\/baseanimatedtextureproxy.obj
         .\Debug_mod_sdk\/baseclientrendertargets.obj
         .\Debug_mod_sdk\/basecombatcharacter_shared.obj
         .\Debug_mod_sdk\/basecombatweapon_shared.obj
         .\Debug_mod_sdk\/baseentity_shared.obj
         .\Debug_mod_sdk\/basegrenade_shared.obj
         .\Debug_mod_sdk\/baseparticleentity.obj
         .\Debug_mod_sdk\/baseplayer_shared.obj
         .\Debug_mod_sdk\/basepresence.obj
         .\Debug_mod_sdk\/baseprojectile.obj
         .\Debug_mod_sdk\/baseviewmodel_shared.obj
         .\Debug_mod_sdk\/beam_shared.obj
         .\Debug_mod_sdk\/beamdraw.obj
         .\Debug_mod_sdk\/bone_accessor.obj
         .\Debug_mod_sdk\/bone_merge_cache.obj
         .\Debug_mod_sdk\/bone_setup.obj
         .\Debug_mod_sdk\/c_ai_basehumanoid.obj
         .\Debug_mod_sdk\/c_ai_basenpc.obj
         .\Debug_mod_sdk\/c_baseanimating.obj
         .\Debug_mod_sdk\/c_baseanimatingoverlay.obj
         .\Debug_mod_sdk\/c_basecombatcharacter.obj
         .\Debug_mod_sdk\/c_basecombatweapon.obj
         .\Debug_mod_sdk\/c_basedoor.obj
         .\Debug_mod_sdk\/c_baseentity.obj
         .\Debug_mod_sdk\/c_baseflex.obj
         .\Debug_mod_sdk\/c_baseplayer.obj
         .\Debug_mod_sdk\/c_baseviewmodel.obj
         .\Debug_mod_sdk\/c_breakableprop.obj
         .\Debug_mod_sdk\/c_colorcorrection.obj
         .\Debug_mod_sdk\/c_colorcorrectionvolume.obj
         .\Debug_mod_sdk\/c_dynamiclight.obj
         .\Debug_mod_sdk\/c_entitydissolve.obj
         .\Debug_mod_sdk\/c_entityparticletrail.obj
         .\Debug_mod_sdk\/c_env_fog_controller.obj
         .\Debug_mod_sdk\/c_env_particlescript.obj
         .\Debug_mod_sdk\/c_env_projectedtexture.obj
         .\Debug_mod_sdk\/c_env_screenoverlay.obj
         .\Debug_mod_sdk\/c_env_tonemap_controller.obj
         .\Debug_mod_sdk\/c_fire_smoke.obj
         .\Debug_mod_sdk\/c_fish.obj
         .\Debug_mod_sdk\/c_func_areaportalwindow.obj
         .\Debug_mod_sdk\/c_func_breakablesurf.obj
         .\Debug_mod_sdk\/c_func_conveyor.obj
         .\Debug_mod_sdk\/c_func_dust.obj
         .\Debug_mod_sdk\/c_func_lod.obj
         .\Debug_mod_sdk\/C_Func_Monitor.obj
         .\Debug_mod_sdk\/c_func_occluder.obj
         .\Debug_mod_sdk\/c_func_reflective_glass.obj
         .\Debug_mod_sdk\/c_func_rotating.obj
         .\Debug_mod_sdk\/c_func_smokevolume.obj
         .\Debug_mod_sdk\/c_func_tracktrain.obj
         .\Debug_mod_sdk\/c_gib.obj
         .\Debug_mod_sdk\/c_hairball.obj
         .\Debug_mod_sdk\/c_info_overlay_accessor.obj
         .\Debug_mod_sdk\/c_lightglow.obj
         .\Debug_mod_sdk\/C_MaterialModifyControl.obj
         .\Debug_mod_sdk\/c_particle_system.obj
         .\Debug_mod_sdk\/c_physbox.obj
         .\Debug_mod_sdk\/c_physicsprop.obj
         .\Debug_mod_sdk\/c_physmagnet.obj
         .\Debug_mod_sdk\/c_pixel_visibility.obj
         .\Debug_mod_sdk\/c_plasma.obj
         .\Debug_mod_sdk\/c_playerresource.obj
         .\Debug_mod_sdk\/c_point_camera.obj
         .\Debug_mod_sdk\/c_point_commentary_node.obj
         .\Debug_mod_sdk\/c_props.obj
         .\Debug_mod_sdk\/c_ragdoll_manager.obj
         .\Debug_mod_sdk\/c_rope.obj
         .\Debug_mod_sdk\/c_rumble.obj
         .\Debug_mod_sdk\/c_sceneentity.obj
         .\Debug_mod_sdk\/c_shadowcontrol.obj
         .\Debug_mod_sdk\/c_slideshow_display.obj
         .\Debug_mod_sdk\/c_soundscape.obj
         .\Debug_mod_sdk\/c_spotlight_end.obj
         .\Debug_mod_sdk\/c_sprite.obj
         .\Debug_mod_sdk\/c_sprite_perfmonitor.obj
         .\Debug_mod_sdk\/c_sun.obj
         .\Debug_mod_sdk\/c_team.obj
         .\Debug_mod_sdk\/c_team_objectiveresource.obj
         .\Debug_mod_sdk\/c_team_train_watcher.obj
         .\Debug_mod_sdk\/c_tesla.obj
         .\Debug_mod_sdk\/c_test_proxytoggle.obj
         .\Debug_mod_sdk\/c_user_message_register.obj
         .\Debug_mod_sdk\/c_vehicle_choreo_generic.obj
         .\Debug_mod_sdk\/c_vehicle_jeep.obj
         .\Debug_mod_sdk\/c_vguiscreen.obj
         .\Debug_mod_sdk\/c_vote_controller.obj
         .\Debug_mod_sdk\/c_waterbullet.obj
         .\Debug_mod_sdk\/C_WaterLODControl.obj
         .\Debug_mod_sdk\/c_world.obj
         .\Debug_mod_sdk\/cam_thirdperson.obj
         .\Debug_mod_sdk\/camomaterialproxy.obj
         .\Debug_mod_sdk\/cdll_bounded_cvars.obj
         .\Debug_mod_sdk\/cdll_client_int.obj
         .\Debug_mod_sdk\/cdll_util.obj
         .\Debug_mod_sdk\/cl_mat_stub.obj
         .\Debug_mod_sdk\/classmap.obj
         .\Debug_mod_sdk\/client_class.obj
         .\Debug_mod_sdk\/client_factorylist.obj
         .\Debug_mod_sdk\/client_thinklist.obj
         .\Debug_mod_sdk\/client_virtualreality.obj
         .\Debug_mod_sdk\/clienteffectprecachesystem.obj
         .\Debug_mod_sdk\/cliententitylist.obj
         .\Debug_mod_sdk\/clientleafsystem.obj
         .\Debug_mod_sdk\/clientmode_shared.obj
         .\Debug_mod_sdk\/clientshadowmgr.obj
         .\Debug_mod_sdk\/clientsideeffects.obj
         .\Debug_mod_sdk\/clientsideeffects_test.obj
         .\Debug_mod_sdk\/clientsteamcontext.obj
         .\Debug_mod_sdk\/collisionproperty.obj
         .\Debug_mod_sdk\/collisionutils.obj
         .\Debug_mod_sdk\/colorcorrectionmgr.obj
         .\Debug_mod_sdk\/commentary_modelviewer.obj
         .\Debug_mod_sdk\/compiledcaptionswap.obj
         .\Debug_mod_sdk\/crtmemdebug.obj
         .\Debug_mod_sdk\/death_pose.obj
         .\Debug_mod_sdk\/debugoverlay_shared.obj
         .\Debug_mod_sdk\/decals.obj
         .\Debug_mod_sdk\/detailobjectsystem.obj
         .\Debug_mod_sdk\/dt_recv.obj
         .\Debug_mod_sdk\/dt_utlvector_common.obj
         .\Debug_mod_sdk\/dt_utlvector_recv.obj
         .\Debug_mod_sdk\/dummyproxy.obj
         .\Debug_mod_sdk\/effect_dispatch_data.obj
         .\Debug_mod_sdk\/EffectsClient.obj
         .\Debug_mod_sdk\/ehandle.obj
         .\Debug_mod_sdk\/entitylist_base.obj
         .\Debug_mod_sdk\/entityoriginmaterialproxy.obj
         .\Debug_mod_sdk\/EntityParticleTrail_Shared.obj
         .\Debug_mod_sdk\/env_detail_controller.obj
         .\Debug_mod_sdk\/env_wind_shared.obj
         .\Debug_mod_sdk\/eventlist.obj
         .\Debug_mod_sdk\/filesystem_helpers.obj
         .\Debug_mod_sdk\/flashlighteffect.obj
         .\Debug_mod_sdk\/func_ladder.obj
         .\Debug_mod_sdk\/functionproxy.obj
         .\Debug_mod_sdk\/fx_blood.obj
         .\Debug_mod_sdk\/fx_cube.obj
         .\Debug_mod_sdk\/fx_explosion.obj
         .\Debug_mod_sdk\/fx_fleck.obj
         .\Debug_mod_sdk\/fx_impact.obj
         .\Debug_mod_sdk\/fx_interpvalue.obj
         .\Debug_mod_sdk\/fx_quad.obj
         .\Debug_mod_sdk\/fx_shelleject.obj
         .\Debug_mod_sdk\/fx_staticline.obj
         .\Debug_mod_sdk\/fx_tracer.obj
         .\Debug_mod_sdk\/fx_trail.obj
         .\Debug_mod_sdk\/fx_water.obj
         .\Debug_mod_sdk\/gamemovement.obj
         .\Debug_mod_sdk\/gamerules.obj
         .\Debug_mod_sdk\/gamerules_register.obj
         .\Debug_mod_sdk\/GameStats.obj
         .\Debug_mod_sdk\/gamestringpool.obj
         .\Debug_mod_sdk\/gametrace_client.obj
         .\Debug_mod_sdk\/gamevars_shared.obj
         .\Debug_mod_sdk\/geiger.obj
         .\Debug_mod_sdk\/glow_outline_effect.obj
         .\Debug_mod_sdk\/glow_overlay.obj
         .\Debug_mod_sdk\/haptic_msgs.obj
         .\Debug_mod_sdk\/haptic_utils.obj
         .\Debug_mod_sdk\/hintmessage.obj
         .\Debug_mod_sdk\/hintsystem.obj
         .\Debug_mod_sdk\/history_resource.obj
         .\Debug_mod_sdk\/hltvcamera.obj
         .\Debug_mod_sdk\/hud.obj
         .\Debug_mod_sdk\/hud_animationinfo.obj
         .\Debug_mod_sdk\/hud_basechat.obj
         .\Debug_mod_sdk\/hud_basedeathnotice.obj
         .\Debug_mod_sdk\/hud_basetimer.obj
         .\Debug_mod_sdk\/hud_bitmapnumericdisplay.obj
         .\Debug_mod_sdk\/hud_closecaption.obj
         .\Debug_mod_sdk\/hud_crosshair.obj
         .\Debug_mod_sdk\/hud_element_helper.obj
         .\Debug_mod_sdk\/hud_hintdisplay.obj
         .\Debug_mod_sdk\/hud_lcd.obj
         .\Debug_mod_sdk\/hud_msg.obj
         .\Debug_mod_sdk\/hud_numericdisplay.obj
         .\Debug_mod_sdk\/hud_pdump.obj
         .\Debug_mod_sdk\/hud_redraw.obj
         .\Debug_mod_sdk\/hud_vehicle.obj
         .\Debug_mod_sdk\/hud_voicestatus.obj
         .\Debug_mod_sdk\/hud_weapon.obj
         .\Debug_mod_sdk\/igamesystem.obj
         .\Debug_mod_sdk\/in_camera.obj
         .\Debug_mod_sdk\/in_joystick.obj
         .\Debug_mod_sdk\/in_main.obj
         .\Debug_mod_sdk\/in_mouse.obj
         .\Debug_mod_sdk\/initializer.obj
         .\Debug_mod_sdk\/interpolatedvar.obj
         .\Debug_mod_sdk\/interpolatortypes.obj
         .\Debug_mod_sdk\/interval.obj
         .\Debug_mod_sdk\/IsNPCProxy.obj
         .\Debug_mod_sdk\/jigglebones.obj
         .\Debug_mod_sdk\/lampbeamproxy.obj
         .\Debug_mod_sdk\/lamphaloproxy.obj
         .\Debug_mod_sdk\/language.obj
         .\Debug_mod_sdk\/mapentities_shared.obj
         .\Debug_mod_sdk\/mathproxy.obj
         .\Debug_mod_sdk\/matrixproxy.obj
         .\Debug_mod_sdk\/memoverride.obj
         .\Debug_mod_sdk\/menu.obj
         .\Debug_mod_sdk\/message.obj
         .\Debug_mod_sdk\/movehelper_client.obj
         .\Debug_mod_sdk\/movevars_shared.obj
         .\Debug_mod_sdk\/mp_shareddefs.obj
         .\Debug_mod_sdk\/multiplay_gamerules.obj
         .\Debug_mod_sdk\/mumble.obj
         .\Debug_mod_sdk\/networkvar.obj
         .\Debug_mod_sdk\/obstacle_pushaway.obj
         .\Debug_mod_sdk\/panelmetaclassmgr.obj
         .\Debug_mod_sdk\/particle_collision.obj
         .\Debug_mod_sdk\/particle_litsmokeemitter.obj
         .\Debug_mod_sdk\/particle_parse.obj
         .\Debug_mod_sdk\/particle_property.obj
         .\Debug_mod_sdk\/particle_proxies.obj
         .\Debug_mod_sdk\/particle_simple3d.obj
         .\Debug_mod_sdk\/particlemgr.obj
         .\Debug_mod_sdk\/particles_attractor.obj
         .\Debug_mod_sdk\/particles_ez.obj
         .\Debug_mod_sdk\/particles_localspace.obj
         .\Debug_mod_sdk\/particles_new.obj
         .\Debug_mod_sdk\/particles_simple.obj
         .\Debug_mod_sdk\/particlesystemquery.obj
         .\Debug_mod_sdk\/perfvisualbenchmark.obj
         .\Debug_mod_sdk\/physics.obj
         .\Debug_mod_sdk\/physics_main_client.obj
         .\Debug_mod_sdk\/physics_main_shared.obj
         .\Debug_mod_sdk\/physics_saverestore.obj
         .\Debug_mod_sdk\/physics_shared.obj
         .\Debug_mod_sdk\/physpropclientside.obj
         .\Debug_mod_sdk\/playerandobjectenumerator.obj
         .\Debug_mod_sdk\/playerclass_info_parse.obj
         .\Debug_mod_sdk\/playerspawncache.obj
         .\Debug_mod_sdk\/point_bonusmaps_accessor.obj
         .\Debug_mod_sdk\/point_posecontroller.obj
         .\Debug_mod_sdk\/posedebugger.obj
         .\Debug_mod_sdk\/precache_register.obj
         .\Debug_mod_sdk\/predictableid.obj
         .\Debug_mod_sdk\/predicted_viewmodel.obj
         .\Debug_mod_sdk\/prediction.obj
         .\Debug_mod_sdk\/predictioncopy.obj
         .\Debug_mod_sdk\/props_shared.obj
         .\Debug_mod_sdk\/proxyentity.obj
         .\Debug_mod_sdk\/ProxyHealth.obj
         .\Debug_mod_sdk\/proxyplayer.obj
         .\Debug_mod_sdk\/proxypupil.obj
         .\Debug_mod_sdk\/ragdoll.obj
         .\Debug_mod_sdk\/ragdoll_shared.obj
         .\Debug_mod_sdk\/randoverride.obj
         .\Debug_mod_sdk\/recvproxy.obj
         .\Debug_mod_sdk\/renamed_recvtable_compat.obj
         .\Debug_mod_sdk\/rendertexture.obj
         .\Debug_mod_sdk\/rope_helpers.obj
         .\Debug_mod_sdk\/rope_physics.obj
         .\Debug_mod_sdk\/saverestore.obj
         .\Debug_mod_sdk\/sceneentity_shared.obj
         .\Debug_mod_sdk\/scratchpad3d.obj
         .\Debug_mod_sdk\/ScratchPadUtils.obj
         .\Debug_mod_sdk\/ScreenSpaceEffects.obj
         .\Debug_mod_sdk\/sentence.obj
         .\Debug_mod_sdk\/sequence_Transitioner.obj
         .\Debug_mod_sdk\/sheetsimulator.obj
         .\Debug_mod_sdk\/simple_keys.obj
         .\Debug_mod_sdk\/simple_physics.obj
         .\Debug_mod_sdk\/simtimer.obj
         .\Debug_mod_sdk\/singleplay_gamerules.obj
         .\Debug_mod_sdk\/SoundEmitterSystem.obj
         .\Debug_mod_sdk\/soundenvelope.obj
         .\Debug_mod_sdk\/SoundParametersInternal.obj
         .\Debug_mod_sdk\/splinepatch.obj
         .\Debug_mod_sdk\/Sprite.obj
         .\Debug_mod_sdk\/spritemodel.obj
         .\Debug_mod_sdk\/SpriteTrail.obj
         .\Debug_mod_sdk\/stringregistry.obj
         .\Debug_mod_sdk\/studio.obj
         .\Debug_mod_sdk\/studio_shared.obj
         .\Debug_mod_sdk\/studio_stats.obj
         .\Debug_mod_sdk\/takedamageinfo.obj
         .\Debug_mod_sdk\/teamplay_gamerules.obj
         .\Debug_mod_sdk\/teamplay_round_timer.obj
         .\Debug_mod_sdk\/teamplayroundbased_gamerules.obj
         .\Debug_mod_sdk\/test_ehandle.obj
         .\Debug_mod_sdk\/text_message.obj
         .\Debug_mod_sdk\/texturescrollmaterialproxy.obj
         .\Debug_mod_sdk\/timematerialproxy.obj
         .\Debug_mod_sdk\/toggletextureproxy.obj
         .\Debug_mod_sdk\/train.obj
         .\Debug_mod_sdk\/usercmd.obj
         .\Debug_mod_sdk\/usermessages.obj
         .\Debug_mod_sdk\/util_shared.obj
         .\Debug_mod_sdk\/vallocator.obj
         .\Debug_mod_sdk\/vehicle_viewblend_shared.obj
         .\Debug_mod_sdk\/vgui_avatarimage.obj
         .\Debug_mod_sdk\/vgui_basepanel.obj
         .\Debug_mod_sdk\/vgui_bitmapbutton.obj
         .\Debug_mod_sdk\/vgui_bitmapimage.obj
         .\Debug_mod_sdk\/vgui_bitmappanel.obj
         .\Debug_mod_sdk\/vgui_centerstringpanel.obj
         .\Debug_mod_sdk\/vgui_consolepanel.obj
         .\Debug_mod_sdk\/vgui_controls.obj
         .\Debug_mod_sdk\/vgui_debugoverlaypanel.obj
         .\Debug_mod_sdk\/vgui_fpspanel.obj
         .\Debug_mod_sdk\/vgui_game_viewport.obj
         .\Debug_mod_sdk\/vgui_grid.obj
         .\Debug_mod_sdk\/vgui_int.obj
         .\Debug_mod_sdk\/vgui_loadingdiscpanel.obj
         .\Debug_mod_sdk\/vgui_messagechars.obj
         .\Debug_mod_sdk\/vgui_netgraphpanel.obj
         .\Debug_mod_sdk\/vgui_schemevisualizer.obj
         .\Debug_mod_sdk\/vgui_slideshow_display_screen.obj
         .\Debug_mod_sdk\/vgui_video.obj
         .\Debug_mod_sdk\/vgui_video_player.obj
         .\Debug_mod_sdk\/view.obj
         .\Debug_mod_sdk\/view_beams.obj
         .\Debug_mod_sdk\/view_effects.obj
         .\Debug_mod_sdk\/view_scene.obj
         .\Debug_mod_sdk\/viewangleanim.obj
         .\Debug_mod_sdk\/ViewConeImage.obj
         .\Debug_mod_sdk\/viewdebug.obj
         .\Debug_mod_sdk\/viewpostprocess.obj
         .\Debug_mod_sdk\/viewrender.obj
         .\Debug_mod_sdk\/voice_banmgr.obj
         .\Debug_mod_sdk\/voice_status.obj
         .\Debug_mod_sdk\/warp_overlay.obj
         .\Debug_mod_sdk\/WaterLODMaterialProxy.obj
         .\Debug_mod_sdk\/weapon_parse.obj
         .\Debug_mod_sdk\/weapon_selection.obj
         .\Debug_mod_sdk\/weapons_resource.obj
         .\Debug_mod_sdk\/WorldDimsProxy.obj
         .\Debug_mod_sdk\/basemodel_panel.obj
         .\Debug_mod_sdk\/basemodelpanel.obj
         .\Debug_mod_sdk\/baseviewport.obj
         .\Debug_mod_sdk\/ClassMenu.obj
         .\Debug_mod_sdk\/ClientScoreBoardDialog.obj
         .\Debug_mod_sdk\/commandmenu.obj
         .\Debug_mod_sdk\/IconPanel.obj
         .\Debug_mod_sdk\/intromenu.obj
         .\Debug_mod_sdk\/MapOverview.obj
         .\Debug_mod_sdk\/NavProgress.obj
         .\Debug_mod_sdk\/SpectatorGUI.obj
         .\Debug_mod_sdk\/teammenu.obj
         .\Debug_mod_sdk\/vguitextwindow.obj
         .\Debug_mod_sdk\/stdafx.obj
         .\Debug_mod_sdk\/c_sdk_env_sparkler.obj
         .\Debug_mod_sdk\/c_te_firebullets.obj
         .\Debug_mod_sdk\/clientmode_sdk.obj
         .\Debug_mod_sdk\/sdk_in_main.obj
         .\Debug_mod_sdk\/sdk_prediction.obj
         .\Debug_mod_sdk\/sdk_shareddefs.obj
         .\Debug_mod_sdk\/sdk_usermessages.obj
         .\Debug_mod_sdk\/sdk_backgroundpanel.obj
         .\Debug_mod_sdk\/sdk_classmenu.obj
         .\Debug_mod_sdk\/sdk_scoreboard.obj
         .\Debug_mod_sdk\/sdk_spectatorgui.obj
         .\Debug_mod_sdk\/sdk_teammenu.obj
         .\Debug_mod_sdk\/sdk_textwindow.obj
         .\Debug_mod_sdk\/sdkviewport.obj
         .\Debug_mod_sdk\/vgui_rootpanel_sdk.obj
         .\Debug_mod_sdk\/hud_sdkdeathnotice.obj
         .\Debug_mod_sdk\/sdk_hud_ammo.obj
         .\Debug_mod_sdk\/sdk_hud_armor.obj
         .\Debug_mod_sdk\/sdk_hud_chat.obj
         .\Debug_mod_sdk\/sdk_hud_damage.obj
         .\Debug_mod_sdk\/sdk_hud_health.obj
         .\Debug_mod_sdk\/sdk_hud_message.obj
         .\Debug_mod_sdk\/sdk_hud_stamina.obj
         .\Debug_mod_sdk\/sdk_hud_targetid.obj
         .\Debug_mod_sdk\/sdk_hud_weaponselection.obj
         .\Debug_mod_sdk\/multiplayer_animstate.obj
         .\Debug_mod_sdk\/c_sdk_player.obj
         .\Debug_mod_sdk\/c_sdk_player_resource.obj
         .\Debug_mod_sdk\/sdk_gamemovement.obj
         .\Debug_mod_sdk\/sdk_player_shared.obj
         .\Debug_mod_sdk\/sdk_playeranimstate.obj
         .\Debug_mod_sdk\/sdk_playerclass_info_parse.obj
         .\Debug_mod_sdk\/c_sdk_team.obj
         .\Debug_mod_sdk\/sdk_gamerules.obj
         .\Debug_mod_sdk\/sdk_basegrenade_projectile.obj
         .\Debug_mod_sdk\/sdk_fx_impacts.obj
         .\Debug_mod_sdk\/sdk_fx_shared.obj
         .\Debug_mod_sdk\/sdk_fx_tracers.obj
         .\Debug_mod_sdk\/sdk_fx_weaponfx.obj
         .\Debug_mod_sdk\/sdk_weapon_melee.obj
         .\Debug_mod_sdk\/sdk_weapon_parse.obj
         .\Debug_mod_sdk\/weapon_basesdkgrenade.obj
         .\Debug_mod_sdk\/weapon_crowbar.obj
         .\Debug_mod_sdk\/weapon_grenade.obj
         .\Debug_mod_sdk\/weapon_mp5.obj
         .\Debug_mod_sdk\/weapon_pistol.obj
         .\Debug_mod_sdk\/weapon_sdkbase.obj
         .\Debug_mod_sdk\/weapon_shotgun.obj
         .\Debug_mod_sdk\/in_sixense.obj
         .\Debug_mod_sdk\/in_sixense_gesture_bindings.obj
         .\Debug_mod_sdk\/sixense_convars.obj
         .\Debug_mod_sdk\/c_basetempentity.obj
         .\Debug_mod_sdk\/c_effects.obj
         .\Debug_mod_sdk\/c_impact_effects.obj
         .\Debug_mod_sdk\/c_movie_explosion.obj
         .\Debug_mod_sdk\/c_particle_fire.obj
         .\Debug_mod_sdk\/c_particle_smokegrenade.obj
         .\Debug_mod_sdk\/c_prop_vehicle.obj
         .\Debug_mod_sdk\/c_recipientfilter.obj
         .\Debug_mod_sdk\/c_smoke_trail.obj
         .\Debug_mod_sdk\/c_smokestack.obj
         .\Debug_mod_sdk\/c_steamjet.obj
         .\Debug_mod_sdk\/c_stickybolt.obj
         .\Debug_mod_sdk\/c_te.obj
         .\Debug_mod_sdk\/c_te_armorricochet.obj
         .\Debug_mod_sdk\/c_te_basebeam.obj
         .\Debug_mod_sdk\/c_te_beamentpoint.obj
         .\Debug_mod_sdk\/c_te_beaments.obj
         .\Debug_mod_sdk\/c_te_beamfollow.obj
         .\Debug_mod_sdk\/c_te_beamlaser.obj
         .\Debug_mod_sdk\/c_te_beampoints.obj
         .\Debug_mod_sdk\/c_te_beamring.obj
         .\Debug_mod_sdk\/c_te_beamringpoint.obj
         .\Debug_mod_sdk\/c_te_beamspline.obj
         .\Debug_mod_sdk\/c_te_bloodsprite.obj
         .\Debug_mod_sdk\/c_te_bloodstream.obj
         .\Debug_mod_sdk\/c_te_breakmodel.obj
         .\Debug_mod_sdk\/c_te_bspdecal.obj
         .\Debug_mod_sdk\/c_te_bubbles.obj
         .\Debug_mod_sdk\/c_te_bubbletrail.obj
         .\Debug_mod_sdk\/c_te_clientprojectile.obj
         .\Debug_mod_sdk\/c_te_decal.obj
         .\Debug_mod_sdk\/c_te_dynamiclight.obj
         .\Debug_mod_sdk\/c_te_effect_dispatch.obj
         .\Debug_mod_sdk\/c_te_energysplash.obj
         .\Debug_mod_sdk\/c_te_explosion.obj
         .\Debug_mod_sdk\/c_te_fizz.obj
         .\Debug_mod_sdk\/c_te_footprint.obj
         .\Debug_mod_sdk\/c_te_glassshatter.obj
         .\Debug_mod_sdk\/c_te_glowsprite.obj
         .\Debug_mod_sdk\/c_te_impact.obj
         .\Debug_mod_sdk\/c_te_killplayerattachments.obj
         .\Debug_mod_sdk\/c_te_largefunnel.obj
         .\Debug_mod_sdk\/c_te_legacytempents.obj
         .\Debug_mod_sdk\/c_te_muzzleflash.obj
         .\Debug_mod_sdk\/c_te_particlesystem.obj
         .\Debug_mod_sdk\/c_te_physicsprop.obj
         .\Debug_mod_sdk\/c_te_playerdecal.obj
         .\Debug_mod_sdk\/c_te_projecteddecal.obj
         .\Debug_mod_sdk\/c_te_showline.obj
         .\Debug_mod_sdk\/c_te_smoke.obj
         .\Debug_mod_sdk\/c_te_sparks.obj
         .\Debug_mod_sdk\/c_te_sprite.obj
         .\Debug_mod_sdk\/c_te_spritespray.obj
         .\Debug_mod_sdk\/c_te_worlddecal.obj
         .\Debug_mod_sdk\/c_testtraceline.obj
         .\Debug_mod_sdk\/c_tracer.obj
         .\Debug_mod_sdk\/fx.obj
         .\Debug_mod_sdk\/fx_discreetline.obj
         .\Debug_mod_sdk\/fx_envelope.obj
         .\Debug_mod_sdk\/fx_line.obj
         .\Debug_mod_sdk\/fx_sparks.obj
         .\Debug_mod_sdk\/particlesphererenderer.obj
         .\Debug_mod_sdk\/smoke_fog_overlay.obj
         .\Debug_mod_sdk\/bonelist.obj
         .\Debug_mod_sdk\/entity_client_tools.obj
         .\Debug_mod_sdk\/toolframework_client.obj
         ..\..\lib\public\bitmap.lib
         ..\..\lib\public\choreoobjects.lib
         ..\..\lib\public\dmxloader.lib
         ..\..\lib\common\libcurl.lib
         ..\..\lib\public\libprotobuf.lib
         ..\..\lib\public\libz.lib
         ..\..\lib\public\mathlib.lib
         ..\..\lib\public\matsys_controls.lib
         ..\..\lib\public\particles.lib
         ..\..\lib\public\steam_api.lib
         ..\..\lib\public\tier0.lib
         ..\..\lib\public\tier1.lib
         ..\..\lib\public\tier2.lib
         ..\..\lib\public\tier3.lib
         ..\..\lib\public\vgui_controls.lib
         ..\..\lib\public\vstdlib.lib
         ..\..\lib\public\vtf.lib
            Creating library .\Debug_mod_sdk\\client.lib and object .\Debug_mod_sdk\\client.exp
         client_sdk.vcxproj -> C:\Users\taz-e\Desktop\Src_code\source-sdk-2013-template-master\mp\src\game\client\.\Debug_mod_sdk\client.dll
       PostBuildEvent:
         if not exist "..\..\..\game\mod_sdk\bin\." mkdir "..\..\..\game\mod_sdk\bin\."
         copy "C:\Users\taz-e\Desktop\Src_code\source-sdk-2013-template-master\mp\src\game\client\Debug_mod_sdk\client.dll" "..\..\..\game\mod_sdk\bin\.\client.dll"
         if ERRORLEVEL 1 goto BuildEventFailed
         if exist "C:\Users\taz-e\Desktop\Src_code\source-sdk-2013-template-master\mp\src\game\client\Debug_mod_sdk\client.map" copy "C:\Users\taz-e\Desktop\Src_code\source-sdk-2013-template-master\mp\src\game\client\Debug_mod_sdk\client.map" ..\..\..\game\mod_sdk\bin\.\client.map
         copy "C:\Users\taz-e\Desktop\Src_code\source-sdk-2013-template-master\mp\src\game\client\Debug_mod_sdk\client.pdb" ..\..\..\game\mod_sdk\bin\.\client.pdb
         if ERRORLEVEL 1 goto BuildEventFailed
         goto BuildEventOK
         :BuildEventFailed
         echo *** ERROR! PostBuildStep FAILED for Client (SDK)! EXE or DLL is probably running. ***
         del /q "C:\Users\taz-e\Desktop\Src_code\source-sdk-2013-template-master\mp\src\game\client\Debug_mod_sdk\client.dll"
         exit 1
         :BuildEventOK
         
         :VCEnd
                 1 file(s) copied.
                 1 file(s) copied.
     1>Done Building Project "C:\Users\taz-e\Desktop\Src_code\source-sdk-2013-template-master\mp\src\game\client\client_sdk.vcxproj" (Build target(s)).

Build succeeded.

Time Elapsed 00:02:10.58
